<?xml version="1.0" encoding="UTF-8"?>
<robot generator="Robot 3.2.1 (Python 3.8.5 on win32)" generated="20201009 18:03:29.190" rpa="false">
<suite id="s1" name="SINGLE CPE HYBRID SOLUTION TEST" source="C:\Softwares_mine\Code_base\NOVITAS_SDWAN_AUTOMATION_py3\csit\ROBOT_TESTSUITES\SINGLE_CPE_HYBRID_SOLUTION_TEST.robot">
<kw name="STARTUP" type="setup">
<doc>Make connecection to Versa devices</doc>
<kw name="Login" library="VD1">
<status status="PASS" starttime="20201009 18:04:10.935" endtime="20201009 18:04:21.693"></status>
</kw>
<kw name="Get Data Dict" library="VD1">
<assign>
<var>${VD1}</var>
</assign>
<msg timestamp="20201009 18:04:21.694" level="INFO">${VD1} = {'ndb': {}, 'topofile': 'Devices.yml', 'Device_name': 'POD1_VD1', 'POD': 1, 'device_type': 'versa_director', 'MIN_SW_VERSION': '16.1R2-S9', 'mgmt_ip': '10.91.127.194', 'username': 'Automated', 'passwo...</msg>
<status status="PASS" starttime="20201009 18:04:21.693" endtime="20201009 18:04:21.694"></status>
</kw>
<kw name="Set Suite Variable" library="BuiltIn">
<doc>Makes a variable available everywhere within the scope of the current suite.</doc>
<arguments>
<arg>${VM1}</arg>
</arguments>
<msg timestamp="20201009 18:04:21.695" level="INFO">${VM1} = CPE11_LAN_HOST1</msg>
<status status="PASS" starttime="20201009 18:04:21.694" endtime="20201009 18:04:21.695"></status>
</kw>
<kw name="Set Suite Variable" library="BuiltIn">
<doc>Makes a variable available everywhere within the scope of the current suite.</doc>
<arguments>
<arg>${VM2}</arg>
</arguments>
<msg timestamp="20201009 18:04:21.696" level="INFO">${VM2} = CPE12_LAN_HOST1</msg>
<status status="PASS" starttime="20201009 18:04:21.695" endtime="20201009 18:04:21.696"></status>
</kw>
<kw name="Cross Login" library="CPE1">
<msg timestamp="20201009 18:04:53.087" level="INFO">ssh admin@20.20.90.11
admin@20.20.90.11's password: 

             .---.,
            (      ``.
       _     \        )    __      ________ _____   _____
      (  `.   \      /     \ \    / /  ____|  __ \ / ____|  /\
       \    `. )    /       \ \  / /| |__  | |__) | (___   /  \
        \     |    /         \ \/ / |  __| |  _  / \___ \ / /\ \
         \    |   /           \  /  | |____| | \ \ ____) / ____ \
          \   |  /             \/   |______|_|  \_\_____/_/    \_\
           \  | /
            \_|/                     ___ _    _____  ___   ___  _ ___
                                    | __| |  | __\ \/ | \ / / \| | __|
                                    | _|| |__| _| &gt;  &lt; \ V /| .` | _|
                                    |_| |____|___/_/\_\ \_/ |_|\_|_|


Versa FlexVNF software
Release     :	16.1R2 (S9)
Release date:	20190628
Package ID  :	80561de	

Last login: Fri Oct  9 11:55:11 2020 from 10.92.116.67
admin@CPE11-HKG-HYBRD-IPC00190:~$ 
doing redispatch
set idle-timeout 0
[ok][2020-10-09 12:27:18]
admin@CPE11-HKG-HYBRD-IPC00190-cli&gt;</msg>
<status status="PASS" starttime="20201009 18:04:21.696" endtime="20201009 18:04:53.088"></status>
</kw>
<kw name="Cross Login" library="CPE2">
<msg timestamp="20201009 18:05:24.393" level="INFO">ssh admin@20.20.90.12
admin@20.20.90.12's password: 

             .---.,
            (      ``.
       _     \        )    __      ________ _____   _____
      (  `.   \      /     \ \    / /  ____|  __ \ / ____|  /\
       \    `. )    /       \ \  / /| |__  | |__) | (___   /  \
        \     |    /         \ \/ / |  __| |  _  / \___ \ / /\ \
         \    |   /           \  /  | |____| | \ \ ____) / ____ \
          \   |  /             \/   |______|_|  \_\_____/_/    \_\
           \  | /
            \_|/                     ___ _    _____  ___   ___  _ ___
                                    | __| |  | __\ \/ | \ / / \| | __|
                                    | _|| |__| _| &gt;  &lt; \ V /| .` | _|
                                    |_| |____|___/_/\_\ \_/ |_|\_|_|


Versa FlexVNF software
Release     :	16.1R2 (S9)
Release date:	20190628
Package ID  :	80561de	

Last login: Fri Oct  9 11:55:27 2020 from 10.92.116.67
admin@CPE12-HKG-HYBRD-IPC00190:~$ 
doing redispatch
set idle-timeout 0
[ok][2020-10-09 12:27:34]
admin@CPE12-HKG-HYBRD-IPC00190-cli&gt;</msg>
<status status="PASS" starttime="20201009 18:04:53.089" endtime="20201009 18:05:24.393"></status>
</kw>
<kw name="Connect And Reserve Ports" library="spirent1">
<msg timestamp="20201009 18:05:40.912" level="INFO">reserved ports 10/1 : port1 : port_handle[0]

 reserved ports 10/2 : port2 : port_handle[1]
***** run sth.interface_config successfully
***** run sth.interface_config successfully</msg>
<status status="PASS" starttime="20201009 18:05:24.393" endtime="20201009 18:05:40.912"></status>
</kw>
<kw name="Get Device Info" library="CPE1">
<assign>
<var>${CPE1_dev_info_on_vd}</var>
</assign>
<msg timestamp="20201009 18:05:41.828" level="INFO">${CPE1_dev_info_on_vd} = {'name': 'CPE11-HKG-HYBRD-IPC00190', 'uuid': 'ff23f34f-c1a9-4013-9d12-eb3df30c8c2d', 'ipAddress': '20.20.90.11', 'ownerOrg': 'IPC00190', 'type': 'branch', 'ping_status': 'REACHABLE', 'sync_status': 'I...</msg>
<status status="PASS" starttime="20201009 18:05:40.912" endtime="20201009 18:05:41.828"></status>
</kw>
<kw name="Get Data Dict" library="CPE1">
<assign>
<var>${CPE1}</var>
</assign>
<msg timestamp="20201009 18:05:41.829" level="INFO">${CPE1} = {'ndb': {}, 'topofile': 'Devices.yml', 'Device_name': 'CPE11-HKG-HYBRD-IPC00190', 'POD': 1, 'Solution_type': 'SINGLE-CPE-HYBRID', 'Site_id': 4275, 'Serial_Number': 'CPE11INOVA90', 'MIN_SW_VERSION': '1...</msg>
<status status="PASS" starttime="20201009 18:05:41.828" endtime="20201009 18:05:41.829"></status>
</kw>
<kw name="Get Data Dict" library="CPE2">
<assign>
<var>${CPE2}</var>
</assign>
<msg timestamp="20201009 18:05:41.829" level="INFO">${CPE2} = {'ndb': {}, 'topofile': 'Devices.yml', 'Device_name': 'CPE12-HKG-HYBRD-IPC00190', 'POD': 1, 'Solution_type': 'SINGLE-CPE-HYBRID', 'Site_id': 4279, 'Serial_Number': 'CPE12NOVD90', 'MIN_SW_VERSION': '16...</msg>
<status status="PASS" starttime="20201009 18:05:41.829" endtime="20201009 18:05:41.829"></status>
</kw>
<kw name="Create Controller List" library="CPE1">
<arguments>
<arg>${CPE1['ORG_NAME']}</arg>
<arg>${CPE1['ORG_ID']}</arg>
<arg>${CPE1['NO_OF_VRFS']}</arg>
<arg>${CPE1['NODE']}</arg>
</arguments>
<status status="PASS" starttime="20201009 18:05:41.830" endtime="20201009 18:05:41.843"></status>
</kw>
<kw name="Create Gateway List" library="CPE1">
<arguments>
<arg>${CPE1['ORG_NAME']}</arg>
<arg>${CPE1['ORG_ID']}</arg>
<arg>${CPE1['NO_OF_VRFS']}</arg>
<arg>${CPE1['NODE']}</arg>
</arguments>
<status status="PASS" starttime="20201009 18:05:41.843" endtime="20201009 18:05:41.861"></status>
</kw>
<kw name="Create Cpe Data" library="CPE1">
<status status="PASS" starttime="20201009 18:05:41.861" endtime="20201009 18:05:41.862"></status>
</kw>
<kw name="Create Controller List" library="CPE2">
<arguments>
<arg>${CPE2['ORG_NAME']}</arg>
<arg>${CPE2['ORG_ID']}</arg>
<arg>${CPE2['NO_OF_VRFS']}</arg>
<arg>${CPE2['NODE']}</arg>
</arguments>
<status status="PASS" starttime="20201009 18:05:41.862" endtime="20201009 18:05:41.873"></status>
</kw>
<kw name="Create Gateway List" library="CPE2">
<arguments>
<arg>${CPE2['ORG_NAME']}</arg>
<arg>${CPE2['ORG_ID']}</arg>
<arg>${CPE2['NO_OF_VRFS']}</arg>
<arg>${CPE2['NODE']}</arg>
</arguments>
<status status="PASS" starttime="20201009 18:05:41.873" endtime="20201009 18:05:41.883"></status>
</kw>
<kw name="Create Cpe Data" library="CPE2">
<status status="PASS" starttime="20201009 18:05:41.883" endtime="20201009 18:05:41.884"></status>
</kw>
<kw name="Get Data Dict" library="CPE1">
<assign>
<var>${CPE1}</var>
</assign>
<msg timestamp="20201009 18:05:41.884" level="INFO">${CPE1} = {'ndb': {'NV-WC01-N1-HKG': {'DEVICE_NAME': 'NV-WC01-N1-HKG', 'POD': 1, 'NODE': 'HKG', 'MANAGEMENT_NW_SUBNET': '10.91.140.0/22', 'ESP_IP': '10.90.64.1', 'VXLAN_IP': '10.90.0.1', 'AUTH_STRING': 'NV-WC01...</msg>
<status status="PASS" starttime="20201009 18:05:41.884" endtime="20201009 18:05:41.884"></status>
</kw>
<kw name="Set Suite Variable" library="BuiltIn">
<doc>Makes a variable available everywhere within the scope of the current suite.</doc>
<arguments>
<arg>${CPE1}</arg>
</arguments>
<msg timestamp="20201009 18:05:41.886" level="INFO">${CPE1} = {'ndb': {'NV-WC01-N1-HKG': {'DEVICE_NAME': 'NV-WC01-N1-HKG', 'POD': 1, 'NODE': 'HKG', 'MANAGEMENT_NW_SUBNET': '10.91.140.0/22', 'ESP_IP': '10.90.64.1', 'VXLAN_IP': '10.90.0.1', 'AUTH_STRING': 'NV-WC01...</msg>
<status status="PASS" starttime="20201009 18:05:41.885" endtime="20201009 18:05:41.886"></status>
</kw>
<kw name="Get Data Dict" library="CPE2">
<assign>
<var>${CPE2}</var>
</assign>
<msg timestamp="20201009 18:05:41.886" level="INFO">${CPE2} = {'ndb': {'NV-WC01-N1-HKG': {'DEVICE_NAME': 'NV-WC01-N1-HKG', 'POD': 1, 'NODE': 'HKG', 'MANAGEMENT_NW_SUBNET': '10.91.140.0/22', 'ESP_IP': '10.90.64.1', 'VXLAN_IP': '10.90.0.1', 'AUTH_STRING': 'NV-WC01...</msg>
<status status="PASS" starttime="20201009 18:05:41.886" endtime="20201009 18:05:41.886"></status>
</kw>
<kw name="Set Suite Variable" library="BuiltIn">
<doc>Makes a variable available everywhere within the scope of the current suite.</doc>
<arguments>
<arg>${CPE2}</arg>
</arguments>
<msg timestamp="20201009 18:05:41.887" level="INFO">${CPE2} = {'ndb': {'NV-WC01-N1-HKG': {'DEVICE_NAME': 'NV-WC01-N1-HKG', 'POD': 1, 'NODE': 'HKG', 'MANAGEMENT_NW_SUBNET': '10.91.140.0/22', 'ESP_IP': '10.90.64.1', 'VXLAN_IP': '10.90.0.1', 'AUTH_STRING': 'NV-WC01...</msg>
<status status="PASS" starttime="20201009 18:05:41.886" endtime="20201009 18:05:41.887"></status>
</kw>
<kw name="VM Pre Op" library="VM1">
<msg timestamp="20201009 18:05:51.049" level="INFO">sathish@VM1:~$
linux: root@VM1:~#
None</msg>
<status status="PASS" starttime="20201009 18:05:41.887" endtime="20201009 18:05:51.049"></status>
</kw>
<kw name="VM Pre Op" library="VM2">
<msg timestamp="20201009 18:05:59.879" level="INFO">sathish@CPE12-VM1:~$
linux: root@CPE12-VM1:~#
None</msg>
<status status="PASS" starttime="20201009 18:05:51.049" endtime="20201009 18:05:59.879"></status>
</kw>
<kw name="Get Data Dict" library="VM1">
<assign>
<var>${VM1}</var>
</assign>
<msg timestamp="20201009 18:05:59.894" level="INFO">${VM1} = {'device_name': 'CPE11_LAN_HOST1', 'data':               DUTs        mgmt_ip username password device_type LAN_INTF START_VLAN START_LAN_IP_SUBNET NO_OF_VRFS
0  CPE11_LAN_HOST1  10.91.125.181  sathish...</msg>
<status status="PASS" starttime="20201009 18:05:59.879" endtime="20201009 18:05:59.894"></status>
</kw>
<kw name="Get Data Dict" library="VM2">
<assign>
<var>${VM2}</var>
</assign>
<msg timestamp="20201009 18:05:59.910" level="INFO">${VM2} = {'device_name': 'CPE12_LAN_HOST1', 'data':               DUTs        mgmt_ip username password device_type LAN_INTF START_VLAN START_LAN_IP_SUBNET NO_OF_VRFS
1  CPE12_LAN_HOST1  10.91.125.182  sathish...</msg>
<status status="PASS" starttime="20201009 18:05:59.895" endtime="20201009 18:05:59.910"></status>
</kw>
<kw name="Set Suite Variable" library="BuiltIn">
<doc>Makes a variable available everywhere within the scope of the current suite.</doc>
<arguments>
<arg>${VM1}</arg>
</arguments>
<msg timestamp="20201009 18:05:59.946" level="INFO">${VM1} = {'device_name': 'CPE11_LAN_HOST1', 'data':               DUTs        mgmt_ip username password device_type LAN_INTF START_VLAN START_LAN_IP_SUBNET NO_OF_VRFS
0  CPE11_LAN_HOST1  10.91.125.181  sathish...</msg>
<status status="PASS" starttime="20201009 18:05:59.910" endtime="20201009 18:05:59.947"></status>
</kw>
<kw name="Set Suite Variable" library="BuiltIn">
<doc>Makes a variable available everywhere within the scope of the current suite.</doc>
<arguments>
<arg>${VM2}</arg>
</arguments>
<msg timestamp="20201009 18:05:59.976" level="INFO">${VM2} = {'device_name': 'CPE12_LAN_HOST1', 'data':               DUTs        mgmt_ip username password device_type LAN_INTF START_VLAN START_LAN_IP_SUBNET NO_OF_VRFS
1  CPE12_LAN_HOST1  10.91.125.182  sathish...</msg>
<status status="PASS" starttime="20201009 18:05:59.947" endtime="20201009 18:05:59.977"></status>
</kw>
<kw name="${i} IN RANGE [ 1 | ${VM1['NO_OF_VRFS']} + 1 ]" type="for">
<kw name="${i} = 1" type="foritem">
<kw name="Set Variable" library="BuiltIn">
<doc>Returns the given values which can then be assigned to a variables.</doc>
<arguments>
<arg>${VM1['lan'][${i}]['first_host']}</arg>
</arguments>
<assign>
<var>${gw}</var>
</assign>
<msg timestamp="20201009 18:05:59.978" level="INFO">${gw} = 192.169.101.1</msg>
<status status="PASS" starttime="20201009 18:05:59.977" endtime="20201009 18:05:59.978"></status>
</kw>
<kw name="Set Variable" library="BuiltIn">
<doc>Returns the given values which can then be assigned to a variables.</doc>
<arguments>
<arg>${VM1['lan'][${i}]['vlan']}</arg>
</arguments>
<assign>
<var>${vlan}</var>
</assign>
<msg timestamp="20201009 18:05:59.979" level="INFO">${vlan} = 600</msg>
<status status="PASS" starttime="20201009 18:05:59.978" endtime="20201009 18:05:59.979"></status>
</kw>
<kw name="Set Variable" library="BuiltIn">
<doc>Returns the given values which can then be assigned to a variables.</doc>
<arguments>
<arg>${VM2['lan'][${i}]['nw']}</arg>
</arguments>
<assign>
<var>${destination_nw}</var>
</assign>
<msg timestamp="20201009 18:05:59.980" level="INFO">${destination_nw} = 192.169.111.0/24</msg>
<status status="PASS" starttime="20201009 18:05:59.979" endtime="20201009 18:05:59.980"></status>
</kw>
<kw name="Send Commands And Expect" library="VM1">
<arguments>
<arg>sudo ip route add ${destination_nw} via ${gw} dev ${VM1['LAN_INTF']}.${vlan}</arg>
</arguments>
<status status="PASS" starttime="20201009 18:05:59.980" endtime="20201009 18:06:00.396"></status>
</kw>
<status status="PASS" starttime="20201009 18:05:59.977" endtime="20201009 18:06:00.396"></status>
</kw>
<status status="PASS" starttime="20201009 18:05:59.977" endtime="20201009 18:06:00.396"></status>
</kw>
<kw name="${i} IN RANGE [ 1 | ${VM2['NO_OF_VRFS']} + 1 ]" type="for">
<kw name="${i} = 1" type="foritem">
<kw name="Set Variable" library="BuiltIn">
<doc>Returns the given values which can then be assigned to a variables.</doc>
<arguments>
<arg>${VM2['lan'][${i}]['first_host']}</arg>
</arguments>
<assign>
<var>${gw}</var>
</assign>
<msg timestamp="20201009 18:06:00.398" level="INFO">${gw} = 192.169.111.1</msg>
<status status="PASS" starttime="20201009 18:06:00.398" endtime="20201009 18:06:00.398"></status>
</kw>
<kw name="Set Variable" library="BuiltIn">
<doc>Returns the given values which can then be assigned to a variables.</doc>
<arguments>
<arg>${VM2['lan'][${i}]['vlan']}</arg>
</arguments>
<assign>
<var>${vlan}</var>
</assign>
<msg timestamp="20201009 18:06:00.399" level="INFO">${vlan} = 610</msg>
<status status="PASS" starttime="20201009 18:06:00.399" endtime="20201009 18:06:00.399"></status>
</kw>
<kw name="Set Variable" library="BuiltIn">
<doc>Returns the given values which can then be assigned to a variables.</doc>
<arguments>
<arg>${VM1['lan'][${i}]['nw']}</arg>
</arguments>
<assign>
<var>${destination_nw}</var>
</assign>
<msg timestamp="20201009 18:06:00.400" level="INFO">${destination_nw} = 192.169.101.0/24</msg>
<status status="PASS" starttime="20201009 18:06:00.399" endtime="20201009 18:06:00.400"></status>
</kw>
<kw name="Send Commands And Expect" library="VM2">
<arguments>
<arg>sudo ip route add ${destination_nw} via ${gw} dev ${VM2['LAN_INTF']}.${vlan}</arg>
</arguments>
<status status="PASS" starttime="20201009 18:06:00.400" endtime="20201009 18:06:00.813"></status>
</kw>
<status status="PASS" starttime="20201009 18:06:00.397" endtime="20201009 18:06:00.813"></status>
</kw>
<status status="PASS" starttime="20201009 18:06:00.396" endtime="20201009 18:06:00.813"></status>
</kw>
<kw name="SPIRENT_STARTUP">
<kw name="Create Device" library="spirent1">
<arguments>
<arg>port=0</arg>
<arg>vlanid=${CPE1['lan'][1]['vlan']}</arg>
<arg>intf_ip_addr=${CPE1['lan'][1]['third_host']}</arg>
<arg>gateway_ip_addr=${CPE1['lan'][1]['first_host']}</arg>
</arguments>
<assign>
<var>${device1}</var>
</assign>
<msg timestamp="20201009 18:06:02.505" level="INFO">***** run sth.emulation_device_config successfully</msg>
<msg timestamp="20201009 18:06:02.505" level="INFO">${device1} = {'handle': 'host1', 'status': '1', 'port': 'port1', 'gateway_ip_addr': '192.169.101.1', 'vlanid': 600, 'intf_ip_addr': '192.169.101.3'}</msg>
<status status="PASS" starttime="20201009 18:06:00.815" endtime="20201009 18:06:02.505"></status>
</kw>
<kw name="Create Device" library="spirent1">
<arguments>
<arg>port=1</arg>
<arg>vlanid=${CPE2['lan'][1]['vlan']}</arg>
<arg>intf_ip_addr=${CPE2['lan'][1]['third_host']}</arg>
<arg>gateway_ip_addr=${CPE2['lan'][1]['first_host']}</arg>
</arguments>
<assign>
<var>${device2}</var>
</assign>
<msg timestamp="20201009 18:06:03.066" level="INFO">***** run sth.emulation_device_config successfully</msg>
<msg timestamp="20201009 18:06:03.066" level="INFO">${device2} = {'handle': 'host2', 'status': '1', 'port': 'port2', 'gateway_ip_addr': '192.169.111.1', 'vlanid': 610, 'intf_ip_addr': '192.169.111.3'}</msg>
<status status="PASS" starttime="20201009 18:06:02.505" endtime="20201009 18:06:03.066"></status>
</kw>
<kw name="Create Tcp Stream Block" library="spirent1">
<arguments>
<arg>${device1}</arg>
<arg>${device2}</arg>
<arg>src_port=2000</arg>
<arg>rate_mbps=2</arg>
</arguments>
<assign>
<var>${stream1}</var>
</assign>
<msg timestamp="20201009 18:06:08.160" level="INFO">***** run sth.traffic_config successfully</msg>
<msg timestamp="20201009 18:06:08.160" level="INFO">${stream1} = {'stream_id': 'streamblock1', 'status': '1'}</msg>
<status status="PASS" starttime="20201009 18:06:03.066" endtime="20201009 18:06:08.160"></status>
</kw>
<kw name="Create Tcp Stream Block" library="spirent1">
<arguments>
<arg>${device1}</arg>
<arg>${device2}</arg>
<arg>src_port=2001</arg>
<arg>rate_mbps=2</arg>
</arguments>
<assign>
<var>${stream2}</var>
</assign>
<msg timestamp="20201009 18:06:12.361" level="INFO">***** run sth.traffic_config successfully</msg>
<msg timestamp="20201009 18:06:12.361" level="INFO">${stream2} = {'stream_id': 'streamblock2', 'status': '1'}</msg>
<status status="PASS" starttime="20201009 18:06:08.160" endtime="20201009 18:06:12.361"></status>
</kw>
<kw name="Create Udp Stream Block" library="spirent1">
<arguments>
<arg>${device1}</arg>
<arg>${device2}</arg>
<arg>src_port=2002</arg>
<arg>rate_mbps=2</arg>
</arguments>
<assign>
<var>${stream3}</var>
</assign>
<msg timestamp="20201009 18:06:15.955" level="INFO">***** run sth.traffic_config successfully</msg>
<msg timestamp="20201009 18:06:15.955" level="INFO">${stream3} = {'stream_id': 'streamblock3', 'status': '1'}</msg>
<status status="PASS" starttime="20201009 18:06:12.361" endtime="20201009 18:06:15.955"></status>
</kw>
<kw name="Create Tcp Stream Block" library="spirent1">
<arguments>
<arg>${device1}</arg>
<arg>${device2}</arg>
<arg>src_port=3001</arg>
<arg>rate_mbps=1</arg>
<arg>ip_dscp=46</arg>
</arguments>
<assign>
<var>${premium_tcp_stream1}</var>
</assign>
<msg timestamp="20201009 18:06:19.343" level="INFO">***** run sth.traffic_config successfully</msg>
<msg timestamp="20201009 18:06:19.343" level="INFO">${premium_tcp_stream1} = {'stream_id': 'streamblock4', 'status': '1'}</msg>
<status status="PASS" starttime="20201009 18:06:15.955" endtime="20201009 18:06:19.343"></status>
</kw>
<kw name="Create Tcp Stream Block" library="spirent1">
<arguments>
<arg>${device1}</arg>
<arg>${device2}</arg>
<arg>src_port=3002</arg>
<arg>rate_mbps=1</arg>
<arg>ip_dscp=26</arg>
</arguments>
<assign>
<var>${business1_tcp_stream1}</var>
</assign>
<msg timestamp="20201009 18:06:22.955" level="INFO">***** run sth.traffic_config successfully</msg>
<msg timestamp="20201009 18:06:22.955" level="INFO">${business1_tcp_stream1} = {'stream_id': 'streamblock5', 'status': '1'}</msg>
<status status="PASS" starttime="20201009 18:06:19.343" endtime="20201009 18:06:22.955"></status>
</kw>
<kw name="Create Tcp Stream Block" library="spirent1">
<arguments>
<arg>${device1}</arg>
<arg>${device2}</arg>
<arg>src_port=3003</arg>
<arg>rate_mbps=1</arg>
<arg>ip_dscp=18</arg>
</arguments>
<assign>
<var>${business2_tcp_stream1}</var>
</assign>
<msg timestamp="20201009 18:06:26.615" level="INFO">***** run sth.traffic_config successfully</msg>
<msg timestamp="20201009 18:06:26.615" level="INFO">${business2_tcp_stream1} = {'stream_id': 'streamblock6', 'status': '1'}</msg>
<status status="PASS" starttime="20201009 18:06:22.955" endtime="20201009 18:06:26.615"></status>
</kw>
<kw name="Create Tcp Stream Block" library="spirent1">
<arguments>
<arg>${device1}</arg>
<arg>${device2}</arg>
<arg>src_port=3004</arg>
<arg>rate_mbps=1</arg>
<arg>ip_dscp=10</arg>
</arguments>
<assign>
<var>${business3_tcp_stream1}</var>
</assign>
<msg timestamp="20201009 18:06:30.458" level="INFO">***** run sth.traffic_config successfully</msg>
<msg timestamp="20201009 18:06:30.458" level="INFO">${business3_tcp_stream1} = {'stream_id': 'streamblock7', 'status': '1'}</msg>
<status status="PASS" starttime="20201009 18:06:26.615" endtime="20201009 18:06:30.458"></status>
</kw>
<kw name="Create Tcp Stream Block" library="spirent1">
<arguments>
<arg>${device1}</arg>
<arg>${device2}</arg>
<arg>src_port=5000</arg>
<arg>rate_mbps=1</arg>
</arguments>
<assign>
<var>${internet_default_tcp_stream1}</var>
</assign>
<msg timestamp="20201009 18:06:34.394" level="INFO">***** run sth.traffic_config successfully</msg>
<msg timestamp="20201009 18:06:34.394" level="INFO">${internet_default_tcp_stream1} = {'stream_id': 'streamblock8', 'status': '1'}</msg>
<status status="PASS" starttime="20201009 18:06:30.458" endtime="20201009 18:06:34.394"></status>
</kw>
<kw name="Set Suite Variable" library="BuiltIn">
<doc>Makes a variable available everywhere within the scope of the current suite.</doc>
<arguments>
<arg>${device1}</arg>
</arguments>
<msg timestamp="20201009 18:06:34.395" level="INFO">${device1} = {'handle': 'host1', 'status': '1', 'port': 'port1', 'gateway_ip_addr': '192.169.101.1', 'vlanid': 600, 'intf_ip_addr': '192.169.101.3'}</msg>
<status status="PASS" starttime="20201009 18:06:34.394" endtime="20201009 18:06:34.395"></status>
</kw>
<kw name="Set Suite Variable" library="BuiltIn">
<doc>Makes a variable available everywhere within the scope of the current suite.</doc>
<arguments>
<arg>${device2}</arg>
</arguments>
<msg timestamp="20201009 18:06:34.395" level="INFO">${device2} = {'handle': 'host2', 'status': '1', 'port': 'port2', 'gateway_ip_addr': '192.169.111.1', 'vlanid': 610, 'intf_ip_addr': '192.169.111.3'}</msg>
<status status="PASS" starttime="20201009 18:06:34.395" endtime="20201009 18:06:34.395"></status>
</kw>
<kw name="Set Suite Variable" library="BuiltIn">
<doc>Makes a variable available everywhere within the scope of the current suite.</doc>
<arguments>
<arg>${stream1}</arg>
</arguments>
<msg timestamp="20201009 18:06:34.396" level="INFO">${stream1} = {'stream_id': 'streamblock1', 'status': '1'}</msg>
<status status="PASS" starttime="20201009 18:06:34.396" endtime="20201009 18:06:34.396"></status>
</kw>
<kw name="Set Suite Variable" library="BuiltIn">
<doc>Makes a variable available everywhere within the scope of the current suite.</doc>
<arguments>
<arg>${stream2}</arg>
</arguments>
<msg timestamp="20201009 18:06:34.396" level="INFO">${stream2} = {'stream_id': 'streamblock2', 'status': '1'}</msg>
<status status="PASS" starttime="20201009 18:06:34.396" endtime="20201009 18:06:34.397"></status>
</kw>
<kw name="Set Suite Variable" library="BuiltIn">
<doc>Makes a variable available everywhere within the scope of the current suite.</doc>
<arguments>
<arg>${stream3}</arg>
</arguments>
<msg timestamp="20201009 18:06:34.397" level="INFO">${stream3} = {'stream_id': 'streamblock3', 'status': '1'}</msg>
<status status="PASS" starttime="20201009 18:06:34.397" endtime="20201009 18:06:34.397"></status>
</kw>
<kw name="Set Suite Variable" library="BuiltIn">
<doc>Makes a variable available everywhere within the scope of the current suite.</doc>
<arguments>
<arg>${premium_tcp_stream1}</arg>
</arguments>
<msg timestamp="20201009 18:06:34.398" level="INFO">${premium_tcp_stream1} = {'stream_id': 'streamblock4', 'status': '1'}</msg>
<status status="PASS" starttime="20201009 18:06:34.398" endtime="20201009 18:06:34.398"></status>
</kw>
<kw name="Set Suite Variable" library="BuiltIn">
<doc>Makes a variable available everywhere within the scope of the current suite.</doc>
<arguments>
<arg>${business1_tcp_stream1}</arg>
</arguments>
<msg timestamp="20201009 18:06:34.399" level="INFO">${business1_tcp_stream1} = {'stream_id': 'streamblock5', 'status': '1'}</msg>
<status status="PASS" starttime="20201009 18:06:34.399" endtime="20201009 18:06:34.399"></status>
</kw>
<kw name="Set Suite Variable" library="BuiltIn">
<doc>Makes a variable available everywhere within the scope of the current suite.</doc>
<arguments>
<arg>${business2_tcp_stream1}</arg>
</arguments>
<msg timestamp="20201009 18:06:34.400" level="INFO">${business2_tcp_stream1} = {'stream_id': 'streamblock6', 'status': '1'}</msg>
<status status="PASS" starttime="20201009 18:06:34.399" endtime="20201009 18:06:34.400"></status>
</kw>
<kw name="Set Suite Variable" library="BuiltIn">
<doc>Makes a variable available everywhere within the scope of the current suite.</doc>
<arguments>
<arg>${business3_tcp_stream1}</arg>
</arguments>
<msg timestamp="20201009 18:06:34.400" level="INFO">${business3_tcp_stream1} = {'stream_id': 'streamblock7', 'status': '1'}</msg>
<status status="PASS" starttime="20201009 18:06:34.400" endtime="20201009 18:06:34.400"></status>
</kw>
<kw name="Set Suite Variable" library="BuiltIn">
<doc>Makes a variable available everywhere within the scope of the current suite.</doc>
<arguments>
<arg>${internet_default_tcp_stream1}</arg>
</arguments>
<msg timestamp="20201009 18:06:34.401" level="INFO">${internet_default_tcp_stream1} = {'stream_id': 'streamblock8', 'status': '1'}</msg>
<status status="PASS" starttime="20201009 18:06:34.400" endtime="20201009 18:06:34.401"></status>
</kw>
<status status="PASS" starttime="20201009 18:06:00.813" endtime="20201009 18:06:34.401"></status>
</kw>
<kw name="CREATE FWD PROFILE">
<kw name="Get Vni Interface Bw" library="CPE1">
<arguments>
<arg>${CPE1['WAN1_INTF']}</arg>
</arguments>
<assign>
<var>${curr_intf_bw}</var>
</assign>
<msg timestamp="20201009 18:06:35.983" level="INFO">${curr_intf_bw} = {'bandwidth': {'uplink': 30000, 'downlink': 30000}}</msg>
<status status="PASS" starttime="20201009 18:06:34.403" endtime="20201009 18:06:35.983"></status>
</kw>
<kw name="Set Suite Variable" library="BuiltIn">
<doc>Makes a variable available everywhere within the scope of the current suite.</doc>
<arguments>
<arg>${curr_intf_bw}</arg>
</arguments>
<msg timestamp="20201009 18:06:35.984" level="INFO">${curr_intf_bw} = {'bandwidth': {'uplink': 30000, 'downlink': 30000}}</msg>
<status status="PASS" starttime="20201009 18:06:35.983" endtime="20201009 18:06:35.984"></status>
</kw>
<kw name="Modify Interface Bandwidth" library="CPE1">
<arguments>
<arg>${CPE1['WAN1_INTF']}</arg>
<arg>${bw}</arg>
<arg>${bw}</arg>
</arguments>
<msg timestamp="20201009 18:06:37.575" level="INFO">{"bandwidth": {"uplink": "30000", "downlink": "30000"}}
b''
&lt;Response [204]&gt;</msg>
<status status="PASS" starttime="20201009 18:06:35.984" endtime="20201009 18:06:37.576"></status>
</kw>
<kw name="Get Vni Interface Bw" library="CPE1">
<arguments>
<arg>${CPE1['WAN1_INTF']}</arg>
</arguments>
<status status="PASS" starttime="20201009 18:06:37.576" endtime="20201009 18:06:38.073"></status>
</kw>
<kw name="Create Sla Profile" library="CPE1">
<arguments>
<arg>${sla_prf_1}</arg>
<arg>circuit_transmit_utilization=5</arg>
</arguments>
<msg timestamp="20201009 18:06:38.074" level="INFO">
CREATE SLA profile
</msg>
<msg timestamp="20201009 18:06:39.593" level="INFO">
PASS</msg>
<msg timestamp="20201009 18:06:39.593" level="INFO">&gt;&gt;&gt;&gt;&gt;&gt;&gt;&gt;&gt;&gt; CREATE SLA Profile PASSED. &lt;&lt;&lt;&lt;&lt;&lt;&lt;&lt;&lt;&lt;&lt;</msg>
<msg timestamp="20201009 18:06:39.594" level="INFO">{
	"sla-profile": {
		"name": "SLA112"
		,"circuit-transmit-utilization": "5"
	}
}</msg>
<status status="PASS" starttime="20201009 18:06:38.074" endtime="20201009 18:06:39.594"></status>
</kw>
<kw name="Create Fowarding Profile" library="CPE1">
<arguments>
<arg>${fwp_1}</arg>
<arg>${CPE1['WAN1_NAME']}</arg>
<arg>${CPE1['WAN2_NAME']}</arg>
<arg>sla_name=${sla_prf_1}</arg>
<arg>evaluate_continuously=disable</arg>
</arguments>
<msg timestamp="20201009 18:06:39.595" level="INFO">
CREATE FWD PROFILE
</msg>
<msg timestamp="20201009 18:06:41.132" level="INFO">
PASS</msg>
<msg timestamp="20201009 18:06:41.133" level="INFO">&gt;&gt;&gt;&gt;&gt;&gt;&gt;&gt;&gt;&gt; FORWARDING PROFILE CREATION PASSED. &lt;&lt;&lt;&lt;&lt;&lt;&lt;&lt;&lt;&lt;&lt;</msg>
<status status="PASS" starttime="20201009 18:06:39.594" endtime="20201009 18:06:41.133"></status>
</kw>
<kw name="Create Address Object" library="CPE1">
<arguments>
<arg>${ipaddobj_1}</arg>
<arg>ipv4-prefix</arg>
<arg>${CPE1['lan'][1]['third_host']}/32</arg>
</arguments>
<msg timestamp="20201009 18:06:41.134" level="INFO">
CREATE IPaddress Object
</msg>
<msg timestamp="20201009 18:06:42.348" level="INFO">
PASS</msg>
<msg timestamp="20201009 18:06:42.349" level="INFO">&gt;&gt;&gt;&gt;&gt;&gt;&gt;&gt;&gt;&gt; ADDRESS OBJECT CREATION PASSED. &lt;&lt;&lt;&lt;&lt;&lt;&lt;&lt;&lt;&lt;&lt;</msg>
<msg timestamp="20201009 18:06:42.349" level="INFO">{
	"address": {
		"name": "src_ip_add_obj11",
		"ipv4-prefix": "192.169.101.3/32"
	}
}</msg>
<status status="PASS" starttime="20201009 18:06:41.133" endtime="20201009 18:06:42.349"></status>
</kw>
<kw name="Create Address Object" library="CPE1">
<arguments>
<arg>${ipaddobj_2}</arg>
<arg>ipv4-prefix</arg>
<arg>${CPE2['lan'][1]['third_host']}/32</arg>
</arguments>
<msg timestamp="20201009 18:06:42.350" level="INFO">
CREATE IPaddress Object
</msg>
<msg timestamp="20201009 18:06:43.556" level="INFO">
PASS</msg>
<msg timestamp="20201009 18:06:43.556" level="INFO">&gt;&gt;&gt;&gt;&gt;&gt;&gt;&gt;&gt;&gt; ADDRESS OBJECT CREATION PASSED. &lt;&lt;&lt;&lt;&lt;&lt;&lt;&lt;&lt;&lt;&lt;</msg>
<msg timestamp="20201009 18:06:43.556" level="INFO">{
	"address": {
		"name": "dst_ip_add_obj11",
		"ipv4-prefix": "192.169.111.3/32"
	}
}</msg>
<status status="PASS" starttime="20201009 18:06:42.349" endtime="20201009 18:06:43.556"></status>
</kw>
<kw name="Create Service Object" library="CPE1">
<arguments>
<arg>${serviceobj_1}</arg>
<arg>${TCP}</arg>
<arg>source_port=2000</arg>
</arguments>
<msg timestamp="20201009 18:06:43.558" level="INFO">
CREATE Service Object
</msg>
<msg timestamp="20201009 18:06:44.826" level="INFO">
PASS</msg>
<msg timestamp="20201009 18:06:44.826" level="INFO">&gt;&gt;&gt;&gt;&gt;&gt;&gt;&gt;&gt;&gt; Service OBJECT CREATION PASSED. &lt;&lt;&lt;&lt;&lt;&lt;&lt;&lt;&lt;&lt;&lt;</msg>
<msg timestamp="20201009 18:06:44.826" level="INFO">{
	"service": {
		"name": "src_port_2000",
		"protocol": "TCP",
		"source-port": "2000"
	}
}</msg>
<status status="PASS" starttime="20201009 18:06:43.557" endtime="20201009 18:06:44.827"></status>
</kw>
<status status="PASS" starttime="20201009 18:06:34.401" endtime="20201009 18:06:44.827"></status>
</kw>
<kw name="Config Devices Qos" library="VD1">
<arguments>
<arg>${CPE1['Device_name']}</arg>
<arg>${CPE1['ORG_NAME']}</arg>
<arg>${CPE1['WAN1_INTF']}</arg>
</arguments>
<msg timestamp="20201009 18:06:44.830" level="INFO">

STEP :CONFIG QOS
</msg>
<msg timestamp="20201009 18:06:44.873" level="INFO">set devices device CPE11-HKG-HYBRD-IPC00190 config orgs org-services IPC00190 class-of-service rw-rules dscp rw-1 forwarding-class fc_nc loss-priority low code-point af41
set devices device CPE11-HKG-HYBRD-IPC00190 config orgs org-services IPC00190 class-of-service rw-rules dscp rw-1 forwarding-class fc_ef loss-priority low code-point ef
set devices device CPE11-HKG-HYBRD-IPC00190 config orgs org-services IPC00190 class-of-service rw-rules dscp rw-1 forwarding-class fc_be loss-priority high code-point be
set devices device CPE11-HKG-HYBRD-IPC00190 config orgs org-services IPC00190 class-of-service rw-rules dscp rw-1 forwarding-class fc13 loss-priority high code-point af31
set devices device CPE11-HKG-HYBRD-IPC00190 config orgs org-services IPC00190 class-of-service rw-rules dscp rw-1 forwarding-class fc14 loss-priority high code-point af21
set devices device CPE11-HKG-HYBRD-IPC00190 config orgs org-services IPC00190 class-of-service rw-rules dscp rw-1 forwarding-class fc15 loss-priority high code-point af11

set devices device CPE11-HKG-HYBRD-IPC00190 config orgs org-services IPC00190 class-of-service forwarding-class-map fc_nc traffic-class tc0
set devices device CPE11-HKG-HYBRD-IPC00190 config orgs org-services IPC00190 class-of-service forwarding-class-map fc_nc queue 0
set devices device CPE11-HKG-HYBRD-IPC00190 config orgs org-services IPC00190 class-of-service forwarding-class-map fc_ef traffic-class tc1
set devices device CPE11-HKG-HYBRD-IPC00190 config orgs org-services IPC00190 class-of-service forwarding-class-map fc_ef queue 0
set devices device CPE11-HKG-HYBRD-IPC00190 config orgs org-services IPC00190 class-of-service forwarding-class-map fc13 traffic-class tc3
set devices device CPE11-HKG-HYBRD-IPC00190 config orgs org-services IPC00190 class-of-service forwarding-class-map fc13 queue 0
set devices device CPE11-HKG-HYBRD-IPC00190 config orgs org-services IPC00190 class-of-service forwarding-class-map fc14 traffic-class tc3
set devices device CPE11-HKG-HYBRD-IPC00190 config orgs org-services IPC00190 class-of-service forwarding-class-map fc14 queue 1
set devices device CPE11-HKG-HYBRD-IPC00190 config orgs org-services IPC00190 class-of-service forwarding-class-map fc15 traffic-class tc3
set devices device CPE11-HKG-HYBRD-IPC00190 config orgs org-services IPC00190 class-of-service forwarding-class-map fc15 queue 2
set devices device CPE11-HKG-HYBRD-IPC00190 config orgs org-services IPC00190 class-of-service forwarding-class-map fc_be traffic-class tc3
set devices device CPE11-HKG-HYBRD-IPC00190 config orgs org-services IPC00190 class-of-service forwarding-class-map fc_be queue 3

set devices device CPE11-HKG-HYBRD-IPC00190 config orgs org-services IPC00190 class-of-service interfaces vni-0/1 scheduler-map IPC00190
set devices device CPE11-HKG-HYBRD-IPC00190 config orgs org-services IPC00190 class-of-service interfaces tunnel dscp-rewrite-rule rw-1

set devices device CPE11-HKG-HYBRD-IPC00190 config orgs org-services IPC00190 class-of-service scheduler-maps IPC00190 traffic-class tc0 scheduler sc_nc
set devices device CPE11-HKG-HYBRD-IPC00190 config orgs org-services IPC00190 class-of-service scheduler-maps IPC00190 traffic-class tc1 scheduler sc_ef
set devices device CPE11-HKG-HYBRD-IPC00190 config orgs org-services IPC00190 class-of-service scheduler-maps IPC00190 traffic-class tc3 scheduler sc_be
set devices device CPE11-HKG-HYBRD-IPC00190 config orgs org-services IPC00190 class-of-service drop-profiles wred-high-drop maximum 128 minimum 64
set devices device CPE11-HKG-HYBRD-IPC00190 config orgs org-services IPC00190 class-of-service drop-profiles wred-low-drop maximum 128 minimum 96
set devices device CPE11-HKG-HYBRD-IPC00190 config orgs org-services IPC00190 class-of-service drop-profiles tail-drop maximum 65 minimum 64
set devices device CPE11-HKG-HYBRD-IPC00190 config orgs org-services IPC00190 class-of-service schedulers sc_be drop-profile-map loss-priority low drop-profile wred-low-drop
set devices device CPE11-HKG-HYBRD-IPC00190 config orgs org-services IPC00190 class-of-service schedulers sc_be drop-profile-map loss-priority high drop-profile wred-high-drop
set devices device CPE11-HKG-HYBRD-IPC00190 config orgs org-services IPC00190 class-of-service schedulers sc_be queue 0 weight 6
set devices device CPE11-HKG-HYBRD-IPC00190 config orgs org-services IPC00190 class-of-service schedulers sc_be queue 1 weight 4
set devices device CPE11-HKG-HYBRD-IPC00190 config orgs org-services IPC00190 class-of-service schedulers sc_be queue 2 weight 4
set devices device CPE11-HKG-HYBRD-IPC00190 config orgs org-services IPC00190 class-of-service schedulers sc_be queue 3 weight 3
set devices device CPE11-HKG-HYBRD-IPC00190 config orgs org-services IPC00190 class-of-service schedulers sc_ef
set devices device CPE11-HKG-HYBRD-IPC00190 config orgs org-services IPC00190 class-of-service schedulers sc_nc drop-profile-map loss-priority low drop-profile tail-drop

set devices device CPE11-HKG-HYBRD-IPC00190 config orgs org-services IPC00190 class-of-service qos-policies Default-Policy rules LAN1-VRF-Premium set action allow
set devices device CPE11-HKG-HYBRD-IPC00190 config orgs org-services IPC00190 class-of-service qos-policies Default-Policy rules LAN1-VRF-Premium set qos-profile Premium
set devices device CPE11-HKG-HYBRD-IPC00190 config orgs org-services IPC00190 class-of-service qos-policies Default-Policy rules LAN1-VRF-Premium match source zone zone-list [ Intf-LAN1-Zone ]
set devices device CPE11-HKG-HYBRD-IPC00190 config orgs org-services IPC00190 class-of-service qos-policies Default-Policy rules LAN1-VRF-Premium match destination zone zone-list [ ptvi ]
set devices device CPE11-HKG-HYBRD-IPC00190 config orgs org-services IPC00190 class-of-service qos-policies Default-Policy rules LAN1-VRF-Premium match dscp [ 46 ]

set devices device CPE11-HKG-HYBRD-IPC00190 config orgs org-services IPC00190 class-of-service qos-policies Default-Policy rules LAN1-VRF-Business1 set action allow
set devices device CPE11-HKG-HYBRD-IPC00190 config orgs org-services IPC00190 class-of-service qos-policies Default-Policy rules LAN1-VRF-Business1 set qos-profile Business1
set devices device CPE11-HKG-HYBRD-IPC00190 config orgs org-services IPC00190 class-of-service qos-policies Default-Policy rules LAN1-VRF-Business1 match source zone zone-list [ Intf-LAN1-Zone ]
set devices device CPE11-HKG-HYBRD-IPC00190 config orgs org-services IPC00190 class-of-service qos-policies Default-Policy rules LAN1-VRF-Business1 match dscp [ 26 ]

set devices device CPE11-HKG-HYBRD-IPC00190 config orgs org-services IPC00190 class-of-service qos-policies Default-Policy rules LAN1-VRF-Business2 set action allow
set devices device CPE11-HKG-HYBRD-IPC00190 config orgs org-services IPC00190 class-of-service qos-policies Default-Policy rules LAN1-VRF-Business2 set qos-profile Business2
set devices device CPE11-HKG-HYBRD-IPC00190 config orgs org-services IPC00190 class-of-service qos-policies Default-Policy rules LAN1-VRF-Business2 match source zone zone-list [ Intf-LAN1-Zone ]
set devices device CPE11-HKG-HYBRD-IPC00190 config orgs org-services IPC00190 class-of-service qos-policies Default-Policy rules LAN1-VRF-Business2 match dscp [ 18 ]

set devices device CPE11-HKG-HYBRD-IPC00190 config orgs org-services IPC00190 class-of-service qos-policies Default-Policy rules LAN1-VRF-Business3 set action allow
set devices device CPE11-HKG-HYBRD-IPC00190 config orgs org-services IPC00190 class-of-service qos-policies Default-Policy rules LAN1-VRF-Business3 set qos-profile Business3
set devices device CPE11-HKG-HYBRD-IPC00190 config orgs org-services IPC00190 class-of-service qos-policies Default-Policy rules LAN1-VRF-Business3 match source zone zone-list [ Intf-LAN1-Zone ]
set devices device CPE11-HKG-HYBRD-IPC00190 config orgs org-services IPC00190 class-of-service qos-policies Default-Policy rules LAN1-VRF-Business3 match dscp [ 10 ]

set devices device CPE11-HKG-HYBRD-IPC00190 config orgs org-services IPC00190 class-of-service qos-policies Default-Policy rules LAN1-VRF-Internet-Default set action allow
set devices device CPE11-HKG-HYBRD-IPC00190 config orgs org-services IPC00190 class-of-service qos-policies Default-Policy rules LAN1-VRF-Internet-Default set qos-profile Internet-Default
set devices device CPE11-HKG-HYBRD-IPC00190 config orgs org-services IPC00190 class-of-service qos-policies Default-Policy rules LAN1-VRF-Internet-Default match source zone zone-list [ Intf-LAN1-Zone ]


set devices device CPE11-HKG-HYBRD-IPC00190 config orgs org-services IPC00190 class-of-service app-qos-policies Default-Policy
set devices device CPE11-HKG-HYBRD-IPC00190 config orgs org-services IPC00190 class-of-service qos-profiles Business1 forwarding-class fc13
set devices device CPE11-HKG-HYBRD-IPC00190 config orgs org-services IPC00190 class-of-service qos-profiles Business1 loss-priority high
set devices device CPE11-HKG-HYBRD-IPC00190 config orgs org-services IPC00190 class-of-service qos-profiles Business1 dscp-rw-enable yes
set devices device CPE11-HKG-HYBRD-IPC00190 config orgs org-services IPC00190 class-of-service qos-profiles Business1 dot1p-rw-enable no
set devices device CPE11-HKG-HYBRD-IPC00190 config orgs org-services IPC00190 class-of-service qos-profiles Business2 forwarding-class fc14
set devices device CPE11-HKG-HYBRD-IPC00190 config orgs org-services IPC00190 class-of-service qos-profiles Business2 loss-priority high
set devices device CPE11-HKG-HYBRD-IPC00190 config orgs org-services IPC00190 class-of-service qos-profiles Business2 dscp-rw-enable yes
set devices device CPE11-HKG-HYBRD-IPC00190 config orgs org-services IPC00190 class-of-service qos-profiles Business2 dot1p-rw-enable no
set devices device CPE11-HKG-HYBRD-IPC00190 config orgs org-services IPC00190 class-of-service qos-profiles Business3 forwarding-class fc15
set devices device CPE11-HKG-HYBRD-IPC00190 config orgs org-services IPC00190 class-of-service qos-profiles Business3 loss-priority high
set devices device CPE11-HKG-HYBRD-IPC00190 config orgs org-services IPC00190 class-of-service qos-profiles Business3 dscp-rw-enable yes
set devices device CPE11-HKG-HYBRD-IPC00190 config orgs org-services IPC00190 class-of-service qos-profiles Business3 dot1p-rw-enable no
set devices device CPE11-HKG-HYBRD-IPC00190 config orgs org-services IPC00190 class-of-service qos-profiles Internet-Default forwarding-class fc_be
set devices device CPE11-HKG-HYBRD-IPC00190 config orgs org-services IPC00190 class-of-service qos-profiles Internet-Default loss-priority high
set devices device CPE11-HKG-HYBRD-IPC00190 config orgs org-services IPC00190 class-of-service qos-profiles Internet-Default dscp-rw-enable no
set devices device CPE11-HKG-HYBRD-IPC00190 config orgs org-services IPC00190 class-of-service qos-profiles Internet-Default dot1p-rw-enable no
set devices device CPE11-HKG-HYBRD-IPC00190 config orgs org-services IPC00190 class-of-service qos-profiles Premium forwarding-class fc_ef
set devices device CPE11-HKG-HYBRD-IPC00190 config orgs org-services IPC00190 class-of-service qos-profiles Premium loss-priority low
set devices device CPE11-HKG-HYBRD-IPC00190 config orgs org-services IPC00190 class-of-service qos-profiles Premium dscp-rw-enable yes
set devices device CPE11-HKG-HYBRD-IPC00190 config orgs org-services IPC00190 class-of-service qos-profiles Premium dot1p-rw-enable no
set devices device CPE11-HKG-HYBRD-IPC00190 config orgs org-services IPC00190 class-of-service qos-profiles Routing-Management forwarding-class fc_nc
set devices device CPE11-HKG-HYBRD-IPC00190 config orgs org-services IPC00190 class-of-service qos-profiles Routing-Management loss-priority low
set devices device CPE11-HKG-HYBRD-IPC00190 config orgs org-services IPC00190 class-of-service qos-profiles Routing-Management dscp-rw-enable yes
set devices device CPE11-HKG-HYBRD-IPC00190 config orgs org-services IPC00190 class-of-service qos-profiles Routing-Management dot1p-rw-enable no

#move rule to first
move devices device CPE11-HKG-HYBRD-IPC00190 config orgs org-services IPC00190 class-of-service qos-policies Default-Policy rules LAN1-VRF-Internet-Default  first
move devices device CPE11-HKG-HYBRD-IPC00190 config orgs org-services IPC00190 class-of-service qos-policies Default-Policy rules LAN1-VRF-Business3 first
move devices device CPE11-HKG-HYBRD-IPC00190 config orgs org-services IPC00190 class-of-service qos-policies Default-Policy rules LAN1-VRF-Business2 first
move devices device CPE11-HKG-HYBRD-IPC00190 config orgs org-services IPC00190 class-of-service qos-policies Default-Policy rules LAN1-VRF-Business1 first
move devices device CPE11-HKG-HYBRD-IPC00190 config orgs org-services IPC00190 class-of-service qos-policies Default-Policy rules LAN1-VRF-Premium first
</msg>
<status status="PASS" starttime="20201009 18:06:44.827" endtime="20201009 18:08:14.052"></status>
</kw>
<status status="PASS" starttime="20201009 18:04:10.934" endtime="20201009 18:08:14.052"></status>
</kw>
<test id="s1-t1" name="NV_SINGLE_CPE_HYBRID_SANITY_01">
<kw name="CHECK MPLS WAN INTERFACE UP in CPE1 &amp; CPE2">
<kw name="Get Interface Status" library="CPE1">
<arguments>
<arg>intf_name=${CPE1['WAN1_INTF']}${unit_o} | match MPLS</arg>
</arguments>
<assign>
<var>${result}</var>
</assign>
<msg timestamp="20201009 18:08:15.559" level="INFO">${result} = show interfaces brief | tab | match vni-0/1.0 | match MPLS
vni-0/1.0    00:0b:ab:f1:9a:5a  up    up     2       MPLS-WAN-Transport-VR  172.16.7.42/30          
[ok][2020-10-09 12:30:41]
admin@CPE11-HK...</msg>
<status status="PASS" starttime="20201009 18:08:14.055" endtime="20201009 18:08:15.559"></status>
</kw>
<kw name="Run Keyword And Continue On Failure" library="BuiltIn">
<doc>Runs the keyword and continues execution even if a failure occurs.</doc>
<arguments>
<arg>Should Contain X Times</arg>
<arg>${result}</arg>
<arg>${up}</arg>
<arg>2</arg>
<arg>up not presnt 2 times</arg>
</arguments>
<kw name="Should Contain X Times" library="BuiltIn">
<doc>Fails if ``container`` does not contain ``item`` ``count`` times.</doc>
<arguments>
<arg>${result}</arg>
<arg>${up}</arg>
<arg>2</arg>
<arg>up not presnt 2 times</arg>
</arguments>
<msg timestamp="20201009 18:08:15.560" level="INFO">Item found from container 2 times.</msg>
<status status="PASS" starttime="20201009 18:08:15.560" endtime="20201009 18:08:15.560"></status>
</kw>
<status status="PASS" starttime="20201009 18:08:15.559" endtime="20201009 18:08:15.561"></status>
</kw>
<kw name="Get Interface Status" library="CPE2">
<arguments>
<arg>intf_name=${CPE2['WAN1_INTF']}${unit_o} | match MPLS</arg>
</arguments>
<assign>
<var>${result}</var>
</assign>
<msg timestamp="20201009 18:08:16.865" level="INFO">${result} = show interfaces brief | tab | match vni-0/1.0 | match MPLS
vni-0/1.0    00:0b:ab:f4:4f:60  up    up     2       MPLS-WAN-Transport-VR  172.16.7.46/30    
[ok][2020-10-09 12:30:26]
admin@CPE12-HKG-HYBR...</msg>
<status status="PASS" starttime="20201009 18:08:15.561" endtime="20201009 18:08:16.865"></status>
</kw>
<kw name="Run Keyword And Continue On Failure" library="BuiltIn">
<doc>Runs the keyword and continues execution even if a failure occurs.</doc>
<arguments>
<arg>Should Contain X Times</arg>
<arg>${result}</arg>
<arg>${up}</arg>
<arg>2</arg>
</arguments>
<kw name="Should Contain X Times" library="BuiltIn">
<doc>Fails if ``container`` does not contain ``item`` ``count`` times.</doc>
<arguments>
<arg>${result}</arg>
<arg>${up}</arg>
<arg>2</arg>
</arguments>
<msg timestamp="20201009 18:08:16.866" level="INFO">Item found from container 2 times.</msg>
<status status="PASS" starttime="20201009 18:08:16.865" endtime="20201009 18:08:16.866"></status>
</kw>
<status status="PASS" starttime="20201009 18:08:16.865" endtime="20201009 18:08:16.866"></status>
</kw>
<status status="PASS" starttime="20201009 18:08:14.054" endtime="20201009 18:08:16.866"></status>
</kw>
<kw name="CHECK INTERNET WAN INTERFACE UP in CPE1 &amp; CPE2">
<kw name="Get Interface Status" library="CPE1">
<arguments>
<arg>intf_name=${CPE1['WAN2_INTF']}${unit_o} | match INT</arg>
</arguments>
<assign>
<var>${result}</var>
</assign>
<msg timestamp="20201009 18:08:18.172" level="INFO">${result} = show interfaces brief | tab | match vni-0/2.0 | match INT
vni-0/2.0    00:0b:ab:f1:9a:5b  up    up     2       INT-WAN-Transport-VR   172.16.6.42/30          
[ok][2020-10-09 12:30:43]
admin@CPE11-HKG...</msg>
<status status="PASS" starttime="20201009 18:08:16.867" endtime="20201009 18:08:18.172"></status>
</kw>
<kw name="Run Keyword And Continue On Failure" library="BuiltIn">
<doc>Runs the keyword and continues execution even if a failure occurs.</doc>
<arguments>
<arg>Should Contain X Times</arg>
<arg>${result}</arg>
<arg>${up}</arg>
<arg>2</arg>
</arguments>
<kw name="Should Contain X Times" library="BuiltIn">
<doc>Fails if ``container`` does not contain ``item`` ``count`` times.</doc>
<arguments>
<arg>${result}</arg>
<arg>${up}</arg>
<arg>2</arg>
</arguments>
<msg timestamp="20201009 18:08:18.173" level="INFO">Item found from container 2 times.</msg>
<status status="PASS" starttime="20201009 18:08:18.173" endtime="20201009 18:08:18.174"></status>
</kw>
<status status="PASS" starttime="20201009 18:08:18.172" endtime="20201009 18:08:18.174"></status>
</kw>
<kw name="Get Interface Status" library="CPE2">
<arguments>
<arg>intf_name=${CPE2['WAN2_INTF']}${unit_o} | match INT</arg>
</arguments>
<assign>
<var>${result}</var>
</assign>
<msg timestamp="20201009 18:08:19.477" level="INFO">${result} = show interfaces brief | tab | match vni-0/2.0 | match INT
vni-0/2.0    00:0b:ab:f4:4f:61  up    up     2       INT-WAN-Transport-VR   172.16.6.46/30    
[ok][2020-10-09 12:30:29]
admin@CPE12-HKG-HYBRD...</msg>
<status status="PASS" starttime="20201009 18:08:18.174" endtime="20201009 18:08:19.477"></status>
</kw>
<kw name="Run Keyword And Continue On Failure" library="BuiltIn">
<doc>Runs the keyword and continues execution even if a failure occurs.</doc>
<arguments>
<arg>Should Contain X Times</arg>
<arg>${result}</arg>
<arg>${up}</arg>
<arg>2</arg>
</arguments>
<kw name="Should Contain X Times" library="BuiltIn">
<doc>Fails if ``container`` does not contain ``item`` ``count`` times.</doc>
<arguments>
<arg>${result}</arg>
<arg>${up}</arg>
<arg>2</arg>
</arguments>
<msg timestamp="20201009 18:08:19.478" level="INFO">Item found from container 2 times.</msg>
<status status="PASS" starttime="20201009 18:08:19.478" endtime="20201009 18:08:19.479"></status>
</kw>
<status status="PASS" starttime="20201009 18:08:19.478" endtime="20201009 18:08:19.479"></status>
</kw>
<status status="PASS" starttime="20201009 18:08:16.867" endtime="20201009 18:08:19.479"></status>
</kw>
<kw name="CHECK WC1 PTVI INTERFACE STATUS in CPE1">
<kw name="Get Interface Status" library="CPE1">
<arguments>
<arg>intf_name=${CPE1['ptvi_intf_wc1']}</arg>
</arguments>
<assign>
<var>${result}</var>
</assign>
<msg timestamp="20201009 18:08:20.585" level="INFO">${result} = show interfaces brief | tab | match ptvi180
ptvi180      n/a                up    up     2       IPC00190-Control-VR    10.90.64.1/32           
[ok][2020-10-09 12:30:46]
admin@CPE11-HKG-HYBRD-IPC0019...</msg>
<status status="PASS" starttime="20201009 18:08:19.480" endtime="20201009 18:08:20.585"></status>
</kw>
<kw name="Run Keyword And Continue On Failure" library="BuiltIn">
<doc>Runs the keyword and continues execution even if a failure occurs.</doc>
<arguments>
<arg>Should Contain X Times</arg>
<arg>${result}</arg>
<arg>${up}</arg>
<arg>2</arg>
</arguments>
<kw name="Should Contain X Times" library="BuiltIn">
<doc>Fails if ``container`` does not contain ``item`` ``count`` times.</doc>
<arguments>
<arg>${result}</arg>
<arg>${up}</arg>
<arg>2</arg>
</arguments>
<msg timestamp="20201009 18:08:20.586" level="INFO">Item found from container 2 times.</msg>
<status status="PASS" starttime="20201009 18:08:20.586" endtime="20201009 18:08:20.587"></status>
</kw>
<status status="PASS" starttime="20201009 18:08:20.585" endtime="20201009 18:08:20.587"></status>
</kw>
<status status="PASS" starttime="20201009 18:08:19.479" endtime="20201009 18:08:20.587"></status>
</kw>
<kw name="CHECK WC2 PTVI INTERFACE STATUS in CPE2">
<kw name="Get Interface Status" library="CPE2">
<arguments>
<arg>intf_name=${CPE2['ptvi_intf_wc2']}</arg>
</arguments>
<assign>
<var>${result}</var>
</assign>
<msg timestamp="20201009 18:08:21.692" level="INFO">${result} = show interfaces brief | tab | match ptvi181
ptvi181      n/a                up    up     2       IPC00190-Control-VR    10.90.64.11/32    
[ok][2020-10-09 12:30:31]
admin@CPE12-HKG-HYBRD-IPC00190-cli&gt;...</msg>
<status status="PASS" starttime="20201009 18:08:20.588" endtime="20201009 18:08:21.692"></status>
</kw>
<kw name="Run Keyword And Continue On Failure" library="BuiltIn">
<doc>Runs the keyword and continues execution even if a failure occurs.</doc>
<arguments>
<arg>Should Contain X Times</arg>
<arg>${result}</arg>
<arg>${up}</arg>
<arg>2</arg>
</arguments>
<kw name="Should Contain X Times" library="BuiltIn">
<doc>Fails if ``container`` does not contain ``item`` ``count`` times.</doc>
<arguments>
<arg>${result}</arg>
<arg>${up}</arg>
<arg>2</arg>
</arguments>
<msg timestamp="20201009 18:08:21.693" level="INFO">Item found from container 2 times.</msg>
<status status="PASS" starttime="20201009 18:08:21.692" endtime="20201009 18:08:21.693"></status>
</kw>
<status status="PASS" starttime="20201009 18:08:21.692" endtime="20201009 18:08:21.693"></status>
</kw>
<status status="PASS" starttime="20201009 18:08:20.587" endtime="20201009 18:08:21.693"></status>
</kw>
<kw name="CHECK WC1 PTVI INTERFACE STATUS in CPE1">
<kw name="Get Interface Status" library="CPE1">
<arguments>
<arg>intf_name=${CPE1['ptvi_intf_wc1']}</arg>
</arguments>
<assign>
<var>${result}</var>
</assign>
<msg timestamp="20201009 18:08:22.799" level="INFO">${result} = show interfaces brief | tab | match ptvi180
ptvi180      n/a                up    up     2       IPC00190-Control-VR    10.90.64.1/32           
[ok][2020-10-09 12:30:48]
admin@CPE11-HKG-HYBRD-IPC0019...</msg>
<status status="PASS" starttime="20201009 18:08:21.694" endtime="20201009 18:08:22.799"></status>
</kw>
<kw name="Run Keyword And Continue On Failure" library="BuiltIn">
<doc>Runs the keyword and continues execution even if a failure occurs.</doc>
<arguments>
<arg>Should Contain X Times</arg>
<arg>${result}</arg>
<arg>${up}</arg>
<arg>2</arg>
</arguments>
<kw name="Should Contain X Times" library="BuiltIn">
<doc>Fails if ``container`` does not contain ``item`` ``count`` times.</doc>
<arguments>
<arg>${result}</arg>
<arg>${up}</arg>
<arg>2</arg>
</arguments>
<msg timestamp="20201009 18:08:22.800" level="INFO">Item found from container 2 times.</msg>
<status status="PASS" starttime="20201009 18:08:22.800" endtime="20201009 18:08:22.800"></status>
</kw>
<status status="PASS" starttime="20201009 18:08:22.799" endtime="20201009 18:08:22.800"></status>
</kw>
<status status="PASS" starttime="20201009 18:08:21.693" endtime="20201009 18:08:22.801"></status>
</kw>
<kw name="CHECK WC2 PTVI INTERFACE STATUS in CPE2">
<kw name="Get Interface Status" library="CPE2">
<arguments>
<arg>intf_name=${CPE2['ptvi_intf_wc2']}</arg>
</arguments>
<assign>
<var>${result}</var>
</assign>
<msg timestamp="20201009 18:08:23.908" level="INFO">${result} = show interfaces brief | tab | match ptvi181
ptvi181      n/a                up    up     2       IPC00190-Control-VR    10.90.64.11/32    
[ok][2020-10-09 12:30:33]
admin@CPE12-HKG-HYBRD-IPC00190-cli&gt;...</msg>
<status status="PASS" starttime="20201009 18:08:22.802" endtime="20201009 18:08:23.908"></status>
</kw>
<kw name="Run Keyword And Continue On Failure" library="BuiltIn">
<doc>Runs the keyword and continues execution even if a failure occurs.</doc>
<arguments>
<arg>Should Contain X Times</arg>
<arg>${result}</arg>
<arg>${up}</arg>
<arg>2</arg>
</arguments>
<kw name="Should Contain X Times" library="BuiltIn">
<doc>Fails if ``container`` does not contain ``item`` ``count`` times.</doc>
<arguments>
<arg>${result}</arg>
<arg>${up}</arg>
<arg>2</arg>
</arguments>
<msg timestamp="20201009 18:08:23.909" level="INFO">Item found from container 2 times.</msg>
<status status="PASS" starttime="20201009 18:08:23.909" endtime="20201009 18:08:23.909"></status>
</kw>
<status status="PASS" starttime="20201009 18:08:23.908" endtime="20201009 18:08:23.909"></status>
</kw>
<status status="PASS" starttime="20201009 18:08:22.802" endtime="20201009 18:08:23.909"></status>
</kw>
<kw name="CHECK WC1 BGP NEIGHBOR STATUS in CPE1 &amp; CPE2">
<kw name="Get Bgp Nbr Status" library="CPE1">
<arguments>
<arg>nbr_ip=${CPE1['WC1_ESP_IP']}</arg>
</arguments>
<assign>
<var>${result}</var>
</assign>
<msg timestamp="20201009 18:08:25.422" level="INFO">${result} = show bgp neighbor org IPC00190 brief IPC00190-Control-VR | match 10.90.64.1
10.90.64.1      21:20:03   Established     102          10      40938        179
10.90.64.11     21:19:52   Established     ...</msg>
<status status="PASS" starttime="20201009 18:08:23.910" endtime="20201009 18:08:25.422"></status>
</kw>
<kw name="CHECK RESULT">
<doc>Check result contains expected value</doc>
<arguments>
<arg>actual=${result}</arg>
<arg>expected=${est}</arg>
</arguments>
<kw name="Log" library="BuiltIn">
<doc>Logs the given message with the given level.</doc>
<arguments>
<arg>${actual}</arg>
</arguments>
<msg timestamp="20201009 18:08:25.428" level="INFO">show bgp neighbor org IPC00190 brief IPC00190-Control-VR | match 10.90.64.1
10.90.64.1      21:20:03   Established     102          10      40938        179
10.90.64.11     21:19:52   Established     106          10      40508        179
[ok][2020-10-09 12:30:51]
admin@CPE11-HKG-HYBRD-IPC00190-cli&gt; </msg>
<status status="PASS" starttime="20201009 18:08:25.427" endtime="20201009 18:08:25.428"></status>
</kw>
<kw name="Log" library="BuiltIn">
<doc>Logs the given message with the given level.</doc>
<arguments>
<arg>${expected}</arg>
</arguments>
<msg timestamp="20201009 18:08:25.429" level="INFO">Established</msg>
<status status="PASS" starttime="20201009 18:08:25.428" endtime="20201009 18:08:25.429"></status>
</kw>
<kw name="Run Keyword And Continue On Failure" library="BuiltIn">
<doc>Runs the keyword and continues execution even if a failure occurs.</doc>
<arguments>
<arg>should match regexp</arg>
<arg>${actual}</arg>
<arg>${expected}</arg>
</arguments>
<kw name="Should Match Regexp" library="BuiltIn">
<doc>Fails if ``string`` does not match ``pattern`` as a regular expression.</doc>
<arguments>
<arg>${actual}</arg>
<arg>${expected}</arg>
</arguments>
<status status="PASS" starttime="20201009 18:08:25.429" endtime="20201009 18:08:25.430"></status>
</kw>
<status status="PASS" starttime="20201009 18:08:25.429" endtime="20201009 18:08:25.430"></status>
</kw>
<status status="PASS" starttime="20201009 18:08:25.422" endtime="20201009 18:08:25.430"></status>
</kw>
<kw name="Get Bgp Nbr Status" library="CPE2">
<arguments>
<arg>nbr_ip=${CPE2['WC1_ESP_IP']}</arg>
</arguments>
<assign>
<var>${result}</var>
</assign>
<msg timestamp="20201009 18:08:26.943" level="INFO">${result} = show bgp neighbor org IPC00190 brief IPC00190-Control-VR | match 10.90.64.1
10.90.64.1      1d01h01m   Established     111           5      46858        179
10.90.64.11     1d01h01m   Established     ...</msg>
<status status="PASS" starttime="20201009 18:08:25.432" endtime="20201009 18:08:26.943"></status>
</kw>
<kw name="CHECK RESULT">
<doc>Check result contains expected value</doc>
<arguments>
<arg>actual=${result}</arg>
<arg>expected=${est}</arg>
</arguments>
<kw name="Log" library="BuiltIn">
<doc>Logs the given message with the given level.</doc>
<arguments>
<arg>${actual}</arg>
</arguments>
<msg timestamp="20201009 18:08:26.944" level="INFO">show bgp neighbor org IPC00190 brief IPC00190-Control-VR | match 10.90.64.1
10.90.64.1      1d01h01m   Established     111           5      46858        179
10.90.64.11     1d01h01m   Established     115           5      33259        179
[ok][2020-10-09 12:30:36]
admin@CPE12-HKG-HYBRD-IPC00190-cli&gt; </msg>
<status status="PASS" starttime="20201009 18:08:26.944" endtime="20201009 18:08:26.944"></status>
</kw>
<kw name="Log" library="BuiltIn">
<doc>Logs the given message with the given level.</doc>
<arguments>
<arg>${expected}</arg>
</arguments>
<msg timestamp="20201009 18:08:26.945" level="INFO">Established</msg>
<status status="PASS" starttime="20201009 18:08:26.945" endtime="20201009 18:08:26.945"></status>
</kw>
<kw name="Run Keyword And Continue On Failure" library="BuiltIn">
<doc>Runs the keyword and continues execution even if a failure occurs.</doc>
<arguments>
<arg>should match regexp</arg>
<arg>${actual}</arg>
<arg>${expected}</arg>
</arguments>
<kw name="Should Match Regexp" library="BuiltIn">
<doc>Fails if ``string`` does not match ``pattern`` as a regular expression.</doc>
<arguments>
<arg>${actual}</arg>
<arg>${expected}</arg>
</arguments>
<status status="PASS" starttime="20201009 18:08:26.946" endtime="20201009 18:08:26.946"></status>
</kw>
<status status="PASS" starttime="20201009 18:08:26.945" endtime="20201009 18:08:26.946"></status>
</kw>
<status status="PASS" starttime="20201009 18:08:26.943" endtime="20201009 18:08:26.947"></status>
</kw>
<status status="PASS" starttime="20201009 18:08:23.910" endtime="20201009 18:08:26.947"></status>
</kw>
<kw name="CHECK WC2 BGP NEIGHBOR STATUS in CPE1 &amp; CPE2">
<kw name="Get Bgp Nbr Status" library="CPE1">
<arguments>
<arg>nbr_ip=${CPE1['WC2_ESP_IP']}</arg>
</arguments>
<assign>
<var>${result}</var>
</assign>
<msg timestamp="20201009 18:08:28.251" level="INFO">${result} = show bgp neighbor org IPC00190 brief IPC00190-Control-VR | match 10.90.64.11
10.90.64.11     21:19:55   Established     106          10      40508        179
[ok][2020-10-09 12:30:54]
admin@CPE11-HKG-...</msg>
<status status="PASS" starttime="20201009 18:08:26.948" endtime="20201009 18:08:28.251"></status>
</kw>
<kw name="CHECK RESULT">
<doc>Check result contains expected value</doc>
<arguments>
<arg>actual=${result}</arg>
<arg>expected=${est}</arg>
</arguments>
<kw name="Log" library="BuiltIn">
<doc>Logs the given message with the given level.</doc>
<arguments>
<arg>${actual}</arg>
</arguments>
<msg timestamp="20201009 18:08:28.253" level="INFO">show bgp neighbor org IPC00190 brief IPC00190-Control-VR | match 10.90.64.11
10.90.64.11     21:19:55   Established     106          10      40508        179
[ok][2020-10-09 12:30:54]
admin@CPE11-HKG-HYBRD-IPC00190-cli&gt; </msg>
<status status="PASS" starttime="20201009 18:08:28.252" endtime="20201009 18:08:28.254"></status>
</kw>
<kw name="Log" library="BuiltIn">
<doc>Logs the given message with the given level.</doc>
<arguments>
<arg>${expected}</arg>
</arguments>
<msg timestamp="20201009 18:08:28.255" level="INFO">Established</msg>
<status status="PASS" starttime="20201009 18:08:28.255" endtime="20201009 18:08:28.255"></status>
</kw>
<kw name="Run Keyword And Continue On Failure" library="BuiltIn">
<doc>Runs the keyword and continues execution even if a failure occurs.</doc>
<arguments>
<arg>should match regexp</arg>
<arg>${actual}</arg>
<arg>${expected}</arg>
</arguments>
<kw name="Should Match Regexp" library="BuiltIn">
<doc>Fails if ``string`` does not match ``pattern`` as a regular expression.</doc>
<arguments>
<arg>${actual}</arg>
<arg>${expected}</arg>
</arguments>
<status status="PASS" starttime="20201009 18:08:28.257" endtime="20201009 18:08:28.258"></status>
</kw>
<status status="PASS" starttime="20201009 18:08:28.256" endtime="20201009 18:08:28.258"></status>
</kw>
<status status="PASS" starttime="20201009 18:08:28.251" endtime="20201009 18:08:28.258"></status>
</kw>
<kw name="Get Bgp Nbr Status" library="CPE2">
<arguments>
<arg>nbr_ip=${CPE2['WC2_ESP_IP']}</arg>
</arguments>
<assign>
<var>${result}</var>
</assign>
<msg timestamp="20201009 18:08:29.563" level="INFO">${result} = show bgp neighbor org IPC00190 brief IPC00190-Control-VR | match 10.90.64.11
10.90.64.11     1d01h01m   Established     115           5      33259        179
[ok][2020-10-09 12:30:39]
admin@CPE12-HKG-...</msg>
<status status="PASS" starttime="20201009 18:08:28.258" endtime="20201009 18:08:29.563"></status>
</kw>
<kw name="CHECK RESULT">
<doc>Check result contains expected value</doc>
<arguments>
<arg>actual=${result}</arg>
<arg>expected=${est}</arg>
</arguments>
<kw name="Log" library="BuiltIn">
<doc>Logs the given message with the given level.</doc>
<arguments>
<arg>${actual}</arg>
</arguments>
<msg timestamp="20201009 18:08:29.565" level="INFO">show bgp neighbor org IPC00190 brief IPC00190-Control-VR | match 10.90.64.11
10.90.64.11     1d01h01m   Established     115           5      33259        179
[ok][2020-10-09 12:30:39]
admin@CPE12-HKG-HYBRD-IPC00190-cli&gt; </msg>
<status status="PASS" starttime="20201009 18:08:29.564" endtime="20201009 18:08:29.565"></status>
</kw>
<kw name="Log" library="BuiltIn">
<doc>Logs the given message with the given level.</doc>
<arguments>
<arg>${expected}</arg>
</arguments>
<msg timestamp="20201009 18:08:29.565" level="INFO">Established</msg>
<status status="PASS" starttime="20201009 18:08:29.565" endtime="20201009 18:08:29.565"></status>
</kw>
<kw name="Run Keyword And Continue On Failure" library="BuiltIn">
<doc>Runs the keyword and continues execution even if a failure occurs.</doc>
<arguments>
<arg>should match regexp</arg>
<arg>${actual}</arg>
<arg>${expected}</arg>
</arguments>
<kw name="Should Match Regexp" library="BuiltIn">
<doc>Fails if ``string`` does not match ``pattern`` as a regular expression.</doc>
<arguments>
<arg>${actual}</arg>
<arg>${expected}</arg>
</arguments>
<status status="PASS" starttime="20201009 18:08:29.566" endtime="20201009 18:08:29.566"></status>
</kw>
<status status="PASS" starttime="20201009 18:08:29.566" endtime="20201009 18:08:29.566"></status>
</kw>
<status status="PASS" starttime="20201009 18:08:29.563" endtime="20201009 18:08:29.566"></status>
</kw>
<status status="PASS" starttime="20201009 18:08:26.947" endtime="20201009 18:08:29.567"></status>
</kw>
<kw name="CHECK CPE2 LAN ROUTE Present in CPE1">
<kw name="Check Lan Route" library="CPE1">
<arguments>
<arg>lan=1</arg>
</arguments>
<assign>
<var>${result}</var>
</assign>
<msg timestamp="20201009 18:08:32.284" level="INFO">${result} = routing_instance     Prot     Type     DestAddresswithMask     Nexthop     Interfacename
LAN1-VRF BGP N/A +10.90.47.64/30 40.90.1.2 Indirect
LAN1-VRF BGP N/A +10.91.0.0/16 192.169.101.9 vni-0/4.600
LA...</msg>
<status status="PASS" starttime="20201009 18:08:29.567" endtime="20201009 18:08:32.284"></status>
</kw>
<kw name="Convert To String" library="BuiltIn">
<doc>Converts the given item to a Unicode string.</doc>
<arguments>
<arg>\\+${CPE2['lan'][1]['nw']}\\s+${CPE2['ESP_IP']}</arg>
</arguments>
<assign>
<var>${active_dest_route}</var>
</assign>
<msg timestamp="20201009 18:08:32.285" level="INFO">${active_dest_route} = \+192.169.111.0/24\s+20.20.90.12</msg>
<status status="PASS" starttime="20201009 18:08:32.285" endtime="20201009 18:08:32.285"></status>
</kw>
<kw name="CHECK RESULT">
<doc>Check result contains expected value</doc>
<arguments>
<arg>actual=${result}</arg>
<arg>expected=${active_dest_route}</arg>
</arguments>
<kw name="Log" library="BuiltIn">
<doc>Logs the given message with the given level.</doc>
<arguments>
<arg>${actual}</arg>
</arguments>
<msg timestamp="20201009 18:08:32.287" level="INFO">routing_instance     Prot     Type     DestAddresswithMask     Nexthop     Interfacename
LAN1-VRF BGP N/A +10.90.47.64/30 40.90.1.2 Indirect
LAN1-VRF BGP N/A +10.91.0.0/16 192.169.101.9 vni-0/4.600
LAN1-VRF BGP N/A +10.91.240.0/26 192.169.101.9 vni-0/4.600
LAN1-VRF BGP N/A +123.1.2.3/32 20.20.90.26 Indirect
LAN1-VRF BGP N/A 123.1.2.3/32 40.90.1.2 Indirect
LAN1-VRF BGP N/A +123.1.2.4/32 192.169.101.9 vni-0/4.600
LAN1-VRF BGP N/A +140.30.40.30/32 20.20.90.26 Indirect
LAN1-VRF BGP N/A 140.30.40.30/32 40.90.1.2 Indirect
LAN1-VRF conn N/A +169.254.0.2/31 0.0.0.0 tvi-0/603.0
LAN1-VRF local N/A +169.254.0.3/32 0.0.0.0 directly connected
LAN1-VRF conn N/A +192.169.101.0/24 0.0.0.0 vni-0/4.600
LAN1-VRF BGP N/A 192.169.101.0/24 192.169.101.9 vni-0/4.600
LAN1-VRF local N/A +192.169.101.1/32 0.0.0.0 directly connected
LAN1-VRF BGP N/A +192.169.111.0/24 20.20.90.12 Indirect
LAN1-VRF BGP N/A 192.169.111.0/24 40.90.1.2 Indirect
LAN1-VRF BGP N/A +192.170.1.0/24 20.20.90.26 Indirect
LAN1-VRF BGP N/A 192.170.1.0/24 40.90.1.2 Indirect
LAN1-VRF BGP N/A +192.170.11.0/24 20.20.90.27 Indirect
LAN1-VRF BGP N/A 192.170.11.0/24 40.90.6.1 Indirect
LAN1-VRF BGP N/A 192.170.11.0/24 40.90.6.2 Indirect
LAN1-VRF BGP N/A +193.90.2.0/30 40.90.1.2 Indirect
</msg>
<status status="PASS" starttime="20201009 18:08:32.286" endtime="20201009 18:08:32.287"></status>
</kw>
<kw name="Log" library="BuiltIn">
<doc>Logs the given message with the given level.</doc>
<arguments>
<arg>${expected}</arg>
</arguments>
<msg timestamp="20201009 18:08:32.287" level="INFO">\+192.169.111.0/24\s+20.20.90.12</msg>
<status status="PASS" starttime="20201009 18:08:32.287" endtime="20201009 18:08:32.287"></status>
</kw>
<kw name="Run Keyword And Continue On Failure" library="BuiltIn">
<doc>Runs the keyword and continues execution even if a failure occurs.</doc>
<arguments>
<arg>should match regexp</arg>
<arg>${actual}</arg>
<arg>${expected}</arg>
</arguments>
<kw name="Should Match Regexp" library="BuiltIn">
<doc>Fails if ``string`` does not match ``pattern`` as a regular expression.</doc>
<arguments>
<arg>${actual}</arg>
<arg>${expected}</arg>
</arguments>
<status status="PASS" starttime="20201009 18:08:32.288" endtime="20201009 18:08:32.288"></status>
</kw>
<status status="PASS" starttime="20201009 18:08:32.287" endtime="20201009 18:08:32.288"></status>
</kw>
<status status="PASS" starttime="20201009 18:08:32.286" endtime="20201009 18:08:32.288"></status>
</kw>
<status status="PASS" starttime="20201009 18:08:29.567" endtime="20201009 18:08:32.289"></status>
</kw>
<kw name="CHECK CPE1 LAN ROUTE Present in CPE2">
<kw name="Check Lan Route" library="CPE2">
<arguments>
<arg>lan=1</arg>
</arguments>
<assign>
<var>${result}</var>
</assign>
<msg timestamp="20201009 18:08:35.200" level="INFO">${result} = routing_instance     Prot     Type     DestAddresswithMask     Nexthop     Interfacename
LAN1-VRF BGP N/A +0.0.0.0/0 169.254.0.2 tvi-0/603.0
LAN1-VRF BGP N/A +10.90.47.64/30 40.90.1.2 Indirect
LAN1-VR...</msg>
<status status="PASS" starttime="20201009 18:08:32.289" endtime="20201009 18:08:35.200"></status>
</kw>
<kw name="Convert To String" library="BuiltIn">
<doc>Converts the given item to a Unicode string.</doc>
<arguments>
<arg>\\+${CPE1['lan'][1]['nw']}\\s+${CPE1['ESP_IP']}</arg>
</arguments>
<assign>
<var>${active_dest_route}</var>
</assign>
<msg timestamp="20201009 18:08:35.201" level="INFO">${active_dest_route} = \+192.169.101.0/24\s+20.20.90.11</msg>
<status status="PASS" starttime="20201009 18:08:35.200" endtime="20201009 18:08:35.201"></status>
</kw>
<kw name="CHECK RESULT">
<doc>Check result contains expected value</doc>
<arguments>
<arg>actual=${result}</arg>
<arg>expected=${active_dest_route}</arg>
</arguments>
<kw name="Log" library="BuiltIn">
<doc>Logs the given message with the given level.</doc>
<arguments>
<arg>${actual}</arg>
</arguments>
<msg timestamp="20201009 18:08:35.202" level="INFO">routing_instance     Prot     Type     DestAddresswithMask     Nexthop     Interfacename
LAN1-VRF BGP N/A +0.0.0.0/0 169.254.0.2 tvi-0/603.0
LAN1-VRF BGP N/A +10.90.47.64/30 40.90.1.2 Indirect
LAN1-VRF BGP N/A +10.91.0.0/16 20.20.90.11 Indirect
LAN1-VRF BGP N/A 10.91.0.0/16 40.90.1.2 Indirect
LAN1-VRF BGP N/A +10.91.240.0/26 20.20.90.11 Indirect
LAN1-VRF BGP N/A 10.91.240.0/26 40.90.1.2 Indirect
LAN1-VRF BGP N/A +123.1.2.3/32 20.20.90.26 Indirect
LAN1-VRF BGP N/A 123.1.2.3/32 40.90.1.2 Indirect
LAN1-VRF BGP N/A +123.1.2.4/32 20.20.90.11 Indirect
LAN1-VRF BGP N/A 123.1.2.4/32 40.90.1.2 Indirect
LAN1-VRF BGP N/A +140.30.40.30/32 20.20.90.26 Indirect
LAN1-VRF BGP N/A 140.30.40.30/32 40.90.1.2 Indirect
LAN1-VRF conn N/A +169.254.0.2/31 0.0.0.0 tvi-0/603.0
LAN1-VRF local N/A +169.254.0.3/32 0.0.0.0 directly connected
LAN1-VRF BGP N/A +192.169.101.0/24 20.20.90.11 Indirect
LAN1-VRF BGP N/A 192.169.101.0/24 40.90.1.2 Indirect
LAN1-VRF BGP N/A 192.169.111.0/24 40.90.1.2 Indirect
LAN1-VRF conn N/A +192.169.111.0/24 0.0.0.0 vni-0/4.610
LAN1-VRF local N/A +192.169.111.1/32 0.0.0.0 directly connected
LAN1-VRF BGP N/A +192.170.1.0/24 20.20.90.26 Indirect
LAN1-VRF BGP N/A 192.170.1.0/24 40.90.1.2 Indirect
LAN1-VRF BGP N/A +192.170.11.0/24 20.20.90.27 Indirect
LAN1-VRF BGP N/A 192.170.11.0/24 40.90.6.1 Indirect
LAN1-VRF BGP N/A 192.170.11.0/24 40.90.6.2 Indirect
LAN1-VRF BGP N/A +193.90.2.0/30 40.90.1.2 Indirect
</msg>
<status status="PASS" starttime="20201009 18:08:35.201" endtime="20201009 18:08:35.202"></status>
</kw>
<kw name="Log" library="BuiltIn">
<doc>Logs the given message with the given level.</doc>
<arguments>
<arg>${expected}</arg>
</arguments>
<msg timestamp="20201009 18:08:35.202" level="INFO">\+192.169.101.0/24\s+20.20.90.11</msg>
<status status="PASS" starttime="20201009 18:08:35.202" endtime="20201009 18:08:35.202"></status>
</kw>
<kw name="Run Keyword And Continue On Failure" library="BuiltIn">
<doc>Runs the keyword and continues execution even if a failure occurs.</doc>
<arguments>
<arg>should match regexp</arg>
<arg>${actual}</arg>
<arg>${expected}</arg>
</arguments>
<kw name="Should Match Regexp" library="BuiltIn">
<doc>Fails if ``string`` does not match ``pattern`` as a regular expression.</doc>
<arguments>
<arg>${actual}</arg>
<arg>${expected}</arg>
</arguments>
<status status="PASS" starttime="20201009 18:08:35.203" endtime="20201009 18:08:35.203"></status>
</kw>
<status status="PASS" starttime="20201009 18:08:35.203" endtime="20201009 18:08:35.204"></status>
</kw>
<status status="PASS" starttime="20201009 18:08:35.201" endtime="20201009 18:08:35.204"></status>
</kw>
<status status="PASS" starttime="20201009 18:08:32.289" endtime="20201009 18:08:35.204"></status>
</kw>
<doc>SANITY CHECKS on vCPE</doc>
<tags>
<tag>SANITY01</tag>
</tags>
<status status="PASS" starttime="20201009 18:08:14.053" endtime="20201009 18:08:35.204" critical="yes"></status>
</test>
<test id="s1-t2" name="NV_SINGLE_CPE_HYBRID_SANITY_02">
<kw name="Ping Test VM1 to VM2(1 LAN)">
<tags>
<tag>HYBRID</tag>
</tags>
<kw name="Set Variable" library="BuiltIn">
<doc>Returns the given values which can then be assigned to a variables.</doc>
<arguments>
<arg>${VM2['lan'][1]['second_host']}</arg>
</arguments>
<assign>
<var>${destip}</var>
</assign>
<msg timestamp="20201009 18:08:35.207" level="INFO">${destip} = 192.169.111.2</msg>
<status status="PASS" starttime="20201009 18:08:35.206" endtime="20201009 18:08:35.207"></status>
</kw>
<kw name="Shell Ping" library="VM1">
<arguments>
<arg>${destip}</arg>
</arguments>
<assign>
<var>${result}</var>
</assign>
<msg timestamp="20201009 18:08:40.036" level="INFO">sudo ping 192.169.111.2 -c 5
sudo ping 192.169.111.2 -c 5
PING 192.169.111.2 (192.169.111.2) 56(84) bytes of data.
64 bytes from 192.169.111.2: icmp_seq=1 ttl=62 time=2.36 ms
64 bytes from 192.169.111.2: icmp_seq=2 ttl=62 time=2.40 ms
64 bytes from 192.169.111.2: icmp_seq=3 ttl=62 time=2.36 ms
64 bytes from 192.169.111.2: icmp_seq=4 ttl=62 time=2.12 ms
64 bytes from 192.169.111.2: icmp_seq=5 ttl=62 time=1.79 ms

--- 192.169.111.2 ping statistics ---
5 packets transmitted, 5 received, 0% packet loss, time 4006ms
rtt min/avg/max/mdev = 1.796/2.210/2.404/0.231 ms
root@VM1:~#</msg>
<msg timestamp="20201009 18:08:40.036" level="INFO">${result} = True</msg>
<status status="PASS" starttime="20201009 18:08:35.207" endtime="20201009 18:08:40.036"></status>
</kw>
<kw name="CHECK RESULT">
<doc>Check result contains expected value</doc>
<arguments>
<arg>actual=${result}</arg>
</arguments>
<kw name="Log" library="BuiltIn">
<doc>Logs the given message with the given level.</doc>
<arguments>
<arg>${actual}</arg>
</arguments>
<msg timestamp="20201009 18:08:40.038" level="INFO">True</msg>
<status status="PASS" starttime="20201009 18:08:40.037" endtime="20201009 18:08:40.038"></status>
</kw>
<kw name="Log" library="BuiltIn">
<doc>Logs the given message with the given level.</doc>
<arguments>
<arg>${expected}</arg>
</arguments>
<msg timestamp="20201009 18:08:40.039" level="INFO">True</msg>
<status status="PASS" starttime="20201009 18:08:40.038" endtime="20201009 18:08:40.039"></status>
</kw>
<kw name="Run Keyword And Continue On Failure" library="BuiltIn">
<doc>Runs the keyword and continues execution even if a failure occurs.</doc>
<arguments>
<arg>should match regexp</arg>
<arg>${actual}</arg>
<arg>${expected}</arg>
</arguments>
<kw name="Should Match Regexp" library="BuiltIn">
<doc>Fails if ``string`` does not match ``pattern`` as a regular expression.</doc>
<arguments>
<arg>${actual}</arg>
<arg>${expected}</arg>
</arguments>
<status status="PASS" starttime="20201009 18:08:40.039" endtime="20201009 18:08:40.040"></status>
</kw>
<status status="PASS" starttime="20201009 18:08:40.039" endtime="20201009 18:08:40.040"></status>
</kw>
<status status="PASS" starttime="20201009 18:08:40.036" endtime="20201009 18:08:40.040"></status>
</kw>
<status status="PASS" starttime="20201009 18:08:35.206" endtime="20201009 18:08:40.040"></status>
</kw>
<kw name="Ping Test VM2 to VM1(1 LAN)">
<tags>
<tag>HYBRID</tag>
</tags>
<kw name="Set Variable" library="BuiltIn">
<doc>Returns the given values which can then be assigned to a variables.</doc>
<arguments>
<arg>${VM1['lan'][1]['second_host']}</arg>
</arguments>
<assign>
<var>${destip}</var>
</assign>
<msg timestamp="20201009 18:08:40.042" level="INFO">${destip} = 192.169.101.2</msg>
<status status="PASS" starttime="20201009 18:08:40.042" endtime="20201009 18:08:40.042"></status>
</kw>
<kw name="Shell Ping" library="VM2">
<arguments>
<arg>${destip}</arg>
</arguments>
<assign>
<var>${result}</var>
</assign>
<msg timestamp="20201009 18:08:44.972" level="INFO">sudo ping 192.169.101.2 -c 5
sudo ping 192.169.101.2 -c 5
PING 192.169.101.2 (192.169.101.2) 56(84) bytes of data.
64 bytes from 192.169.101.2: icmp_seq=1 ttl=62 time=2.98 ms
64 bytes from 192.169.101.2: icmp_seq=2 ttl=62 time=1.94 ms
64 bytes from 192.169.101.2: icmp_seq=3 ttl=62 time=2.20 ms
64 bytes from 192.169.101.2: icmp_seq=4 ttl=62 time=2.06 ms
64 bytes from 192.169.101.2: icmp_seq=5 ttl=62 time=2.29 ms

--- 192.169.101.2 ping statistics ---
5 packets transmitted, 5 received, 0% packet loss, time 4005ms
rtt min/avg/max/mdev = 1.947/2.299/2.985/0.368 ms
root@CPE12-VM1:~#</msg>
<msg timestamp="20201009 18:08:44.972" level="INFO">${result} = True</msg>
[...]
<arguments>
<arg>actual=${result}</arg>
<arg>expected=LAN1-VRF-Business3\\s+0</arg>
</arguments>
<kw name="Log" library="BuiltIn">
<doc>Logs the given message with the given level.</doc>
<arguments>
<arg>${actual}</arg>
</arguments>
<msg timestamp="20201009 18:24:33.245" level="INFO">show orgs org-services IPC00190 class-of-service qos-policies Default-Policy rules | tab | nomore
                                  QOS     QOS    QOS      QOS      QOS      PPS      PPS      KBPS     KBPS     
                           QOS    DROP    DROP   FORWARD  FORWARD  SESSION  POLICER  POLICER  POLICER  POLICER  
                           HIT    PACKET  BYTE   PACKET   BYTE     DENY     PKTS     BYTES    PKTS     BYTES    
RULE NAME                  COUNT  COUNT   COUNT  COUNT    COUNT    COUNT    DROPPED  DROPPED  DROPPED  DROPPED  
----------------------------------------------------------------------------------------------------------------
LAN1-VRF-Premium           1      0       0      13892    2167152  0        0        0        0        0        
LAN1-VRF-Business1         0      0       0      0        0        0        0        0        0        0        
LAN1-VRF-Business2         0      0       0      0        0        0        0        0        0        0        
LAN1-VRF-Business3         0      0       0      0        0        0        0        0        0        0        
LAN1-VRF-Internet-Default  17     0       0      17       1249     0        0        0        0        0        
IPSEC_IN                   4      0       0      4        240      0        0        0        0        0        
IPSEC_OUT                  0      0       0      0        0        0        0        0        0        0        
ARP_IN                     0      0       0      0        0        0        0        0        0        0        
ARP_OUT                    0      0       0      0        0        0        0        0        0        0        
DHCP_IN                    0      0       0      0        0        0        0        0        0        0        
DHCP_OUT                   0      0       0      0        0        0        0        0        0        0        
INT_OUT                    0      0       0      0        0        0        0        0        0        0        
INT_IN                     13     0       0      13       1180     0        0        0        0        0        
WAN_IN                     13     0       0      0        0        13       0        0        0        0        
WAN_OUT                    0      0       0      0        0        0        0        0        0        0        

[ok][2020-10-09 12:46:59]
admin@CPE11-HKG-HYBRD-IPC00190-cli&gt; </msg>
<status status="PASS" starttime="20201009 18:24:33.245" endtime="20201009 18:24:33.245"></status>
</kw>
<kw name="Log" library="BuiltIn">
<doc>Logs the given message with the given level.</doc>
<arguments>
<arg>${expected}</arg>
</arguments>
<msg timestamp="20201009 18:24:33.245" level="INFO">LAN1-VRF-Business3\s+0</msg>
<status status="PASS" starttime="20201009 18:24:33.245" endtime="20201009 18:24:33.246"></status>
</kw>
<kw name="Run Keyword And Continue On Failure" library="BuiltIn">
<doc>Runs the keyword and continues execution even if a failure occurs.</doc>
<arguments>
<arg>should match regexp</arg>
<arg>${actual}</arg>
<arg>${expected}</arg>
</arguments>
<kw name="Should Match Regexp" library="BuiltIn">
<doc>Fails if ``string`` does not match ``pattern`` as a regular expression.</doc>
<arguments>
<arg>${actual}</arg>
<arg>${expected}</arg>
</arguments>
<status status="PASS" starttime="20201009 18:24:33.246" endtime="20201009 18:24:33.246"></status>
</kw>
<status status="PASS" starttime="20201009 18:24:33.246" endtime="20201009 18:24:33.246"></status>
</kw>
<status status="PASS" starttime="20201009 18:24:33.244" endtime="20201009 18:24:33.247"></status>
</kw>
<kw name="CHECK RESULT">
<doc>Check result contains expected value</doc>
<arguments>
<arg>actual=${result}</arg>
<arg>expected=LAN1-VRF-Internet-Default\\s+(\\d{1})</arg>
</arguments>
<kw name="Log" library="BuiltIn">
<doc>Logs the given message with the given level.</doc>
<arguments>
<arg>${actual}</arg>
</arguments>
<msg timestamp="20201009 18:24:33.248" level="INFO">show orgs org-services IPC00190 class-of-service qos-policies Default-Policy rules | tab | nomore
                                  QOS     QOS    QOS      QOS      QOS      PPS      PPS      KBPS     KBPS     
                           QOS    DROP    DROP   FORWARD  FORWARD  SESSION  POLICER  POLICER  POLICER  POLICER  
                           HIT    PACKET  BYTE   PACKET   BYTE     DENY     PKTS     BYTES    PKTS     BYTES    
RULE NAME                  COUNT  COUNT   COUNT  COUNT    COUNT    COUNT    DROPPED  DROPPED  DROPPED  DROPPED  
----------------------------------------------------------------------------------------------------------------
LAN1-VRF-Premium           1      0       0      13892    2167152  0        0        0        0        0        
LAN1-VRF-Business1         0      0       0      0        0        0        0        0        0        0        
LAN1-VRF-Business2         0      0       0      0        0        0        0        0        0        0        
LAN1-VRF-Business3         0      0       0      0        0        0        0        0        0        0        
LAN1-VRF-Internet-Default  17     0       0      17       1249     0        0        0        0        0        
IPSEC_IN                   4      0       0      4        240      0        0        0        0        0        
IPSEC_OUT                  0      0       0      0        0        0        0        0        0        0        
ARP_IN                     0      0       0      0        0        0        0        0        0        0        
ARP_OUT                    0      0       0      0        0        0        0        0        0        0        
DHCP_IN                    0      0       0      0        0        0        0        0        0        0        
DHCP_OUT                   0      0       0      0        0        0        0        0        0        0        
INT_OUT                    0      0       0      0        0        0        0        0        0        0        
INT_IN                     13     0       0      13       1180     0        0        0        0        0        
WAN_IN                     13     0       0      0        0        13       0        0        0        0        
WAN_OUT                    0      0       0      0        0        0        0        0        0        0        

[ok][2020-10-09 12:46:59]
admin@CPE11-HKG-HYBRD-IPC00190-cli&gt; </msg>
<status status="PASS" starttime="20201009 18:24:33.248" endtime="20201009 18:24:33.248"></status>
</kw>
<kw name="Log" library="BuiltIn">
<doc>Logs the given message with the given level.</doc>
<arguments>
<arg>${expected}</arg>
</arguments>
<msg timestamp="20201009 18:24:33.249" level="INFO">LAN1-VRF-Internet-Default\s+(\d{1})</msg>
<status status="PASS" starttime="20201009 18:24:33.248" endtime="20201009 18:24:33.249"></status>
</kw>
<kw name="Run Keyword And Continue On Failure" library="BuiltIn">
<doc>Runs the keyword and continues execution even if a failure occurs.</doc>
<arguments>
<arg>should match regexp</arg>
<arg>${actual}</arg>
<arg>${expected}</arg>
</arguments>
<kw name="Should Match Regexp" library="BuiltIn">
<doc>Fails if ``string`` does not match ``pattern`` as a regular expression.</doc>
<arguments>
<arg>${actual}</arg>
<arg>${expected}</arg>
</arguments>
<status status="PASS" starttime="20201009 18:24:33.250" endtime="20201009 18:24:33.251"></status>
</kw>
<status status="PASS" starttime="20201009 18:24:33.249" endtime="20201009 18:24:33.251"></status>
</kw>
<status status="PASS" starttime="20201009 18:24:33.247" endtime="20201009 18:24:33.252"></status>
</kw>
<kw name="Stop Stream Traffic" library="spirent1">
<arguments>
<arg>${stream1['stream_id']}</arg>
</arguments>
<msg timestamp="20201009 18:24:47.109" level="INFO">***** run sth.traffic_control successfully</msg>
<status status="PASS" starttime="20201009 18:24:33.254" endtime="20201009 18:24:47.109"></status>
</kw>
<kw name="Modify Qos Device Config" library="VD1">
<arguments>
<arg>${CPE1['Device_name']}</arg>
<arg>${cpe1['ORG_NAME']}</arg>
<arg>revert_qos_ip_based_premium.j2</arg>
<arg>dst_address_obj=${ipaddobj_2}</arg>
</arguments>
<msg timestamp="20201009 18:24:47.110" level="INFO">

STEP :CONFIG QOS
</msg>
<msg timestamp="20201009 18:24:47.113" level="INFO">
delete devices device CPE11-HKG-HYBRD-IPC00190 config orgs org-services IPC00190 class-of-service qos-policies Default-Policy rules LAN1-VRF-Premium match destination address address-list dst_ip_add_obj11

set devices device CPE11-HKG-HYBRD-IPC00190 config orgs org-services IPC00190 class-of-service qos-policies Default-Policy rules LAN1-VRF-Premium match dscp [ 46 ]
move devices device CPE11-HKG-HYBRD-IPC00190 config orgs org-services IPC00190 class-of-service qos-policies Default-Policy rules LAN1-VRF-Premium first
</msg>
<status status="PASS" starttime="20201009 18:24:47.109" endtime="20201009 18:25:00.352"></status>
</kw>
<kw name="Move Qos Policy Rule" library="VD1">
<arguments>
<arg>${CPE1['Device_name']}</arg>
<arg>${cpe1['ORG_NAME']}</arg>
<arg>Default-Policy</arg>
<arg>LAN1-VRF-Premium</arg>
<arg>first</arg>
</arguments>
<msg timestamp="20201009 18:25:14.738" level="INFO">configure private
Entering configuration mode private
[ok][2020-10-09 12:59:28]

[edit]
Automated@VDir-BLR-NEW-01% move devices device CPE11-HKG-HYBRD-IPC00190 config orgs org-services IPC00190 class-of-service qos-policies Default-Policy rules LAN1-VRF-Premium first
[ok][2020-10-09 12:59:31]

[edit]
Automated@VDir-BLR-NEW-01% commit
No modifications to commit.
[ok][2020-10-09 12:59:31]

[edit]
Automated@VDir-BLR-NEW-01% exit configuration-mode
[ok][2020-10-09 12:59:36]
Automated@VDir-BLR-NEW-01&gt;</msg>
<status status="PASS" starttime="20201009 18:25:00.353" endtime="20201009 18:25:14.738"></status>
</kw>
<doc>Destination IP address Based QOS</doc>
<tags>
<tag>QOS</tag>
</tags>
<status status="PASS" starttime="20201009 18:23:13.160" endtime="20201009 18:25:14.739" critical="yes"></status>
</test>
<kw name="CLEANUP" type="teardown">
<kw name="DELETE FWD PROFILE">
<kw name="Delete Service Object" library="CPE1">
<arguments>
<arg>${serviceobj_1}</arg>
</arguments>
<msg timestamp="20201009 18:25:14.743" level="INFO">
DELETE Service Object
</msg>
<msg timestamp="20201009 18:25:17.559" level="INFO">
PASS</msg>
<msg timestamp="20201009 18:25:17.559" level="INFO">&gt;&gt;&gt;&gt;&gt;&gt;&gt;&gt;&gt;&gt; ADDRESS OBJECT DELETION PASSED. &lt;&lt;&lt;&lt;&lt;&lt;&lt;&lt;&lt;&lt;&lt;</msg>
<msg timestamp="20201009 18:25:17.560" level="INFO">&lt;Response [204]&gt;</msg>
<status status="PASS" starttime="20201009 18:25:14.742" endtime="20201009 18:25:17.560"></status>
</kw>
<kw name="Delete Address Object" library="CPE1">
<arguments>
<arg>${ipaddobj_1}</arg>
</arguments>
<msg timestamp="20201009 18:25:17.560" level="INFO">
DELETE IPaddress Object
</msg>
<msg timestamp="20201009 18:25:19.223" level="INFO">
PASS</msg>
<msg timestamp="20201009 18:25:19.224" level="INFO">&gt;&gt;&gt;&gt;&gt;&gt;&gt;&gt;&gt;&gt; ADDRESS OBJECT DELETION PASSED. &lt;&lt;&lt;&lt;&lt;&lt;&lt;&lt;&lt;&lt;&lt;</msg>
<msg timestamp="20201009 18:25:19.224" level="INFO">&lt;Response [204]&gt;</msg>
<status status="PASS" starttime="20201009 18:25:17.560" endtime="20201009 18:25:19.224"></status>
</kw>
<kw name="Delete Address Object" library="CPE1">
<arguments>
<arg>${ipaddobj_2}</arg>
</arguments>
<msg timestamp="20201009 18:25:19.224" level="INFO">
DELETE IPaddress Object
</msg>
<msg timestamp="20201009 18:25:21.136" level="INFO">
PASS</msg>
<msg timestamp="20201009 18:25:21.136" level="INFO">&gt;&gt;&gt;&gt;&gt;&gt;&gt;&gt;&gt;&gt; ADDRESS OBJECT DELETION PASSED. &lt;&lt;&lt;&lt;&lt;&lt;&lt;&lt;&lt;&lt;&lt;</msg>
<msg timestamp="20201009 18:25:21.136" level="INFO">&lt;Response [204]&gt;</msg>
<status status="PASS" starttime="20201009 18:25:19.224" endtime="20201009 18:25:21.137"></status>
</kw>
<kw name="Delete Fowarding Profile" library="CPE1">
<arguments>
<arg>${fwp_1}</arg>
</arguments>
<msg timestamp="20201009 18:25:21.137" level="INFO">
DELETE FWD PROFILE
</msg>
<msg timestamp="20201009 18:25:23.018" level="INFO">
PASS</msg>
<msg timestamp="20201009 18:25:23.018" level="INFO">&gt;&gt;&gt;&gt;&gt;&gt;&gt;&gt;&gt;&gt; FORWARDING PROFILE DELETION PASSED. &lt;&lt;&lt;&lt;&lt;&lt;&lt;&lt;&lt;&lt;&lt;</msg>
<msg timestamp="20201009 18:25:23.018" level="INFO">&lt;Response [204]&gt;</msg>
<status status="PASS" starttime="20201009 18:25:21.137" endtime="20201009 18:25:23.019"></status>
</kw>
<kw name="Delete Sla Profile" library="CPE1">
<arguments>
<arg>${sla_prf_1}</arg>
</arguments>
<msg timestamp="20201009 18:25:23.019" level="INFO">
DELETE SLA profile
</msg>
<msg timestamp="20201009 18:25:24.841" level="INFO">
PASS</msg>
<msg timestamp="20201009 18:25:24.841" level="INFO">&gt;&gt;&gt;&gt;&gt;&gt;&gt;&gt;&gt;&gt; DELETE SLA Profile PASSED. &lt;&lt;&lt;&lt;&lt;&lt;&lt;&lt;&lt;&lt;&lt;</msg>
<msg timestamp="20201009 18:25:24.841" level="INFO">&lt;Response [204]&gt;</msg>
<status status="PASS" starttime="20201009 18:25:23.019" endtime="20201009 18:25:24.841"></status>
</kw>
<kw name="Get Vni Interface Bw" library="CPE1">
<arguments>
<arg>${CPE1['WAN1_INTF']}</arg>
</arguments>
<status status="PASS" starttime="20201009 18:25:24.841" endtime="20201009 18:25:25.345"></status>
</kw>
<status status="PASS" starttime="20201009 18:25:14.742" endtime="20201009 18:25:25.345"></status>
</kw>
<kw name="Log To Console" library="BuiltIn">
<doc>Logs the given message to the console.</doc>
<arguments>
<arg>"cleanup done"</arg>
</arguments>
<status status="PASS" starttime="20201009 18:25:25.345" endtime="20201009 18:25:25.346"></status>
</kw>
<kw name="Release Ports" library="spirent1">
<msg timestamp="20201009 18:25:26.699" level="INFO">Release resources
***** run sth.interface_config_delete successfully
***** run sth.interface_config_delete successfully
***** run sth.cleanup_session successfully</msg>
<status status="PASS" starttime="20201009 18:25:25.347" endtime="20201009 18:25:26.699"></status>
</kw>
<kw name="${i} IN RANGE [ 1 | ${VM1['NO_OF_VRFS']} + 1 ]" type="for">
<kw name="${i} = 1" type="foritem">
<kw name="Set Variable" library="BuiltIn">
<doc>Returns the given values which can then be assigned to a variables.</doc>
<arguments>
<arg>${VM1['lan'][${i}]['first_host']}</arg>
</arguments>
<assign>
<var>${gw}</var>
</assign>
<msg timestamp="20201009 18:25:26.701" level="INFO">${gw} = 192.169.101.1</msg>
<status status="PASS" starttime="20201009 18:25:26.700" endtime="20201009 18:25:26.701"></status>
</kw>
<kw name="Set Variable" library="BuiltIn">
<doc>Returns the given values which can then be assigned to a variables.</doc>
<arguments>
<arg>${VM1['lan'][${i}]['vlan']}</arg>
</arguments>
<assign>
<var>${vlan}</var>
</assign>
<msg timestamp="20201009 18:25:26.702" level="INFO">${vlan} = 600</msg>
<status status="PASS" starttime="20201009 18:25:26.701" endtime="20201009 18:25:26.702"></status>
</kw>
<kw name="Set Variable" library="BuiltIn">
<doc>Returns the given values which can then be assigned to a variables.</doc>
<arguments>
<arg>${VM2['lan'][${i}]['nw']}</arg>
</arguments>
<assign>
<var>${destination_nw}</var>
</assign>
<msg timestamp="20201009 18:25:26.703" level="INFO">${destination_nw} = 192.169.111.0/24</msg>
<status status="PASS" starttime="20201009 18:25:26.703" endtime="20201009 18:25:26.703"></status>
</kw>
<kw name="Send Commands And Expect" library="VM1">
<arguments>
<arg>sudo ip route del ${destination_nw} via ${gw} dev ${VM1['LAN_INTF']}.${vlan}</arg>
</arguments>
<status status="PASS" starttime="20201009 18:25:26.704" endtime="20201009 18:25:27.320"></status>
</kw>
<status status="PASS" starttime="20201009 18:25:26.700" endtime="20201009 18:25:27.320"></status>
</kw>
<status status="PASS" starttime="20201009 18:25:26.699" endtime="20201009 18:25:27.320"></status>
</kw>
<kw name="${i} IN RANGE [ 1 | ${VM2['NO_OF_VRFS']} + 1 ]" type="for">
<kw name="${i} = 1" type="foritem">
<kw name="Set Variable" library="BuiltIn">
<doc>Returns the given values which can then be assigned to a variables.</doc>
<arguments>
<arg>${VM2['lan'][${i}]['first_host']}</arg>
</arguments>
<assign>
<var>${gw}</var>
</assign>
<msg timestamp="20201009 18:25:27.322" level="INFO">${gw} = 192.169.111.1</msg>
<status status="PASS" starttime="20201009 18:25:27.322" endtime="20201009 18:25:27.322"></status>
</kw>
<kw name="Set Variable" library="BuiltIn">
<doc>Returns the given values which can then be assigned to a variables.</doc>
<arguments>
<arg>${VM2['lan'][${i}]['vlan']}</arg>
</arguments>
<assign>
<var>${vlan}</var>
</assign>
<msg timestamp="20201009 18:25:27.323" level="INFO">${vlan} = 610</msg>
<status status="PASS" starttime="20201009 18:25:27.322" endtime="20201009 18:25:27.323"></status>
</kw>
<kw name="Set Variable" library="BuiltIn">
<doc>Returns the given values which can then be assigned to a variables.</doc>
<arguments>
<arg>${VM1['lan'][${i}]['nw']}</arg>
</arguments>
<assign>
<var>${destination_nw}</var>
</assign>
<msg timestamp="20201009 18:25:27.323" level="INFO">${destination_nw} = 192.169.101.0/24</msg>
<status status="PASS" starttime="20201009 18:25:27.323" endtime="20201009 18:25:27.324"></status>
</kw>
<kw name="Send Commands And Expect" library="VM2">
<arguments>
<arg>sudo ip route del ${destination_nw} via ${gw} dev ${VM2['LAN_INTF']}.${vlan}</arg>
</arguments>
<status status="PASS" starttime="20201009 18:25:27.324" endtime="20201009 18:25:28.040"></status>
</kw>
<status status="PASS" starttime="20201009 18:25:27.321" endtime="20201009 18:25:28.040"></status>
</kw>
<status status="PASS" starttime="20201009 18:25:27.321" endtime="20201009 18:25:28.040"></status>
</kw>
<status status="PASS" starttime="20201009 18:25:14.741" endtime="20201009 18:25:28.040"></status>
</kw>
<doc>A test suite with tests for SDWAN SINGLE CPE Solution.
Topology:-
____________________________
| VersaDirector |
|___________________________|
|
|
|
_____________|_______________
| WanCtrller1 |
|____________________________|
| |
| |
| |
INTERNET/MPLS
| |
| |___
______|__ ___|___
| | | |
LAN1--+ CPE1 | | CPE2 +--LAN1
|________| |_______|


Testplan Goals:-
1. CHECK WAN INTERFACES STATUS.
2. CHECK BGP NEIGHBOR STATUS.
3. CHECK LAN ROUTE.
4. Ping Test.
5. IPERF Test.
6. Traffic steering Test.
7. QOS Test.</doc>
<metadata>
<item name="Version">1.0
More Info For more information about Robot Framework see http://robotframework.org
Author Sathishkumar murugesan
Date 12 Dec 2017
Executed At HOST
Test Framework Robot Framework Python</item>
</metadata>
<status status="PASS" starttime="20201009 18:03:29.198" endtime="20201009 18:25:28.040"></status>
</suite>
<statistics>
<total>
<stat pass="11" fail="0">Critical Tests</stat>
<stat pass="11" fail="0">All Tests</stat>
</total>
<tag>
<stat pass="1" fail="0">IPERF</stat>
<stat pass="4" fail="0">P1</stat>
<stat pass="2" fail="0">PING</stat>
<stat pass="3" fail="0">QOS</stat>
<stat pass="1" fail="0">SANITY01</stat>
<stat pass="1" fail="0">TS1</stat>
<stat pass="1" fail="0">TS2</stat>
<stat pass="1" fail="0">TS3</stat>
<stat pass="1" fail="0">TS4</stat>
</tag>
<suite>
<stat pass="11" fail="0" id="s1" name="SINGLE CPE HYBRID SOLUTION TEST">SINGLE CPE HYBRID SOLUTION TEST</stat>
</suite>
</statistics>
<errors>
</errors>
</robot>
