<?xml version="1.0" encoding="UTF-8"?>
<robot generator="Robot 3.2.1 (Python 3.8.5 on win32)" generated="20201128 17:37:46.260" rpa="false">
<suite id="s1" name="SINGLE CPE MPLS ONLY SOLUTION TEST" source="C:\Softwares_mine\Code_base\NOVITAS_SDWAN_AUTOMATION_py3\csit\ROBOT_TESTSUITES\SINGLE_CPE_MPLS_ONLY_SOLUTION_TEST.robot">
<kw name="STARTUP" type="setup">
<doc>Make connecection to Versa devices</doc>
<msg timestamp="20201128 17:38:28.382" level="TRACE">Arguments: [  ]</msg>
<kw name="Login" library="VD1">
<msg timestamp="20201128 17:38:28.382" level="TRACE">Arguments: [  ]</msg>
<msg timestamp="20201128 17:38:28.471" level="DEBUG">Adding ssh-ed25519 host key for 10.91.116.35: b'bdd651375ff69331eb30d5151aa8cb04'</msg>
<msg timestamp="20201128 17:38:28.556" level="DEBUG">[chan 0] Max packet in: 32768 bytes</msg>
<msg timestamp="20201128 17:38:29.752" level="DEBUG">read_channel: ===============================================================================
WARNING!
This is a Proprietary System
You have accessed a Proprietary System

If you are not authorized to use this computer system, you MUST log off now.
Unauthorized use of this computer system, including unauthorized attempts or
acts to deny service on, upload information to, download information from,
change information on, or access a non-public site from, this computer system,
are strictly prohibited and may be punishable under federal and state criminal
and civil laws. All data contained on this computer systems may be monitored,
intercepted, recorded, read, copied, or captured in any manner by authorized
System personnel. System personnel may use or transfer this data as required or
permitted under applicable law. Without limiting the previous sentence, system
personnel may give to law enforcement officials any potential evidence of crime
found on this computer system. Use of this system by any user, authorized or
unauthorized, constitutes EXPRESS CONSENT to this monitoring, interception,
recording, reading, copying, or capturing, and use and transfer. Please verify
if this is the current version of the banner when deploying to the system.
===============================================================================

             .---.,                                 
            (      ``.                             
       _     \        )    __      ________ _____   _____                
      (  `.   \      /     \ \    / /  ____|  __ \ / ____|  /\           
       \    `. )    /       \ \  / /| |__  | |__) | (___   /  \          
        \     |    /         \ \/ / |  __| |  _  / \___ \ / /\ \         
         \    |   /           \  /  | |____| | \ \ ____) / ____ \        
          \   |  /             \/   |______|_|  \_\_____/_/    \_\       
           \  | /  
            \_|/               ___ ___ ___ ___ ___ _____ ___  ___ 
                              |   \_ _| _ \ __/ __|_   _/ _ \| _ \
                              | |) | ||   / _| (__  | || (_) |   /
                              |___/___|_|_\___\___| |_| \___/|_|_\
                                    


Release     : 16.1R2
Release date: 20200719
Package ID  : eae49fb

 *****************************************************************************
 *                            IMPORTANT NOTICE                               *
 * Access to this network is restricted to COLT authorised users and is      *
 * permitted only for legitimate business purposes and only on the terms and *
 * conditions of COLT's Acceptable Use Policy.  Your electronic login to     *
 * this network indicates acceptance of the terms and conditions of COLT's   *
 * Acceptable Use Policy.                                                    *
 *                                                                           *
 * COLT reserves the right to audit the network, in accordance with the      *
 * Logging and Monitoring Policy.                                            *
 *                                                                           *
 *****************************************************************************

Last login: Sat Nov 28 11:54:29 2020 from 10.91.194.19

             .---.,                                 
            (      ``.                             
       _     \        )    __      ________ _____   _____                
      (  `.   \      /     \ \    / /  ____|  __ \ / ____|  /\           
       \    `. )    /       \ \  / /| |__  | |__) | (___   /  \          
        \     |    /         \ \/ / |  __| |  _  / \___ \ / /\ \         
         \    |   /           \  /  | |____| | \ \ ____) / ____ \        
          \   |  /             \/   |______|_|  \_\_____/_/    \_\       
           \  | /  
            \_|/               ___ ___ ___ ___ ___ _____ ___  ___ 
                              |   \_ _| _ \ __/ __|_   _/ _ \| _ \
                              | |) | ||   / _| (__  | || (_) |   /
                              |___/___|_|_\___\___| |_| \___/|_|_\
                                    



Automated connected from 10.91.194.19 using ssh on Versa-Dir-BLR-1
[?7hAutomated@Versa-Dir-BLR-1&gt; </msg>
<msg timestamp="20201128 17:38:29.870" level="DEBUG">read_channel: </msg>
<msg timestamp="20201128 17:38:31.874" level="DEBUG">read_channel: </msg>
<msg timestamp="20201128 17:38:31.875" level="DEBUG">write_channel: b'\n'</msg>
<msg timestamp="20201128 17:38:31.987" level="DEBUG">read_channel: 
Automated@Versa-Dir-BLR-1&gt; </msg>
<msg timestamp="20201128 17:38:31.988" level="DEBUG">write_channel: b'cli\n'</msg>
<msg timestamp="20201128 17:38:32.421" level="DEBUG">read_channel: cli
---------------------------^
syntax error: expecting 
  clear      - Clear parameter
  compare    - Compare running configuration to another configuration or a file
  configure  - Manipulate software configuration information
  describe   - Display transparent command  information
  exit       - Exit the management session
  file       - Perform file operations
  help       - Provide help information
  id         - Show user id information
  monitor    - Real-time debugging
  ping       - Ping a host
  quit       - Exit the management session
  request    - Make system-level requests
  script     - Script actions
  set        - Set CLI properties
  set-path   - Set relative show path
  shell      - Open a shell
  show       - Show information about the system
  source     - File to source
  ssh        - Open a secure shell on another Host
  switch     - Change CLI style
  telnet     - Open a telnet session to another host
  top        - Exit to top level and optionally run command
  traceroute - Trace the route to a remote host
  up         - Exit one level of configuration
[error][2020-11-28 12:08:33]
Automated@Versa-Dir-BLR-1&gt; </msg>
<msg timestamp="20201128 17:38:32.422" level="DEBUG">Clear buffer detects data in the channel</msg>
<msg timestamp="20201128 17:38:32.635" level="DEBUG">read_channel: </msg>
<msg timestamp="20201128 17:38:32.754" level="DEBUG">read_channel: </msg>
<msg timestamp="20201128 17:38:32.755" level="DEBUG">write_channel: b'\n'</msg>
<msg timestamp="20201128 17:38:32.870" level="DEBUG">read_channel: 
Automated@Versa-Dir-BLR-1&gt; </msg>
<msg timestamp="20201128 17:38:33.097" level="DEBUG">read_channel: </msg>
<msg timestamp="20201128 17:38:33.098" level="DEBUG">[find_prompt()]: prompt is Automated@Versa-Dir-BLR-1&gt;</msg>
<msg timestamp="20201128 17:38:33.313" level="DEBUG">read_channel: </msg>
<msg timestamp="20201128 17:38:33.313" level="DEBUG">In disable_paging</msg>
<msg timestamp="20201128 17:38:33.314" level="DEBUG">Command: set screen length 0
</msg>
<msg timestamp="20201128 17:38:33.315" level="DEBUG">write_channel: b'set screen length 0\n'</msg>
<msg timestamp="20201128 17:38:33.315" level="DEBUG">Pattern is: Automated@Versa\-Dir\-BLR\-1</msg>
<msg timestamp="20201128 17:38:33.328" level="DEBUG">_read_channel_expect read_data: set</msg>
<msg timestamp="20201128 17:38:33.440" level="DEBUG">_read_channel_expect read_data:  screen length 0
[ok][2020-11-28 12:08:34]
Automated@Versa-Dir-BLR-1&gt; </msg>
<msg timestamp="20201128 17:38:33.442" level="DEBUG">Pattern found: Automated@Versa\-Dir\-BLR\-1 set screen length 0
[ok][2020-11-28 12:08:34]
Automated@Versa-Dir-BLR-1&gt; </msg>
<msg timestamp="20201128 17:38:33.443" level="DEBUG">set screen length 0
[ok][2020-11-28 12:08:34]
Automated@Versa-Dir-BLR-1&gt; </msg>
<msg timestamp="20201128 17:38:33.443" level="DEBUG">Exiting disable_paging</msg>
<msg timestamp="20201128 17:38:33.444" level="DEBUG">write_channel: b'set screen width 0\n'</msg>
<msg timestamp="20201128 17:38:33.445" level="DEBUG">Pattern is: Automated@Versa\-Dir\-BLR\-1</msg>
<msg timestamp="20201128 17:38:33.457" level="DEBUG">_read_channel_expect read_data: set</msg>
<msg timestamp="20201128 17:38:33.569" level="DEBUG">_read_channel_expect read_data:  screen width 0
[ok][2020-11-28 12:08:34]
Automated@Versa-Dir-BLR-1&gt; </msg>
<msg timestamp="20201128 17:38:33.570" level="DEBUG">Pattern found: Automated@Versa\-Dir\-BLR\-1 set screen width 0
[ok][2020-11-28 12:08:34]
Automated@Versa-Dir-BLR-1&gt; </msg>
<msg timestamp="20201128 17:38:33.985" level="DEBUG">read_channel: </msg>
<msg timestamp="20201128 17:38:33.986" level="DEBUG">&lt;netmiko.versa.versa_ssh.VersaSSH object at 0x000001B02329BDC0&gt;</msg>
<msg timestamp="20201128 17:38:39.118" level="DEBUG">read_channel: </msg>
<msg timestamp="20201128 17:38:39.120" level="DEBUG">write_channel: b'\n'</msg>
<msg timestamp="20201128 17:38:39.236" level="DEBUG">read_channel: 
Automated@Versa-Dir-BLR-1&gt; </msg>
<msg timestamp="20201128 17:38:39.466" level="DEBUG">read_channel: </msg>
<msg timestamp="20201128 17:38:39.466" level="DEBUG">[find_prompt()]: prompt is Automated@Versa-Dir-BLR-1&gt;</msg>
<msg timestamp="20201128 17:38:39.467" level="DEBUG">versa: Automated@Versa-Dir-BLR-1&gt;</msg>
<msg timestamp="20201128 17:38:39.468" level="TRACE">Return: &lt;netmiko.versa.versa_ssh.VersaSSH object at 0x000001B02329BDC0&gt;</msg>
<status status="PASS" starttime="20201128 17:38:28.382" endtime="20201128 17:38:39.468"></status>
</kw>
<kw name="Get Data Dict" library="VD1">
<assign>
<var>${VD1}</var>
</assign>
<msg timestamp="20201128 17:38:39.470" level="TRACE">Arguments: [  ]</msg>
<msg timestamp="20201128 17:38:39.470" level="TRACE">Return: {'Device_name': 'POD2_VD1',
 'GUIpassword': 'Auto@12345',
 'GUIusername': 'Automated',
 'LCC_dict': {'BLR': '91', 'LON': '44', 'MUM': '1091'},
 'MGMT_NW_SBNT': '10.91.140.0/22',
 'MIN_SW_VERSION': '16.1R2-S9',
 'POD': 2,
 'RR_Clients': {'NV-WC01-N2-BLR': ['NV-WC01-N4-MUM', 'NV-WC01-N5-LON'],
                'NV-WC02-N4-MUM': ['NV-WC02-N2-BLR', 'NV-WC02-N5-LON']},
 'RR_SERVER': ['NV-WC01-N2-BLR', 'NV-WC02-N4-MUM'],
 'SOLUTIONS_list': ['SINGLE-CPE-HYBRID',
                    'SINGLE-CPE-INTERNET-ONLY',
                    'SINGLE-CPE-MPLS-ONLY',
                    'SINGLE-CPE-DUAL-INTERNET',
                    'DUAL-CPE-DUAL-MPLS',
                    'DUAL-CPE-HYBRID',
                    'DUAL-CPE-DUAL-INTERNET'],
 'TRACK_MANAGEMENT_SUBNET': '10.91.113.58/32',
 'VNF_IPADDRESS': ['10.91.116.67/32', '10.91.116.68/32'],
 'ctlr_dict': {'BLR': ['NV-WC01-N2-BLR', 'NV-WC02-N2-BLR'],
               'LON': ['NV-WC01-N5-LON', 'NV-WC02-N5-LON'],
               'MUM': ['NV-WC01-N4-MUM', 'NV-WC02-N4-MUM']},
 'ctlr_list': ['NV-WC01-N2-BLR', 'NV-WC02-N4-MUM'],
 'curr_file_dir': 'C:\\Softwares_mine\\Code_base\\NOVITAS_SDWAN_AUTOMATION_py3\\csit',
 'device_type': 'versa_director',
 'gw_dict': {'BLR': ['NV-GW01-N2-BLR', 'NV-GW02-N2-BLR'],
             'LON': ['NV-GW01-N5-LON', 'NV-GW02-N5-LON'],
             'MUM': ['NV-GW01-N4-MUM', 'NV-GW02-N4-MUM']},
 'gw_list': [],
 'log_collector': 'LogCollectors',
 'logfile': 'C:\\Softwares_mine\\Code_base\\NOVITAS_SDWAN_AUTOMATION_py3\\csit/LOGS/2020_11_28_17_37_56_623598/MAIN.log',
 'main_logger': &lt;Logger POD2_VD1 (DEBUG)&gt;,
 'mgmt_ip': '10.91.116.35',
 'nc': &lt;netmiko.versa.versa_ssh.VersaSSH object at 0x000001B02329BDC0&gt;,
 'ndb': {},
 'password': 'Auto@12345',
 'staging_servers_dict': {'BLR': ['NV-WC01-N2-BLR', 'NV-WC02-N2-BLR'],
                          'LON': ['NV-WC01-N5-LON', 'NV-WC02-N5-LON'],
                          'MUM': ['NV-WC01-N4-MUM', 'NV-WC02-N4-MUM']},
 'topofile': 'Devices.yml',
 'username': 'Automated',
 'vddata_dict': &lt;Recursion on dict with id=1856014983552&gt;,
 'vdhead': 'https://10.91.116.35:9182',
 'vlans': []}</msg>
<msg timestamp="20201128 17:38:39.474" level="INFO">${VD1} = {'ndb': {}, 'topofile': 'Devices.yml', 'Device_name': 'POD2_VD1', 'POD': 2, 'device_type': 'versa_director', 'MIN_SW_VERSION': '16.1R2-S9', 'mgmt_ip': '10.91.116.35', 'username': 'Automated', 'passwor...</msg>
<status status="PASS" starttime="20201128 17:38:39.469" endtime="20201128 17:38:39.474"></status>
</kw>
<kw name="Set Suite Variable" library="BuiltIn">
<doc>Makes a variable available everywhere within the scope of the current suite.</doc>
<arguments>
<arg>${VM1}</arg>
</arguments>
<msg timestamp="20201128 17:38:39.475" level="TRACE">Arguments: [ '${VM1}' ]</msg>
<msg timestamp="20201128 17:38:39.476" level="INFO">${VM1} = CPE12_LAN_HOST1</msg>
<msg timestamp="20201128 17:38:39.476" level="TRACE">Return: None</msg>
<status status="PASS" starttime="20201128 17:38:39.475" endtime="20201128 17:38:39.476"></status>
</kw>
<kw name="Set Suite Variable" library="BuiltIn">
<doc>Makes a variable available everywhere within the scope of the current suite.</doc>
<arguments>
<arg>${VM2}</arg>
</arguments>
<msg timestamp="20201128 17:38:39.476" level="TRACE">Arguments: [ '${VM2}' ]</msg>
<msg timestamp="20201128 17:38:39.476" level="INFO">${VM2} = CPE26_LAN_HOST1</msg>
<msg timestamp="20201128 17:38:39.476" level="TRACE">Return: None</msg>
<status status="PASS" starttime="20201128 17:38:39.476" endtime="20201128 17:38:39.476"></status>
</kw>
<kw name="Set Suite Variable" library="BuiltIn">
<doc>Makes a variable available everywhere within the scope of the current suite.</doc>
<arguments>
<arg>${VM3}</arg>
</arguments>
<msg timestamp="20201128 17:38:39.476" level="TRACE">Arguments: [ '${VM3}' ]</msg>
<msg timestamp="20201128 17:38:39.476" level="INFO">${VM3} = CPE13_LAN_HOST1</msg>
<msg timestamp="20201128 17:38:39.476" level="TRACE">Return: None</msg>
<status status="PASS" starttime="20201128 17:38:39.476" endtime="20201128 17:38:39.476"></status>
</kw>
<kw name="Cross Login" library="CPE1">
<msg timestamp="20201128 17:38:39.476" level="TRACE">Arguments: [  ]</msg>
<msg timestamp="20201128 17:38:39.559" level="DEBUG">Adding ssh-ed25519 host key for 10.91.116.35: b'bdd651375ff69331eb30d5151aa8cb04'</msg>
<msg timestamp="20201128 17:38:39.653" level="DEBUG">[chan 0] Max packet in: 32768 bytes</msg>
<msg timestamp="20201128 17:38:40.837" level="DEBUG">read_channel: ===============================================================================
WARNING!
This is a Proprietary System
You have accessed a Proprietary System

If you are not authorized to use this computer system, you MUST log off now.
Unauthorized use of this computer system, including unauthorized attempts or
acts to deny service on, upload information to, download information from,
change information on, or access a non-public site from, this computer system,
are strictly prohibited and may be punishable under federal and state criminal
and civil laws. All data contained on this computer systems may be monitored,
intercepted, recorded, read, copied, or captured in any manner by authorized
System personnel. System personnel may use or transfer this data as required or
permitted under applicable law. Without limiting the previous sentence, system
personnel may give to law enforcement officials any potential evidence of crime
found on this computer system. Use of this system by any user, authorized or
unauthorized, constitutes EXPRESS CONSENT to this monitoring, interception,
recording, reading, copying, or capturing, and use and transfer. Please verify
if this is the current version of the banner when deploying to the system.
===============================================================================

             .---.,                                 
            (      ``.                             
       _     \        )    __      ________ _____   _____                
      (  `.   \      /     \ \    / /  ____|  __ \ / ____|  /\           
       \    `. )    /       \ \  / /| |__  | |__) | (___   /  \          
        \     |    /         \ \/ / |  __| |  _  / \___ \ / /\ \         
         \    |   /           \  /  | |____| | \ \ ____) / ____ \        
          \   |  /             \/   |______|_|  \_\_____/_/    \_\       
           \  | /  
            \_|/               ___ ___ ___ ___ ___ _____ ___  ___ 
                              |   \_ _| _ \ __/ __|_   _/ _ \| _ \
                              | |) | ||   / _| (__  | || (_) |   /
                              |___/___|_|_\___\___| |_| \___/|_|_\
                                    


Release     : 16.1R2
Release date: 20200719
Package ID  : eae49fb

 *****************************************************************************
 *                            IMPORTANT NOTICE                               *
 * Access to this network is restricted to COLT authorised users and is      *
 * permitted only for legitimate business purposes and only on the terms and *
 * conditions of COLT's Acceptable Use Policy.  Your electronic login to     *
 * this network indicates acceptance of the terms and conditions of COLT's   *
 * Acceptable Use Policy.                                                    *
 *                                                                           *
 * COLT reserves the right to audit the network, in accordance with the      *
 * Logging and Monitoring Policy.                                            *
 *                                                                           *
 *****************************************************************************

Last login: Sat Nov 28 12:08:29 2020 from 10.91.194.19

             .---.,                                 
            (      ``.                             
       _     \        )    __      ________ _____   _____                
      (  `.   \      /     \ \    / /  ____|  __ \ / ____|  /\           
       \    `. )    /       \ \  / /| |__  | |__) | (___   /  \          
        \     |    /         \ \/ / |  __| |  _  / \___ \ / /\ \         
         \    |   /           \  /  | |____| | \ \ ____) / ____ \        
          \   |  /             \/   |______|_|  \_\_____/_/    \_\       
           \  | /  
            \_|/               ___ ___ ___ ___ ___ _____ ___  ___ 
                              |   \_ _| _ \ __/ __|_   _/ _ \| _ \
                              | |) | ||   / _| (__  | || (_) |   /
                              |___/___|_|_\___\___| |_| \___/|_|_\
                                    



Automated connected from 10.91.194.19 using ssh on Versa-Dir-BLR-1
[?7hAutomated@Versa-Dir-BLR-1&gt; </msg>
<msg timestamp="20201128 17:38:40.951" level="DEBUG">read_channel: </msg>
<msg timestamp="20201128 17:38:42.970" level="DEBUG">read_channel: </msg>
<msg timestamp="20201128 17:38:42.972" level="DEBUG">write_channel: b'\n'</msg>
<msg timestamp="20201128 17:38:43.088" level="DEBUG">read_channel: 
Automated@Versa-Dir-BLR-1&gt; </msg>
<msg timestamp="20201128 17:38:43.089" level="DEBUG">write_channel: b'cli\n'</msg>
<msg timestamp="20201128 17:38:43.519" level="DEBUG">read_channel: cli
---------------------------^
syntax error: expecting 
  clear      - Clear parameter
  compare    - Compare running configuration to another configuration or a file
  configure  - Manipulate software configuration information
  describe   - Display transparent command  information
  exit       - Exit the management session
  file       - Perform file operations
  help       - Provide help information
  id         - Show user id information
  monitor    - Real-time debugging
  ping       - Ping a host
  quit       - Exit the management session
  request    - Make system-level requests
  script     - Script actions
  set        - Set CLI properties
  set-path   - Set relative show path
  shell      - Open a shell
  show       - Show information about the system
  source     - File to source
  ssh        - Open a secure shell on another Host
  switch     - Change CLI style
  telnet     - Open a telnet session to another host
  top        - Exit to top level and optionally run command
  traceroute - Trace the route to a remote host
  up         - Exit one level of configuration
[error][2020-11-28 12:08:44]
Automated@Versa-Dir-BLR-1&gt; </msg>
<msg timestamp="20201128 17:38:43.520" level="DEBUG">Clear buffer detects data in the channel</msg>
<msg timestamp="20201128 17:38:43.734" level="DEBUG">read_channel: </msg>
<msg timestamp="20201128 17:38:43.849" level="DEBUG">read_channel: </msg>
<msg timestamp="20201128 17:38:43.852" level="DEBUG">write_channel: b'\n'</msg>
<msg timestamp="20201128 17:38:43.965" level="DEBUG">read_channel: 
Automated@Versa-Dir-BLR-1&gt; </msg>
<msg timestamp="20201128 17:38:44.169" level="DEBUG">read_channel: </msg>
<msg timestamp="20201128 17:38:44.169" level="DEBUG">[find_prompt()]: prompt is Automated@Versa-Dir-BLR-1&gt;</msg>
<msg timestamp="20201128 17:38:44.384" level="DEBUG">read_channel: </msg>
<msg timestamp="20201128 17:38:44.385" level="DEBUG">In disable_paging</msg>
<msg timestamp="20201128 17:38:44.385" level="DEBUG">Command: set screen length 0
</msg>
<msg timestamp="20201128 17:38:44.385" level="DEBUG">write_channel: b'set screen length 0\n'</msg>
<msg timestamp="20201128 17:38:44.386" level="DEBUG">Pattern is: Automated@Versa\-Dir\-BLR\-1</msg>
<msg timestamp="20201128 17:38:44.395" level="DEBUG">_read_channel_expect read_data: set</msg>
<msg timestamp="20201128 17:38:44.501" level="DEBUG">_read_channel_expect read_data:  screen length 0
[ok][2020-11-28 12:08:45]
Automated@Versa-Dir-BLR-1&gt; </msg>
<msg timestamp="20201128 17:38:44.502" level="DEBUG">Pattern found: Automated@Versa\-Dir\-BLR\-1 set screen length 0
[ok][2020-11-28 12:08:45]
Automated@Versa-Dir-BLR-1&gt; </msg>
<msg timestamp="20201128 17:38:44.502" level="DEBUG">set screen length 0
[ok][2020-11-28 12:08:45]
Automated@Versa-Dir-BLR-1&gt; </msg>
<msg timestamp="20201128 17:38:44.502" level="DEBUG">Exiting disable_paging</msg>
<msg timestamp="20201128 17:38:44.502" level="DEBUG">write_channel: b'set screen width 0\n'</msg>
<msg timestamp="20201128 17:38:44.504" level="DEBUG">Pattern is: Automated@Versa\-Dir\-BLR\-1</msg>
<msg timestamp="20201128 17:38:44.514" level="DEBUG">_read_channel_expect read_data: set</msg>
<msg timestamp="20201128 17:38:44.618" level="DEBUG">_read_channel_expect read_data:  screen width 0
[ok][2020-11-28 12:08:45]
Automated@Versa-Dir-BLR-1&gt; </msg>
<msg timestamp="20201128 17:38:44.619" level="DEBUG">Pattern found: Automated@Versa\-Dir\-BLR\-1 set screen width 0
[ok][2020-11-28 12:08:45]
Automated@Versa-Dir-BLR-1&gt; </msg>
<msg timestamp="20201128 17:38:45.035" level="DEBUG">read_channel: </msg>
<msg timestamp="20201128 17:38:45.036" level="DEBUG">&lt;netmiko.versa.versa_ssh.VersaSSH object at 0x000001B023641D30&gt;</msg>
<msg timestamp="20201128 17:38:50.168" level="DEBUG">read_channel: </msg>
<msg timestamp="20201128 17:38:50.169" level="DEBUG">write_channel: b'\n'</msg>
<msg timestamp="20201128 17:38:50.283" level="DEBUG">read_channel: 
Automated@Versa-Dir-BLR-1&gt; </msg>
<msg timestamp="20201128 17:38:50.513" level="DEBUG">read_channel: </msg>
<msg timestamp="20201128 17:38:50.515" level="DEBUG">[find_prompt()]: prompt is Automated@Versa-Dir-BLR-1&gt;</msg>
<msg timestamp="20201128 17:38:50.516" level="DEBUG">versa: Automated@Versa-Dir-BLR-1&gt;</msg>
<msg timestamp="20201128 17:38:50.518" level="DEBUG">write_channel: b'ssh admin@20.20.73.12\n'</msg>
<msg timestamp="20201128 17:38:55.535" level="DEBUG">read_channel: ssh admin@20.20.73.12
admin@20.20.73.12's password: </msg>
<msg timestamp="20201128 17:38:55.536" level="DEBUG">write_channel: b'versa123\n'</msg>
<msg timestamp="20201128 17:39:00.550" level="DEBUG">read_channel: 
             .---.,
            (      ``.
       _     \        )    __      ________ _____   _____
      (  `.   \      /     \ \    / /  ____|  __ \ / ____|  /\
       \    `. )    /       \ \  / /| |__  | |__) | (___   /  \
        \     |    /         \ \/ / |  __| |  _  / \___ \ / /\ \
         \    |   /           \  /  | |____| | \ \ ____) / ____ \
          \   |  /             \/   |______|_|  \_\_____/_/    \_\
           \  | /
            \_|/                     ___ _    _____  ___   ___  _ ___
                                    | __| |  | __\ \/ | \ / / \| | __|
                                    | _|| |__| _| &gt;  &lt; \ V /| .` | _|
                                    |_| |____|___/_/\_\ \_/ |_|\_|_|


Versa FlexVNF software
Release     :	16.1R2 (S9)
Release date:	20190628
Package ID  :	80561de	

Last login: Sat Nov 28 11:54:43 2020 from 10.91.116.67
admin@CPE12-MUM-SINGLE-CPE-MPLSONLY-IPC00073:~$ </msg>
<msg timestamp="20201128 17:39:01.684" level="DEBUG">read_channel: </msg>
<msg timestamp="20201128 17:39:03.696" level="DEBUG">read_channel: </msg>
<msg timestamp="20201128 17:39:03.698" level="DEBUG">write_channel: b'\n'</msg>
<msg timestamp="20201128 17:39:03.935" level="DEBUG">read_channel: 
admin@CPE12-MUM-SINGLE-CPE-MPLSONLY-IPC00073:~$ </msg>
<msg timestamp="20201128 17:39:04.049" level="DEBUG">read_channel: </msg>
<msg timestamp="20201128 17:39:06.068" level="DEBUG">read_channel: </msg>
<msg timestamp="20201128 17:39:06.069" level="DEBUG">write_channel: b'\n'</msg>
<msg timestamp="20201128 17:39:06.183" level="DEBUG">read_channel: 
admin@CPE12-MUM-SINGLE-CPE-MPLSONLY-IPC00073:~$ </msg>
<msg timestamp="20201128 17:39:06.183" level="DEBUG">write_channel: b'cli\n'</msg>
<msg timestamp="20201128 17:39:06.602" level="DEBUG">read_channel: cli
Access to this network/system is limited to users authorised by Colt for its legitimate business purposes. Unauthorised access, use, installation of files or modification of any data is prohibited. Use of this system/network will be audited

             .---.,
            (      ``.
       _     \        )    __      ________ _____   _____
      (  `.   \      /     \ \    / /  ____|  __ \ / ____|  /\
       \    `. )    /       \ \  / /| |__  | |__) | (___   /  \
        \     |    /         \ \/ / |  __| |  _  / \___ \ / /\ \
         \    |   /           \  /  | |____| | \ \ ____) / ____ \
          \   |  /             \/   |______|_|  \_\_____/_/    \_\
           \  | /
            \_|/                   _  _ ___ _______      _____  ___ _  _____
                                  | \| | __|_   _\ \    / / _ \| _ \ |/ / __|
                                  | .` | _|  | |  \ \/\/ / (_) |   / ' &lt;\__ \
                                  |_|\_|___| |_|   \_/\_/ \___/|_|_\_|\_\___/



admin connected from 10.91.116.67 using ssh on CPE12-MUM-SINGLE-CPE-MPLSONLY-IPC00073
[?7hadmin@CPE12-MUM-SINGLE-CPE-MPLSONLY-IPC00073-cli&gt; </msg>
<msg timestamp="20201128 17:39:06.602" level="DEBUG">Clear buffer detects data in the channel</msg>
<msg timestamp="20201128 17:39:06.804" level="DEBUG">read_channel: </msg>
<msg timestamp="20201128 17:39:06.919" level="DEBUG">read_channel: </msg>
<msg timestamp="20201128 17:39:06.921" level="DEBUG">write_channel: b'\n'</msg>
<msg timestamp="20201128 17:39:07.037" level="DEBUG">read_channel: 
admin@CPE12-MUM-SINGLE-CPE-MPLSONLY-IPC00073-cli&gt; </msg>
<msg timestamp="20201128 17:39:07.269" level="DEBUG">read_channel: </msg>
<msg timestamp="20201128 17:39:07.269" level="DEBUG">[find_prompt()]: prompt is admin@CPE12-MUM-SINGLE-CPE-MPLSONLY-IPC00073-cli&gt;</msg>
<msg timestamp="20201128 17:39:07.496" level="DEBUG">read_channel: </msg>
<msg timestamp="20201128 17:39:07.497" level="DEBUG">In disable_paging</msg>
<msg timestamp="20201128 17:39:07.498" level="DEBUG">Command: set screen length 0
</msg>
<msg timestamp="20201128 17:39:07.500" level="DEBUG">write_channel: b'set screen length 0\n'</msg>
<msg timestamp="20201128 17:39:07.500" level="DEBUG">Pattern is: admin@CPE12\-MUM\-SINGLE\-CPE\-MPLSONLY\-IPC00073\-cli</msg>
<msg timestamp="20201128 17:39:07.571" level="DEBUG">_read_channel_expect read_data: set</msg>
<msg timestamp="20201128 17:39:07.684" level="DEBUG">_read_channel_expect read_data:  screen</msg>
<msg timestamp="20201128 17:39:07.791" level="DEBUG">_read_channel_expect read_data:  length 0
</msg>
<msg timestamp="20201128 17:39:07.906" level="DEBUG">_read_channel_expect read_data: [ok][2020-11-28 12:09:06]
admin@CPE12-MUM-SINGLE-CPE-MPLSONLY-IPC00073-cli&gt; </msg>
<msg timestamp="20201128 17:39:07.906" level="DEBUG">Pattern found: admin@CPE12\-MUM\-SINGLE\-CPE\-MPLSONLY\-IPC00073\-cli set screen length 0
[ok][2020-11-28 12:09:06]
admin@CPE12-MUM-SINGLE-CPE-MPLSONLY-IPC00073-cli&gt; </msg>
<msg timestamp="20201128 17:39:07.907" level="DEBUG">set screen length 0
[ok][2020-11-28 12:09:06]
admin@CPE12-MUM-SINGLE-CPE-MPLSONLY-IPC00073-cli&gt; </msg>
<msg timestamp="20201128 17:39:07.907" level="DEBUG">Exiting disable_paging</msg>
<msg timestamp="20201128 17:39:07.907" level="DEBUG">write_channel: b'set screen width 0\n'</msg>
<msg timestamp="20201128 17:39:07.907" level="DEBUG">Pattern is: admin@CPE12\-MUM\-SINGLE\-CPE\-MPLSONLY\-IPC00073\-cli</msg>
<msg timestamp="20201128 17:39:07.966" level="DEBUG">_read_channel_expect read_data: set</msg>
<msg timestamp="20201128 17:39:08.084" level="DEBUG">_read_channel_expect read_data:  screen</msg>
<msg timestamp="20201128 17:39:08.200" level="DEBUG">_read_channel_expect read_data:  width</msg>
<msg timestamp="20201128 17:39:08.317" level="DEBUG">_read_channel_expect read_data:  0
[ok][2020-11-28 12:09:07]
admin@CPE12-MUM-SINGLE-CPE-MPLSONLY-IPC00073-cli&gt; </msg>
<msg timestamp="20201128 17:39:08.318" level="DEBUG">Pattern found: admin@CPE12\-MUM\-SINGLE\-CPE\-MPLSONLY\-IPC00073\-cli set screen width 0
[ok][2020-11-28 12:09:07]
admin@CPE12-MUM-SINGLE-CPE-MPLSONLY-IPC00073-cli&gt; </msg>
<msg timestamp="20201128 17:39:08.734" level="DEBUG">read_channel: </msg>
<msg timestamp="20201128 17:39:11.065" level="DEBUG">read_channel: </msg>
<msg timestamp="20201128 17:39:11.066" level="DEBUG">write_channel: b'set idle-timeout 0\n'</msg>
<msg timestamp="20201128 17:39:11.284" level="DEBUG">read_channel: set idle-timeout</msg>
<msg timestamp="20201128 17:39:11.489" level="DEBUG">read_channel:  0
[ok][2020-11-28 12:09:10]
admin@CPE12-MUM-SINGLE-CPE-MPLSONLY-IPC00073-cli&gt; </msg>
<msg timestamp="20201128 17:39:11.489" level="INFO">ssh admin@20.20.73.12
admin@20.20.73.12's password: 

             .---.,
            (      ``.
       _     \        )    __      ________ _____   _____
      (  `.   \      /     \ \    / /  ____|  __ \ / ____|  /\
       \    `. )    /       \ \  / /| |__  | |__) | (___   /  \
        \     |    /         \ \/ / |  __| |  _  / \___ \ / /\ \
         \    |   /           \  /  | |____| | \ \ ____) / ____ \
          \   |  /             \/   |______|_|  \_\_____/_/    \_\
           \  | /
            \_|/                     ___ _    _____  ___   ___  _ ___
                                    | __| |  | __\ \/ | \ / / \| | __|
                                    | _|| |__| _| &gt;  &lt; \ V /| .` | _|
                                    |_| |____|___/_/\_\ \_/ |_|\_|_|


Versa FlexVNF software
Release     :	16.1R2 (S9)
Release date:	20190628
Package ID  :	80561de	

Last login: Sat Nov 28 11:54:43 2020 from 10.91.116.67
admin@CPE12-MUM-SINGLE-CPE-MPLSONLY-IPC00073:~$ 
doing redispatch
set idle-timeout 0
[ok][2020-11-28 12:09:10]
admin@CPE12-MUM-SINGLE-CPE-MPLSONLY-IPC00073-cli&gt;</msg>
<msg timestamp="20201128 17:39:11.490" level="TRACE">Return: &lt;netmiko.versa.versa_ssh.VersaSSH object at 0x000001B023641D30&gt;</msg>
<status status="PASS" starttime="20201128 17:38:39.476" endtime="20201128 17:39:11.490"></status>
</kw>
<kw name="Cross Login" library="CPE2">
<msg timestamp="20201128 17:39:11.490" level="TRACE">Arguments: [  ]</msg>
<msg timestamp="20201128 17:39:11.564" level="DEBUG">Adding ssh-ed25519 host key for 10.91.116.35: b'bdd651375ff69331eb30d5151aa8cb04'</msg>
<msg timestamp="20201128 17:39:11.654" level="DEBUG">[chan 0] Max packet in: 32768 bytes</msg>
<msg timestamp="20201128 17:39:12.833" level="DEBUG">read_channel: ===============================================================================
WARNING!
This is a Proprietary System
You have accessed a Proprietary System

If you are not authorized to use this computer system, you MUST log off now.
Unauthorized use of this computer system, including unauthorized attempts or
acts to deny service on, upload information to, download information from,
change information on, or access a non-public site from, this computer system,
are strictly prohibited and may be punishable under federal and state criminal
and civil laws. All data contained on this computer systems may be monitored,
intercepted, recorded, read, copied, or captured in any manner by authorized
System personnel. System personnel may use or transfer this data as required or
permitted under applicable law. Without limiting the previous sentence, system
personnel may give to law enforcement officials any potential evidence of crime
found on this computer system. Use of this system by any user, authorized or
unauthorized, constitutes EXPRESS CONSENT to this monitoring, interception,
recording, reading, copying, or capturing, and use and transfer. Please verify
if this is the current version of the banner when deploying to the system.
===============================================================================

             .---.,                                 
            (      ``.                             
       _     \        )    __      ________ _____   _____                
      (  `.   \      /     \ \    / /  ____|  __ \ / ____|  /\           
       \    `. )    /       \ \  / /| |__  | |__) | (___   /  \          
        \     |    /         \ \/ / |  __| |  _  / \___ \ / /\ \         
         \    |   /           \  /  | |____| | \ \ ____) / ____ \        
          \   |  /             \/   |______|_|  \_\_____/_/    \_\       
           \  | /  
            \_|/               ___ ___ ___ ___ ___ _____ ___  ___ 
                              |   \_ _| _ \ __/ __|_   _/ _ \| _ \
                              | |) | ||   / _| (__  | || (_) |   /
                              |___/___|_|_\___\___| |_| \___/|_|_\
                                    


Release     : 16.1R2
Release date: 20200719
Package ID  : eae49fb

 *****************************************************************************
 *                            IMPORTANT NOTICE                               *
 * Access to this network is restricted to COLT authorised users and is      *
 * permitted only for legitimate business purposes and only on the terms and *
 * conditions of COLT's Acceptable Use Policy.  Your electronic login to     *
 * this network indicates acceptance of the terms and conditions of COLT's   *
 * Acceptable Use Policy.                                                    *
 *                                                                           *
 * COLT reserves the right to audit the network, in accordance with the      *
 * Logging and Monitoring Policy.                                            *
 *                                                                           *
 *****************************************************************************

Last login: Sat Nov 28 12:08:40 2020 from 10.91.194.19

             .---.,                                 
            (      ``.                             
       _     \        )    __      ________ _____   _____                
      (  `.   \      /     \ \    / /  ____|  __ \ / ____|  /\           
       \    `. )    /       \ \  / /| |__  | |__) | (___   /  \          
        \     |    /         \ \/ / |  __| |  _  / \___ \ / /\ \         
         \    |   /           \  /  | |____| | \ \ ____) / ____ \        
          \   |  /             \/   |______|_|  \_\_____/_/    \_\       
           \  | /  
            \_|/               ___ ___ ___ ___ ___ _____ ___  ___ 
                              |   \_ _| _ \ __/ __|_   _/ _ \| _ \
                              | |) | ||   / _| (__  | || (_) |   /
                              |___/___|_|_\___\___| |_| \___/|_|_\
                                    



Automated connected from 10.91.194.19 using ssh on Versa-Dir-BLR-1
[?7hAutomated@Versa-Dir-BLR-1&gt; </msg>
<msg timestamp="20201128 17:39:12.945" level="DEBUG">read_channel: </msg>
<msg timestamp="20201128 17:39:14.960" level="DEBUG">read_channel: </msg>
<msg timestamp="20201128 17:39:14.962" level="DEBUG">write_channel: b'\n'</msg>
<msg timestamp="20201128 17:39:15.065" level="DEBUG">read_channel: 
Automated@Versa-Dir-BLR-1&gt; </msg>
<msg timestamp="20201128 17:39:15.067" level="DEBUG">write_channel: b'cli\n'</msg>
<msg timestamp="20201128 17:39:15.492" level="DEBUG">read_channel: cli
---------------------------^
syntax error: expecting 
  clear      - Clear parameter
  compare    - Compare running configuration to another configuration or a file
  configure  - Manipulate software configuration information
  describe   - Display transparent command  information
  exit       - Exit the management session
  file       - Perform file operations
  help       - Provide help information
  id         - Show user id information
  monitor    - Real-time debugging
  ping       - Ping a host
  quit       - Exit the management session
  request    - Make system-level requests
  script     - Script actions
  set        - Set CLI properties
  set-path   - Set relative show path
  shell      - Open a shell
  show       - Show information about the system
  source     - File to source
  ssh        - Open a secure shell on another Host
  switch     - Change CLI style
  telnet     - Open a telnet session to another host
  top        - Exit to top level and optionally run command
  traceroute - Trace the route to a remote host
  up         - Exit one level of configuration
[error][2020-11-28 12:09:16]
Automated@Versa-Dir-BLR-1&gt; </msg>
<msg timestamp="20201128 17:39:15.493" level="DEBUG">Clear buffer detects data in the channel</msg>
<msg timestamp="20201128 17:39:15.699" level="DEBUG">read_channel: </msg>
<msg timestamp="20201128 17:39:15.804" level="DEBUG">read_channel: </msg>
<msg timestamp="20201128 17:39:15.805" level="DEBUG">write_channel: b'\n'</msg>
<msg timestamp="20201128 17:39:15.916" level="DEBUG">read_channel: 
Automated@Versa-Dir-BLR-1&gt; </msg>
<msg timestamp="20201128 17:39:16.149" level="DEBUG">read_channel: </msg>
<msg timestamp="20201128 17:39:16.149" level="DEBUG">[find_prompt()]: prompt is Automated@Versa-Dir-BLR-1&gt;</msg>
<msg timestamp="20201128 17:39:16.363" level="DEBUG">read_channel: </msg>
<msg timestamp="20201128 17:39:16.364" level="DEBUG">In disable_paging</msg>
<msg timestamp="20201128 17:39:16.365" level="DEBUG">Command: set screen length 0
</msg>
<msg timestamp="20201128 17:39:16.365" level="DEBUG">write_channel: b'set screen length 0\n'</msg>
<msg timestamp="20201128 17:39:16.366" level="DEBUG">Pattern is: Automated@Versa\-Dir\-BLR\-1</msg>
<msg timestamp="20201128 17:39:16.376" level="DEBUG">_read_channel_expect read_data: set</msg>
<msg timestamp="20201128 17:39:16.482" level="DEBUG">_read_channel_expect read_data:  screen length 0
[ok][2020-11-28 12:09:17]
Automated@Versa-Dir-BLR-1&gt; </msg>
<msg timestamp="20201128 17:39:16.483" level="DEBUG">Pattern found: Automated@Versa\-Dir\-BLR\-1 set screen length 0
[ok][2020-11-28 12:09:17]
Automated@Versa-Dir-BLR-1&gt; </msg>
<msg timestamp="20201128 17:39:16.483" level="DEBUG">set screen length 0
[ok][2020-11-28 12:09:17]
Automated@Versa-Dir-BLR-1&gt; </msg>
<msg timestamp="20201128 17:39:16.484" level="DEBUG">Exiting disable_paging</msg>
<msg timestamp="20201128 17:39:16.485" level="DEBUG">write_channel: b'set screen width 0\n'</msg>
<msg timestamp="20201128 17:39:16.485" level="DEBUG">Pattern is: Automated@Versa\-Dir\-BLR\-1</msg>
<msg timestamp="20201128 17:39:16.494" level="DEBUG">_read_channel_expect read_data: set</msg>
<msg timestamp="20201128 17:39:16.600" level="DEBUG">_read_channel_expect read_data:  screen width 0
[ok][2020-11-28 12:09:17]
Automated@Versa-Dir-BLR-1&gt; </msg>
<msg timestamp="20201128 17:39:16.601" level="DEBUG">Pattern found: Automated@Versa\-Dir\-BLR\-1 set screen width 0
[ok][2020-11-28 12:09:17]
Automated@Versa-Dir-BLR-1&gt; </msg>
<msg timestamp="20201128 17:39:17.039" level="DEBUG">read_channel: </msg>
<msg timestamp="20201128 17:39:17.040" level="DEBUG">&lt;netmiko.versa.versa_ssh.VersaSSH object at 0x000001B02329BD00&gt;</msg>
<msg timestamp="20201128 17:39:22.172" level="DEBUG">read_channel: </msg>
<msg timestamp="20201128 17:39:22.173" level="DEBUG">write_channel: b'\n'</msg>
<msg timestamp="20201128 17:39:22.282" level="DEBUG">read_channel: 
Automated@Versa-Dir-BLR-1&gt; </msg>
<msg timestamp="20201128 17:39:22.516" level="DEBUG">read_channel: </msg>
<msg timestamp="20201128 17:39:22.516" level="DEBUG">[find_prompt()]: prompt is Automated@Versa-Dir-BLR-1&gt;</msg>
<msg timestamp="20201128 17:39:22.517" level="DEBUG">versa: Automated@Versa-Dir-BLR-1&gt;</msg>
<msg timestamp="20201128 17:39:22.518" level="DEBUG">write_channel: b'ssh admin@20.20.73.26\n'</msg>
<msg timestamp="20201128 17:39:27.532" level="DEBUG">read_channel: ssh admin@20.20.73.26
admin@20.20.73.26's password: </msg>
<msg timestamp="20201128 17:39:27.533" level="DEBUG">write_channel: b'versa123\n'</msg>
<msg timestamp="20201128 17:39:32.549" level="DEBUG">read_channel: 
             .---.,
            (      ``.
       _     \        )    __      ________ _____   _____
      (  `.   \      /     \ \    / /  ____|  __ \ / ____|  /\
       \    `. )    /       \ \  / /| |__  | |__) | (___   /  \
        \     |    /         \ \/ / |  __| |  _  / \___ \ / /\ \
         \    |   /           \  /  | |____| | \ \ ____) / ____ \
          \   |  /             \/   |______|_|  \_\_____/_/    \_\
           \  | /
            \_|/                     ___ _    _____  ___   ___  _ ___
                                    | __| |  | __\ \/ | \ / / \| | __|
                                    | _|| |__| _| &gt;  &lt; \ V /| .` | _|
                                    |_| |____|___/_/\_\ \_/ |_|\_|_|


Versa FlexVNF software
Release     :	16.1R2 (S9)
Release date:	20190628
Package ID  :	80561de	

Last login: Sat Nov 28 11:54:13 2020 from 10.91.116.67
[admin@CPE26-MUM-SINGLE-CPE-HYBRID-IPC00073: ~] $ </msg>
<msg timestamp="20201128 17:39:33.672" level="DEBUG">read_channel: </msg>
<msg timestamp="20201128 17:39:35.680" level="DEBUG">read_channel: </msg>
<msg timestamp="20201128 17:39:35.681" level="DEBUG">write_channel: b'\n'</msg>
<msg timestamp="20201128 17:39:35.913" level="DEBUG">read_channel: 
[admin@CPE26-MUM-SINGLE-CPE-HYBRID-IPC00073: ~] $ </msg>
<msg timestamp="20201128 17:39:36.032" level="DEBUG">read_channel: </msg>
<msg timestamp="20201128 17:39:38.047" level="DEBUG">read_channel: </msg>
<msg timestamp="20201128 17:39:38.048" level="DEBUG">write_channel: b'\n'</msg>
<msg timestamp="20201128 17:39:38.163" level="DEBUG">read_channel: 
[admin@CPE26-MUM-SINGLE-CPE-HYBRID-IPC00073: ~] $ </msg>
<msg timestamp="20201128 17:39:38.163" level="DEBUG">write_channel: b'cli\n'</msg>
<msg timestamp="20201128 17:39:38.600" level="DEBUG">read_channel: cli
Access to this network/system is limited to users authorised by Colt for its legitimate business purposes. Unauthorised access, use, installation of files or modification of any data is prohibited. Use of this system/network will be audited

             .---.,
            (      ``.
       _     \        )    __      ________ _____   _____
      (  `.   \      /     \ \    / /  ____|  __ \ / ____|  /\
       \    `. )    /       \ \  / /| |__  | |__) | (___   /  \
        \     |    /         \ \/ / |  __| |  _  / \___ \ / /\ \
         \    |   /           \  /  | |____| | \ \ ____) / ____ \
          \   |  /             \/   |______|_|  \_\_____/_/    \_\
           \  | /
            \_|/                   _  _ ___ _______      _____  ___ _  _____
                                  | \| | __|_   _\ \    / / _ \| _ \ |/ / __|
                                  | .` | _|  | |  \ \/\/ / (_) |   / ' &lt;\__ \
                                  |_|\_|___| |_|   \_/\_/ \___/|_|_\_|\_\___/



admin connected from 10.91.116.67 using ssh on CPE26-MUM-SINGLE-CPE-HYBRID-IPC00073
[?7hadmin@CPE26-MUM-SINGLE-CPE-HYBRID-IPC00073-cli&gt; </msg>
<msg timestamp="20201128 17:39:38.601" level="DEBUG">Clear buffer detects data in the channel</msg>
<msg timestamp="20201128 17:39:38.816" level="DEBUG">read_channel: </msg>
<msg timestamp="20201128 17:39:38.931" level="DEBUG">read_channel: </msg>
<msg timestamp="20201128 17:39:38.933" level="DEBUG">write_channel: b'\n'</msg>
<msg timestamp="20201128 17:39:39.047" level="DEBUG">read_channel: 
admin@CPE26-MUM-SINGLE-CPE-HYBRID-IPC00073-cli&gt; </msg>
<msg timestamp="20201128 17:39:39.281" level="DEBUG">read_channel: </msg>
<msg timestamp="20201128 17:39:39.282" level="DEBUG">[find_prompt()]: prompt is admin@CPE26-MUM-SINGLE-CPE-HYBRID-IPC00073-cli&gt;</msg>
<msg timestamp="20201128 17:39:39.501" level="DEBUG">read_channel: </msg>
<msg timestamp="20201128 17:39:39.502" level="DEBUG">In disable_paging</msg>
<msg timestamp="20201128 17:39:39.502" level="DEBUG">Command: set screen length 0
</msg>
<msg timestamp="20201128 17:39:39.503" level="DEBUG">write_channel: b'set screen length 0\n'</msg>
<msg timestamp="20201128 17:39:39.503" level="DEBUG">Pattern is: admin@CPE26\-MUM\-SINGLE\-CPE\-HYBRID\-IPC00073\-cli</msg>
<msg timestamp="20201128 17:39:39.549" level="DEBUG">_read_channel_expect read_data: set screen</msg>
<msg timestamp="20201128 17:39:39.664" level="DEBUG">_read_channel_expect read_data:  length 0
[ok][2020-11-28 12:09:39]
admin@CPE26-MUM-SINGLE-CPE-HYBRID-IPC00073-cli&gt; </msg>
<msg timestamp="20201128 17:39:39.665" level="DEBUG">Pattern found: admin@CPE26\-MUM\-SINGLE\-CPE\-HYBRID\-IPC00073\-cli set screen length 0
[ok][2020-11-28 12:09:39]
admin@CPE26-MUM-SINGLE-CPE-HYBRID-IPC00073-cli&gt; </msg>
<msg timestamp="20201128 17:39:39.665" level="DEBUG">set screen length 0
[ok][2020-11-28 12:09:39]
admin@CPE26-MUM-SINGLE-CPE-HYBRID-IPC00073-cli&gt; </msg>
<msg timestamp="20201128 17:39:39.665" level="DEBUG">Exiting disable_paging</msg>
<msg timestamp="20201128 17:39:39.666" level="DEBUG">write_channel: b'set screen width 0\n'</msg>
<msg timestamp="20201128 17:39:39.666" level="DEBUG">Pattern is: admin@CPE26\-MUM\-SINGLE\-CPE\-HYBRID\-IPC00073\-cli</msg>
<msg timestamp="20201128 17:39:39.712" level="DEBUG">_read_channel_expect read_data: set</msg>
<msg timestamp="20201128 17:39:39.818" level="DEBUG">_read_channel_expect read_data:  screen width 0
</msg>
<msg timestamp="20201128 17:39:39.919" level="DEBUG">_read_channel_expect read_data: [ok][2020-11-28 12:09:40]
admin@CPE26-MUM-SINGLE-CPE-HYBRID-IPC00073-cli&gt; </msg>
<msg timestamp="20201128 17:39:39.920" level="DEBUG">Pattern found: admin@CPE26\-MUM\-SINGLE\-CPE\-HYBRID\-IPC00073\-cli set screen width 0
[ok][2020-11-28 12:09:40]
admin@CPE26-MUM-SINGLE-CPE-HYBRID-IPC00073-cli&gt; </msg>
<msg timestamp="20201128 17:39:40.338" level="DEBUG">read_channel: </msg>
<msg timestamp="20201128 17:39:42.663" level="DEBUG">read_channel: </msg>
<msg timestamp="20201128 17:39:42.666" level="DEBUG">write_channel: b'set idle-timeout 0\n'</msg>
<msg timestamp="20201128 17:39:42.871" level="DEBUG">read_channel: set idle-timeout 0
[ok][2020-11-28 12:09:43]
admin@CPE26-MUM-SINGLE-CPE-HYBRID-IPC00073-cli&gt; </msg>
<msg timestamp="20201128 17:39:42.872" level="INFO">ssh admin@20.20.73.26
admin@20.20.73.26's password: 

             .---.,
            (      ``.
       _     \        )    __      ________ _____   _____
      (  `.   \      /     \ \    / /  ____|  __ \ / ____|  /\
       \    `. )    /       \ \  / /| |__  | |__) | (___   /  \
        \     |    /         \ \/ / |  __| |  _  / \___ \ / /\ \
         \    |   /           \  /  | |____| | \ \ ____) / ____ \
          \   |  /             \/   |______|_|  \_\_____/_/    \_\
           \  | /
            \_|/                     ___ _    _____  ___   ___  _ ___
                                    | __| |  | __\ \/ | \ / / \| | __|
                                    | _|| |__| _| &gt;  &lt; \ V /| .` | _|
                                    |_| |____|___/_/\_\ \_/ |_|\_|_|


Versa FlexVNF software
Release     :	16.1R2 (S9)
Release date:	20190628
Package ID  :	80561de	

Last login: Sat Nov 28 11:54:13 2020 from 10.91.116.67
[admin@CPE26-MUM-SINGLE-CPE-HYBRID-IPC00073: ~] $ 
doing redispatch
set idle-timeout 0
[ok][2020-11-28 12:09:43]
admin@CPE26-MUM-SINGLE-CPE-HYBRID-IPC00073-cli&gt;</msg>
<msg timestamp="20201128 17:39:42.873" level="TRACE">Return: &lt;netmiko.versa.versa_ssh.VersaSSH object at 0x000001B02329BD00&gt;</msg>
<status status="PASS" starttime="20201128 17:39:11.490" endtime="20201128 17:39:42.873"></status>
</kw>
<kw name="Cross Login" library="CPE3">
<msg timestamp="20201128 17:39:42.875" level="TRACE">Arguments: [  ]</msg>
<msg timestamp="20201128 17:39:42.950" level="DEBUG">Adding ssh-ed25519 host key for 10.91.116.35: b'bdd651375ff69331eb30d5151aa8cb04'</msg>
<msg timestamp="20201128 17:39:43.047" level="DEBUG">[chan 0] Max packet in: 32768 bytes</msg>
<msg timestamp="20201128 17:39:44.238" level="DEBUG">read_channel: ===============================================================================
WARNING!
This is a Proprietary System
You have accessed a Proprietary System

If you are not authorized to use this computer system, you MUST log off now.
Unauthorized use of this computer system, including unauthorized attempts or
acts to deny service on, upload information to, download information from,
change information on, or access a non-public site from, this computer system,
are strictly prohibited and may be punishable under federal and state criminal
and civil laws. All data contained on this computer systems may be monitored,
intercepted, recorded, read, copied, or captured in any manner by authorized
System personnel. System personnel may use or transfer this data as required or
permitted under applicable law. Without limiting the previous sentence, system
personnel may give to law enforcement officials any potential evidence of crime
found on this computer system. Use of this system by any user, authorized or
unauthorized, constitutes EXPRESS CONSENT to this monitoring, interception,
recording, reading, copying, or capturing, and use and transfer. Please verify
if this is the current version of the banner when deploying to the system.
===============================================================================

             .---.,                                 
            (      ``.                             
       _     \        )    __      ________ _____   _____                
      (  `.   \      /     \ \    / /  ____|  __ \ / ____|  /\           
       \    `. )    /       \ \  / /| |__  | |__) | (___   /  \          
        \     |    /         \ \/ / |  __| |  _  / \___ \ / /\ \         
         \    |   /           \  /  | |____| | \ \ ____) / ____ \        
          \   |  /             \/   |______|_|  \_\_____/_/    \_\       
           \  | /  
            \_|/               ___ ___ ___ ___ ___ _____ ___  ___ 
                              |   \_ _| _ \ __/ __|_   _/ _ \| _ \
                              | |) | ||   / _| (__  | || (_) |   /
                              |___/___|_|_\___\___| |_| \___/|_|_\
                                    


Release     : 16.1R2
Release date: 20200719
Package ID  : eae49fb

 *****************************************************************************
 *                            IMPORTANT NOTICE                               *
 * Access to this network is restricted to COLT authorised users and is      *
 * permitted only for legitimate business purposes and only on the terms and *
 * conditions of COLT's Acceptable Use Policy.  Your electronic login to     *
 * this network indicates acceptance of the terms and conditions of COLT's   *
 * Acceptable Use Policy.                                                    *
 *                                                                           *
 * COLT reserves the right to audit the network, in accordance with the      *
 * Logging and Monitoring Policy.                                            *
 *                                                                           *
 *****************************************************************************

Last login: Sat Nov 28 12:09:12 2020 from 10.91.194.19

             .---.,                                 
            (      ``.                             
       _     \        )    __      ________ _____   _____                
      (  `.   \      /     \ \    / /  ____|  __ \ / ____|  /\           
       \    `. )    /       \ \  / /| |__  | |__) | (___   /  \          
        \     |    /         \ \/ / |  __| |  _  / \___ \ / /\ \         
         \    |   /           \  /  | |____| | \ \ ____) / ____ \        
          \   |  /             \/   |______|_|  \_\_____/_/    \_\       
           \  | /  
            \_|/               ___ ___ ___ ___ ___ _____ ___  ___ 
                              |   \_ _| _ \ __/ __|_   _/ _ \| _ \
                              | |) | ||   / _| (__  | || (_) |   /
                              |___/___|_|_\___\___| |_| \___/|_|_\
                                    



Automated connected from 10.91.194.19 using ssh on Versa-Dir-BLR-1
[?7hAutomated@Versa-Dir-BLR-1&gt; </msg>
<msg timestamp="20201128 17:39:44.364" level="DEBUG">read_channel: </msg>
<msg timestamp="20201128 17:39:46.380" level="DEBUG">read_channel: </msg>
<msg timestamp="20201128 17:39:46.381" level="DEBUG">write_channel: b'\n'</msg>
<msg timestamp="20201128 17:39:46.498" level="DEBUG">read_channel: 
Automated@Versa-Dir-BLR-1&gt; </msg>
<msg timestamp="20201128 17:39:46.499" level="DEBUG">write_channel: b'cli\n'</msg>
<msg timestamp="20201128 17:39:46.914" level="DEBUG">read_channel: cli
---------------------------^
syntax error: expecting 
  clear      - Clear parameter
  compare    - Compare running configuration to another configuration or a file
  configure  - Manipulate software configuration information
  describe   - Display transparent command  information
  exit       - Exit the management session
  file       - Perform file operations
  help       - Provide help information
  id         - Show user id information
  monitor    - Real-time debugging
  ping       - Ping a host
  quit       - Exit the management session
  request    - Make system-level requests
  script     - Script actions
  set        - Set CLI properties
  set-path   - Set relative show path
  shell      - Open a shell
  show       - Show information about the system
  source     - File to source
  ssh        - Open a secure shell on another Host
  switch     - Change CLI style
  telnet     - Open a telnet session to another host
  top        - Exit to top level and optionally run command
  traceroute - Trace the route to a remote host
  up         - Exit one level of configuration
[error][2020-11-28 12:09:47]
Automated@Versa-Dir-BLR-1&gt; </msg>
<msg timestamp="20201128 17:39:46.914" level="DEBUG">Clear buffer detects data in the channel</msg>
<msg timestamp="20201128 17:39:47.133" level="DEBUG">read_channel: </msg>
<msg timestamp="20201128 17:39:47.250" level="DEBUG">read_channel: </msg>
<msg timestamp="20201128 17:39:47.250" level="DEBUG">write_channel: b'\n'</msg>
<msg timestamp="20201128 17:39:47.363" level="DEBUG">read_channel: 
Automated@Versa-Dir-BLR-1&gt; </msg>
<msg timestamp="20201128 17:39:47.569" level="DEBUG">read_channel: </msg>
<msg timestamp="20201128 17:39:47.570" level="DEBUG">[find_prompt()]: prompt is Automated@Versa-Dir-BLR-1&gt;</msg>
<msg timestamp="20201128 17:39:47.796" level="DEBUG">read_channel: </msg>
<msg timestamp="20201128 17:39:47.798" level="DEBUG">In disable_paging</msg>
<msg timestamp="20201128 17:39:47.798" level="DEBUG">Command: set screen length 0
</msg>
<msg timestamp="20201128 17:39:47.799" level="DEBUG">write_channel: b'set screen length 0\n'</msg>
<msg timestamp="20201128 17:39:47.799" level="DEBUG">Pattern is: Automated@Versa\-Dir\-BLR\-1</msg>
<msg timestamp="20201128 17:39:47.810" level="DEBUG">_read_channel_expect read_data: set</msg>
<msg timestamp="20201128 17:39:47.912" level="DEBUG">_read_channel_expect read_data:  screen length 0
[ok][2020-11-28 12:09:48]
Automated@Versa-Dir-BLR-1&gt; </msg>
<msg timestamp="20201128 17:39:47.913" level="DEBUG">Pattern found: Automated@Versa\-Dir\-BLR\-1 set screen length 0
[ok][2020-11-28 12:09:48]
Automated@Versa-Dir-BLR-1&gt; </msg>
<msg timestamp="20201128 17:39:47.913" level="DEBUG">set screen length 0
[ok][2020-11-28 12:09:48]
Automated@Versa-Dir-BLR-1&gt; </msg>
<msg timestamp="20201128 17:39:47.913" level="DEBUG">Exiting disable_paging</msg>
<msg timestamp="20201128 17:39:47.914" level="DEBUG">write_channel: b'set screen width 0\n'</msg>
<msg timestamp="20201128 17:39:47.915" level="DEBUG">Pattern is: Automated@Versa\-Dir\-BLR\-1</msg>
<msg timestamp="20201128 17:39:47.926" level="DEBUG">_read_channel_expect read_data: set</msg>
<msg timestamp="20201128 17:39:48.031" level="DEBUG">_read_channel_expect read_data:  screen width 0
[ok][2020-11-28 12:09:49]
Automated@Versa-Dir-BLR-1&gt; </msg>
<msg timestamp="20201128 17:39:48.032" level="DEBUG">Pattern found: Automated@Versa\-Dir\-BLR\-1 set screen width 0
[ok][2020-11-28 12:09:49]
Automated@Versa-Dir-BLR-1&gt; </msg>
<msg timestamp="20201128 17:39:48.446" level="DEBUG">read_channel: </msg>
<msg timestamp="20201128 17:39:48.449" level="DEBUG">&lt;netmiko.versa.versa_ssh.VersaSSH object at 0x000001B0236541F0&gt;</msg>
<msg timestamp="20201128 17:39:53.563" level="DEBUG">read_channel: </msg>
<msg timestamp="20201128 17:39:53.563" level="DEBUG">write_channel: b'\n'</msg>
<msg timestamp="20201128 17:39:53.679" level="DEBUG">read_channel: 
Automated@Versa-Dir-BLR-1&gt; </msg>
<msg timestamp="20201128 17:39:53.912" level="DEBUG">read_channel: </msg>
<msg timestamp="20201128 17:39:53.913" level="DEBUG">[find_prompt()]: prompt is Automated@Versa-Dir-BLR-1&gt;</msg>
<msg timestamp="20201128 17:39:53.914" level="DEBUG">versa: Automated@Versa-Dir-BLR-1&gt;</msg>
<msg timestamp="20201128 17:39:53.915" level="DEBUG">write_channel: b'ssh admin@20.20.73.13\n'</msg>
<msg timestamp="20201128 17:39:58.929" level="DEBUG">read_channel: ssh admin@20.20.73.13
admin@20.20.73.13's password: </msg>
<msg timestamp="20201128 17:39:58.929" level="DEBUG">write_channel: b'versa123\n'</msg>
<msg timestamp="20201128 17:40:03.936" level="DEBUG">read_channel: 
             .---.,
            (      ``.
       _     \        )    __      ________ _____   _____
      (  `.   \      /     \ \    / /  ____|  __ \ / ____|  /\
       \    `. )    /       \ \  / /| |__  | |__) | (___   /  \
        \     |    /         \ \/ / |  __| |  _  / \___ \ / /\ \
         \    |   /           \  /  | |____| | \ \ ____) / ____ \
          \   |  /             \/   |______|_|  \_\_____/_/    \_\
           \  | /
            \_|/                     ___ _    _____  ___   ___  _ ___
                                    | __| |  | __\ \/ | \ / / \| | __|
                                    | _|| |__| _| &gt;  &lt; \ V /| .` | _|
                                    |_| |____|___/_/\_\ \_/ |_|\_|_|


Versa FlexVNF software
Release     :	16.1R2 (S9)
Release date:	20191106
Package ID  :	80561de	

Last login: Sat Nov 28 11:53:40 2020 from 10.91.116.67
[admin@CPE-13-LON-SINGLE-CPE-INTERNETONLY-IPC00073: ~] $ </msg>
<msg timestamp="20201128 17:40:05.044" level="DEBUG">read_channel: </msg>
<msg timestamp="20201128 17:40:07.049" level="DEBUG">read_channel: </msg>
<msg timestamp="20201128 17:40:07.050" level="DEBUG">write_channel: b'\n'</msg>
<msg timestamp="20201128 17:40:07.289" level="DEBUG">read_channel: 
[admin@CPE-13-LON-SINGLE-CPE-INTERNETONLY-IPC00073: ~] $ </msg>
<msg timestamp="20201128 17:40:07.394" level="DEBUG">read_channel: </msg>
<msg timestamp="20201128 17:40:09.396" level="DEBUG">read_channel: </msg>
<msg timestamp="20201128 17:40:09.397" level="DEBUG">write_channel: b'\n'</msg>
<msg timestamp="20201128 17:40:09.511" level="DEBUG">read_channel: 
[admin@CPE-13-LON-SINGLE-CPE-INTERNETONLY-IPC00073: ~] $ </msg>
<msg timestamp="20201128 17:40:09.512" level="DEBUG">write_channel: b'cli\n'</msg>
<msg timestamp="20201128 17:40:09.967" level="DEBUG">read_channel: cli
Access to this network/system is limited to users authorised by Colt for its legitimate business purposes. Unauthorised access, use, installation of files or modification of any data is prohibited. Use of this system/network will be audited

             .---.,
            (      ``.
       _     \        )    __      ________ _____   _____
      (  `.   \      /     \ \    / /  ____|  __ \ / ____|  /\
       \    `. )    /       \ \  / /| |__  | |__) | (___   /  \
        \     |    /         \ \/ / |  __| |  _  / \___ \ / /\ \
         \    |   /           \  /  | |____| | \ \ ____) / ____ \
          \   |  /             \/   |______|_|  \_\_____/_/    \_\
           \  | /
            \_|/                   _  _ ___ _______      _____  ___ _  _____
                                  | \| | __|_   _\ \    / / _ \| _ \ |/ / __|
                                  | .` | _|  | |  \ \/\/ / (_) |   / ' &lt;\__ \
                                  |_|\_|___| |_|   \_/\_/ \___/|_|_\_|\_\___/



admin connected from 10.91.116.67 using ssh on CPE-13-LON-SINGLE-CPE-INTERNETONLY-IPC00073
[?7hadmin@CPE-13-LON-SINGLE-CPE-INTERNETONLY-IPC00073-cli&gt; </msg>
<msg timestamp="20201128 17:40:09.967" level="DEBUG">Clear buffer detects data in the channel</msg>
<msg timestamp="20201128 17:40:10.195" level="DEBUG">read_channel: </msg>
<msg timestamp="20201128 17:40:10.298" level="DEBUG">read_channel: </msg>
<msg timestamp="20201128 17:40:10.299" level="DEBUG">write_channel: b'\n'</msg>
<msg timestamp="20201128 17:40:10.412" level="DEBUG">read_channel: 
admin@CPE-13-LON-SINGLE-CPE-INTERNETONLY-IPC00073-cli&gt; </msg>
<msg timestamp="20201128 17:40:10.647" level="DEBUG">read_channel: </msg>
<msg timestamp="20201128 17:40:10.647" level="DEBUG">[find_prompt()]: prompt is admin@CPE-13-LON-SINGLE-CPE-INTERNETONLY-IPC00073-cli&gt;</msg>
<msg timestamp="20201128 17:40:10.853" level="DEBUG">read_channel: </msg>
<msg timestamp="20201128 17:40:10.853" level="DEBUG">In disable_paging</msg>
<msg timestamp="20201128 17:40:10.853" level="DEBUG">Command: set screen length 0
</msg>
<msg timestamp="20201128 17:40:10.854" level="DEBUG">write_channel: b'set screen length 0\n'</msg>
<msg timestamp="20201128 17:40:10.854" level="DEBUG">Pattern is: admin@CPE\-13\-LON\-SINGLE\-CPE\-INTERNETONLY\-IPC00073\-cli</msg>
<msg timestamp="20201128 17:40:10.916" level="DEBUG">_read_channel_expect read_data: set</msg>
<msg timestamp="20201128 17:40:11.039" level="DEBUG">_read_channel_expect read_data:  screen</msg>
<msg timestamp="20201128 17:40:11.164" level="DEBUG">_read_channel_expect read_data:  length</msg>
<msg timestamp="20201128 17:40:11.278" level="DEBUG">_read_channel_expect read_data:  0
</msg>
<msg timestamp="20201128 17:40:11.393" level="DEBUG">_read_channel_expect read_data: [ok][2020-11-28 12:10:10]
admin@CPE-13-LON-SINGLE-CPE-INTERNETONLY-IPC00073-cli&gt; </msg>
<msg timestamp="20201128 17:40:11.393" level="DEBUG">Pattern found: admin@CPE\-13\-LON\-SINGLE\-CPE\-INTERNETONLY\-IPC00073\-cli set screen length 0
[ok][2020-11-28 12:10:10]
admin@CPE-13-LON-SINGLE-CPE-INTERNETONLY-IPC00073-cli&gt; </msg>
<msg timestamp="20201128 17:40:11.394" level="DEBUG">set screen length 0
[ok][2020-11-28 12:10:10]
admin@CPE-13-LON-SINGLE-CPE-INTERNETONLY-IPC00073-cli&gt; </msg>
<msg timestamp="20201128 17:40:11.394" level="DEBUG">Exiting disable_paging</msg>
<msg timestamp="20201128 17:40:11.395" level="DEBUG">write_channel: b'set screen width 0\n'</msg>
<msg timestamp="20201128 17:40:11.396" level="DEBUG">Pattern is: admin@CPE\-13\-LON\-SINGLE\-CPE\-INTERNETONLY\-IPC00073\-cli</msg>
<msg timestamp="20201128 17:40:11.447" level="DEBUG">_read_channel_expect read_data: set</msg>
<msg timestamp="20201128 17:40:11.556" level="DEBUG">_read_channel_expect read_data:  screen</msg>
<msg timestamp="20201128 17:40:11.667" level="DEBUG">_read_channel_expect read_data:  width</msg>
<msg timestamp="20201128 17:40:11.784" level="DEBUG">_read_channel_expect read_data:  0
</msg>
<msg timestamp="20201128 17:40:11.928" level="DEBUG">_read_channel_expect read_data: [ok][2020-11-28 12:10:10]
admin@CPE-13-LON-SINGLE-CPE-INTERNETONLY-IPC00073-cli&gt; </msg>
<msg timestamp="20201128 17:40:11.929" level="DEBUG">Pattern found: admin@CPE\-13\-LON\-SINGLE\-CPE\-INTERNETONLY\-IPC00073\-cli set screen width 0
[ok][2020-11-28 12:10:10]
admin@CPE-13-LON-SINGLE-CPE-INTERNETONLY-IPC00073-cli&gt; </msg>
<msg timestamp="20201128 17:40:12.345" level="DEBUG">read_channel: </msg>
<msg timestamp="20201128 17:40:14.677" level="DEBUG">read_channel: </msg>
<msg timestamp="20201128 17:40:14.679" level="DEBUG">write_channel: b'set idle-timeout 0\n'</msg>
<msg timestamp="20201128 17:40:14.903" level="DEBUG">read_channel: set idle-timeout</msg>
<msg timestamp="20201128 17:40:15.110" level="DEBUG">read_channel:  0
[ok][2020-11-28 12:10:14]
admin@CPE-13-LON-SINGLE-CPE-INTERNETONLY-IPC00073-cli&gt; </msg>
<msg timestamp="20201128 17:40:15.110" level="INFO">ssh admin@20.20.73.13
admin@20.20.73.13's password: 

             .---.,
            (      ``.
       _     \        )    __      ________ _____   _____
      (  `.   \      /     \ \    / /  ____|  __ \ / ____|  /\
       \    `. )    /       \ \  / /| |__  | |__) | (___   /  \
        \     |    /         \ \/ / |  __| |  _  / \___ \ / /\ \
         \    |   /           \  /  | |____| | \ \ ____) / ____ \
          \   |  /             \/   |______|_|  \_\_____/_/    \_\
           \  | /
            \_|/                     ___ _    _____  ___   ___  _ ___
                                    | __| |  | __\ \/ | \ / / \| | __|
                                    | _|| |__| _| &gt;  &lt; \ V /| .` | _|
                                    |_| |____|___/_/\_\ \_/ |_|\_|_|


Versa FlexVNF software
Release     :	16.1R2 (S9)
Release date:	20191106
Package ID  :	80561de	

Last login: Sat Nov 28 11:53:40 2020 from 10.91.116.67
[admin@CPE-13-LON-SINGLE-CPE-INTERNETONLY-IPC00073: ~] $ 
doing redispatch
set idle-timeout 0
[ok][2020-11-28 12:10:14]
admin@CPE-13-LON-SINGLE-CPE-INTERNETONLY-IPC00073-cli&gt;</msg>
<msg timestamp="20201128 17:40:15.110" level="TRACE">Return: &lt;netmiko.versa.versa_ssh.VersaSSH object at 0x000001B0236541F0&gt;</msg>
<status status="PASS" starttime="20201128 17:39:42.875" endtime="20201128 17:40:15.110"></status>
</kw>
<kw name="Connect And Reserve Ports" library="spirent1">
<msg timestamp="20201128 17:40:15.111" level="TRACE">Arguments: [  ]</msg>
<msg timestamp="20201128 17:40:32.296" level="INFO">reserved ports 10/1 : port1 : port_handle[0]

 reserved ports 10/2 : port2 : port_handle[1]
***** run sth.interface_config successfully
***** run sth.interface_config successfully</msg>
<msg timestamp="20201128 17:40:32.297" level="TRACE">Return: None</msg>
<status status="PASS" starttime="20201128 17:40:15.111" endtime="20201128 17:40:32.297"></status>
</kw>
<kw name="Get Device Info" library="CPE1">
<assign>
<var>${CPE1_dev_info_on_vd}</var>
</assign>
<msg timestamp="20201128 17:40:32.299" level="TRACE">Arguments: [  ]</msg>
<msg timestamp="20201128 17:40:32.304" level="DEBUG">Starting new HTTPS connection (1): 10.91.116.35:9182</msg>
<msg timestamp="20201128 17:40:32.877" level="DEBUG">https://10.91.116.35:9182 "GET /vnms/appliance/appliance?offset=0&amp;limit=1000 HTTP/1.1" 200 None</msg>
<msg timestamp="20201128 17:40:32.931" level="TRACE">Return: {'ipAddress': '20.20.73.12',
 'model': 'FWA-2320',
 'name': 'CPE12-MUM-SINGLE-CPE-MPLSONLY-IPC00073',
 'ownerOrg': 'IPC00073',
 'packageName': 'versa-flexvnf-20190628-153930-80561de-16.1R2S9-wsm',
 'ping_status': 'REACHABLE',
 'serialNo': 'CPE12nov271',
 'softwareVersion': '16.1-R2-S9 80561de 20190628',
 'sync_status': 'IN_SYNC',
 'type': 'branch',
 'uuid': '7670dada-46af-40cd-aa7f-de34cca7aee0'}</msg>
<msg timestamp="20201128 17:40:32.931" level="INFO">${CPE1_dev_info_on_vd} = {'name': 'CPE12-MUM-SINGLE-CPE-MPLSONLY-IPC00073', 'uuid': '7670dada-46af-40cd-aa7f-de34cca7aee0', 'ipAddress': '20.20.73.12', 'ownerOrg': 'IPC00073', 'type': 'branch', 'ping_status': 'REACHABLE', 'sy...</msg>
<status status="PASS" starttime="20201128 17:40:32.299" endtime="20201128 17:40:32.931"></status>
</kw>
<kw name="Get Data Dict" library="CPE1">
<assign>
<var>${CPE1}</var>
</assign>
<msg timestamp="20201128 17:40:32.932" level="TRACE">Arguments: [  ]</msg>
<msg timestamp="20201128 17:40:32.932" level="TRACE">Return: {'DEV_ONBAORD': True,
 'DEV_TEMPALTE_CREATION': True,
 'DEV_VRRP_LIB_CONFIG': False,
 'DG_CREATION': True,
 'Device_name': 'CPE12-MUM-SINGLE-CPE-MPLSONLY-IPC00073',
 'ESP_IP': '20.20.73.12',
 'LAN_INTF': 'vni-0/4',
 'LCC_dict': {'BLR': '91', 'LON': '44', 'MUM': '1091'},
 'LIB1': True,
 'MGMT_NW_SBNT': '10.91.140.0/22',
 'MIN_SW_VERSION': '16.1R2-S9',
 'NODE': 'MUM',
 'NO_OF_VRFS': 1,
 'ORG_ID': 73,
 'ORG_NAME': 'IPC00073',
 'POD': 2,
 'PST_CREATION': True,
 'RR_Clients': {'NV-WC01-N2-BLR': ['NV-WC01-N4-MUM', 'NV-WC01-N5-LON'],
                'NV-WC02-N4-MUM': ['NV-WC02-N2-BLR', 'NV-WC02-N5-LON']},
 'RR_SERVER': ['NV-WC01-N2-BLR', 'NV-WC02-N4-MUM'],
 'SOLUTIONS_list': ['SINGLE-CPE-HYBRID',
                    'SINGLE-CPE-INTERNET-ONLY',
                    'SINGLE-CPE-MPLS-ONLY',
                    'SINGLE-CPE-DUAL-INTERNET',
                    'DUAL-CPE-DUAL-MPLS',
                    'DUAL-CPE-HYBRID',
                    'DUAL-CPE-DUAL-INTERNET'],
 'STAGING_INTF': 'WAN1',
 'STAGING_SERVER': 'NV-WC01-N4-MUM',
 'STAGING_WAN': 'MPLS',
 'STAGING_WAN_DHCP': False,
 'START_LAN_IP_SUBNET': '192.169.111.0/24',
 'START_VLAN': 610,
 'Serial_Number': 'CPE12nov271',
 'Site_id': 4279,
 'Solution_type': 'SINGLE-CPE-MPLS-ONLY',
 'TRACK_MANAGEMENT_SUBNET': '10.91.113.58/32',
 'VNF_IPADDRESS': ['10.91.116.67/32', '10.91.116.68/32'],
 'VXLAN_IP': '10.10.73.12',
 'WAN1_INTF': 'vni-0/1',
 'WAN1_INTF_IP': '172.16.7.46/30',
 'WAN1_INTF_NEXTHOP': '172.16.7.45',
 'WAN1_IP_ALLOC': 'STATIC',
 'WAN2_INTF': 'vni-0/2',
 'WAN2_INTF_IP': '172.16.6.46/30',
 'WAN2_INTF_NEXTHOP': '172.16.6.45',
 'WAN2_IP_ALLOC': 'STATIC',
 'cnc': &lt;netmiko.versa.versa_ssh.VersaSSH object at 0x000001B023641D30&gt;,
 'ctlr_dict': {'BLR': ['NV-WC01-N2-BLR', 'NV-WC02-N2-BLR'],
               'LON': ['NV-WC01-N5-LON', 'NV-WC02-N5-LON'],
               'MUM': ['NV-WC01-N4-MUM', 'NV-WC02-N4-MUM']},
 'ctlr_list': ['NV-WC01-N2-BLR', 'NV-WC02-N4-MUM'],
 'curr_file_dir': 'C:\\Softwares_mine\\Code_base\\NOVITAS_SDWAN_AUTOMATION_py3\\csit',
 'dev_dict': {'ipAddress': '20.20.73.12',
              'model': 'FWA-2320',
              'name': 'CPE12-MUM-SINGLE-CPE-MPLSONLY-IPC00073',
              'ownerOrg': 'IPC00073',
              'packageName': 'versa-flexvnf-20190628-153930-80561de-16.1R2S9-wsm',
              'ping_status': 'REACHABLE',
              'serialNo': 'CPE12nov271',
              'softwareVersion': '16.1-R2-S9 80561de 20190628',
              'sync_status': 'IN_SYNC',
              'type': 'branch',
              'uuid': '7670dada-46af-40cd-aa7f-de34cca7aee0'},
 'dev_present': 'true',
 'device_type': 'branch',
 'esp_tvi_interface': 147,
 'gw_dict': {'BLR': ['NV-GW01-N2-BLR', 'NV-GW02-N2-BLR'],
             'LON': ['NV-GW01-N5-LON', 'NV-GW02-N5-LON'],
             'MUM': ['NV-GW01-N4-MUM', 'NV-GW02-N4-MUM']},
 'gw_list': [],
 'lan': {1: {'bgp_instance_id': '3862',
             'eighth_host': '192.169.111.8',
             'eighth_host_ipv6': '2001:192:169:111::8',
             'fifth_host': '192.169.111.5',
             'fifth_host_ipv6': '2001:192:169:111::5',
             'first_host': '192.169.111.1',
             'first_host_ipv6': '2001:192:169:111::1',
             'fourth_host': '192.169.111.4',
             'fourth_host_ipv6': '2001:192:169:111::4',
             'ipv6_nw': '2001:192:169:111::',
             'ipv6_nw_with_prefixlen': '2001:192:169:111::/64',
             'ipv6_prefixlen': '64',
             'netmask': '255.255.255.0',
             'ninth_host': '192.169.111.9',
             'ninth_host_ipv6': '2001:192:169:111::9',
             'nw': CalcIPv4Network('192.169.111.0/24'),
             'nw_with_prefixlen': '192.169.111.0/24',
             'prefixlen': '24',
             'second_host': '192.169.111.2',
             'second_host_ipv6': '2001:192:169:111::2',
             'seventh_host': '192.169.111.7',
             'seventh_host_ipv6': '2001:192:169:111::7',
             'sixth_host': '192.169.111.6',
             'sixth_host_ipv6': '2001:192:169:111::6',
             'tenth_host': '192.169.111.10',
             'tenth_host_ipv6': '2001:192:169:111::10',
             'third_host': '192.169.111.3',
             'third_host_ipv6': '2001:192:169:111::3',
             'vlan': 610}},
 'lan_vlan': [610],
 'log_collector': 'LogCollectors',
 'logfile': 'C:\\Softwares_mine\\Code_base\\NOVITAS_SDWAN_AUTOMATION_py3\\csit/LOGS/2020_11_28_17_37_56_623598/MAIN.log',
 'main_logger': &lt;Logger CPE12-MUM-SINGLE-CPE-MPLSONLY-IPC00073 (DEBUG)&gt;,
 'mgmt_ip': '10.91.240.12',
 'nc': &lt;netmiko.versa.versa_ssh.VersaSSH object at 0x000001B023641D30&gt;,
 'ndb': {},
 'password': 'versa123',
 'ptvi_intf_wc1': 'ptvi146',
 'ptvi_intf_wc2': 'ptvi147',
 'staging_servers_dict': {'BLR': ['NV-WC01-N2-BLR', 'NV-WC02-N2-BLR'],
                          'LON': ['NV-WC01-N5-LON', 'NV-WC02-N5-LON'],
                          'MUM': ['NV-WC01-N4-MUM', 'NV-WC02-N4-MUM']},
 'start_vrf_id': 850,
 'topofile': 'Devices.yml',
 'username': 'admin',
 'vddata_dict': {'GUIpassword': 'Auto@12345',
                 'GUIusername': 'Automated',
                 'MIN_SW_VERSION': None,
                 'device_type': 'versa_director',
                 'mgmt_ip': '10.91.116.35',
                 'password': 'Auto@12345',
                 'username': 'Automated'},
 'vdhead': 'https://10.91.116.35:9182',
 'vlans': [],
 'vxlan_tvi_interface': 146}</msg>
<msg timestamp="20201128 17:40:32.936" level="INFO">${CPE1} = {'ndb': {}, 'topofile': 'Devices.yml', 'Device_name': 'CPE12-MUM-SINGLE-CPE-MPLSONLY-IPC00073', 'POD': 2, 'Solution_type': 'SINGLE-CPE-MPLS-ONLY', 'Site_id': 4279, 'Serial_Number': 'CPE12nov271', 'MIN...</msg>
<status status="PASS" starttime="20201128 17:40:32.932" endtime="20201128 17:40:32.936"></status>
</kw>
<kw name="Get Data Dict" library="CPE2">
<assign>
<var>${CPE2}</var>
</assign>
<msg timestamp="20201128 17:40:32.937" level="TRACE">Arguments: [  ]</msg>
<msg timestamp="20201128 17:40:32.937" level="TRACE">Return: {'DEV_ONBAORD': True,
 'DEV_TEMPALTE_CREATION': True,
 'DEV_VRRP_LIB_CONFIG': False,
 'DG_CREATION': True,
 'Device_name': 'CPE26-MUM-SINGLE-CPE-HYBRID-IPC00073',
 'ESP_IP': '20.20.73.26',
 'LAN_INTF': 'vni-0/4',
 'LAN_IPV6_STATIC': True,
 'LCC_dict': {'BLR': '91', 'LON': '44', 'MUM': '1091'},
 'LIB1': True,
 'MGMT_NW_SBNT': '10.91.140.0/22',
 'MIN_SW_VERSION': '16.1R2-S9',
 'NODE': 'MUM',
 'NO_OF_VRFS': 1,
 'ORG_ID': 73,
 'ORG_NAME': 'IPC00073',
 'POD': 2,
 'PST_CREATION': True,
 'PS_TEMPLATE_NAME': 'IPC00073-MUM01-NEW-PS-HYBRID1234',
 'RR_Clients': {'NV-WC01-N2-BLR': ['NV-WC01-N4-MUM', 'NV-WC01-N5-LON'],
                'NV-WC02-N4-MUM': ['NV-WC02-N2-BLR', 'NV-WC02-N5-LON']},
 'RR_SERVER': ['NV-WC01-N2-BLR', 'NV-WC02-N4-MUM'],
 'SOLUTIONS_list': ['SINGLE-CPE-HYBRID',
                    'SINGLE-CPE-INTERNET-ONLY',
                    'SINGLE-CPE-MPLS-ONLY',
                    'SINGLE-CPE-DUAL-INTERNET',
                    'DUAL-CPE-DUAL-MPLS',
                    'DUAL-CPE-HYBRID',
                    'DUAL-CPE-DUAL-INTERNET'],
 'STAGING_INTF': 'WAN1',
 'STAGING_SERVER': 'NV-WC01-N4-MUM',
 'STAGING_WAN': 'MPLS',
 'STAGING_WAN_DHCP': False,
 'START_LAN_IP_SUBNET': '192.170.1.0/24',
 'START_VLAN': 750,
 'Serial_Number': 'CPE26Nov27',
 'Site_id': 4300,
 'Solution_type': 'SINGLE-CPE-HYBRID',
 'TRACK_MANAGEMENT_SUBNET': '10.91.113.58/32',
 'VNF_IPADDRESS': ['10.91.116.67/32', '10.91.116.68/32'],
 'VXLAN_IP': '10.10.73.26',
 'WAN1_INTF': 'vni-0/1',
 'WAN1_INTF_IP': '172.16.7.102/30',
 'WAN1_INTF_NEXTHOP': '172.16.7.101',
 'WAN1_IP_ALLOC': 'STATIC',
 'WAN2_INTF': 'vni-0/2',
 'WAN2_INTF_IP': '172.16.6.102/30',
 'WAN2_INTF_NEXTHOP': '172.16.6.101',
 'WAN2_IP_ALLOC': 'STATIC',
 'cnc': &lt;netmiko.versa.versa_ssh.VersaSSH object at 0x000001B02329BD00&gt;,
 'ctlr_dict': {'BLR': ['NV-WC01-N2-BLR', 'NV-WC02-N2-BLR'],
               'LON': ['NV-WC01-N5-LON', 'NV-WC02-N5-LON'],
               'MUM': ['NV-WC01-N4-MUM', 'NV-WC02-N4-MUM']},
 'ctlr_list': ['NV-WC01-N2-BLR', 'NV-WC02-N4-MUM'],
 'curr_file_dir': 'C:\\Softwares_mine\\Code_base\\NOVITAS_SDWAN_AUTOMATION_py3\\csit',
 'device_type': 'branch',
 'esp_tvi_interface': 147,
 'gw_dict': {'BLR': ['NV-GW01-N2-BLR', 'NV-GW02-N2-BLR'],
             'LON': ['NV-GW01-N5-LON', 'NV-GW02-N5-LON'],
             'MUM': ['NV-GW01-N4-MUM', 'NV-GW02-N4-MUM']},
 'gw_list': [],
 'lan': {1: {'bgp_instance_id': '3862',
             'eighth_host': '192.170.1.8',
             'eighth_host_ipv6': '2001:192:170:1::8',
             'fifth_host': '192.170.1.5',
             'fifth_host_ipv6': '2001:192:170:1::5',
             'first_host': '192.170.1.1',
             'first_host_ipv6': '2001:192:170:1::1',
             'fourth_host': '192.170.1.4',
             'fourth_host_ipv6': '2001:192:170:1::4',
             'ipv6_nw': '2001:192:170:1::',
             'ipv6_nw_with_prefixlen': '2001:192:170:1::/64',
             'ipv6_prefixlen': '64',
             'netmask': '255.255.255.0',
             'ninth_host': '192.170.1.9',
             'ninth_host_ipv6': '2001:192:170:1::9',
             'nw': CalcIPv4Network('192.170.1.0/24'),
[...]
Entering configuration mode private
[ok][2020-11-28 12:20:17]

[edit]
Automated@Versa-Dir-BLR-1% </msg>
<msg timestamp="20201128 17:50:16.498" level="DEBUG">Pattern found: % configure private
Entering configuration mode private
[ok][2020-11-28 12:20:17]

[edit]
Automated@Versa-Dir-BLR-1% </msg>
<msg timestamp="20201128 17:50:16.498" level="DEBUG">write_channel: b'\n'</msg>
<msg timestamp="20201128 17:50:16.608" level="DEBUG">read_channel: 

[edit]
Automated@Versa-Dir-BLR-1% </msg>
<msg timestamp="20201128 17:50:16.736" level="DEBUG">read_channel: </msg>
<msg timestamp="20201128 17:50:18.743" level="DEBUG">read_channel: </msg>
<msg timestamp="20201128 17:50:18.744" level="DEBUG">write_channel: b'move devices device CPE12-MUM-SINGLE-CPE-MPLSONLY-IPC00073 config orgs org-services IPC00073 class-of-service qos-policies Default-Policy rules LAN1-VRF-Premium first\ncommit\n'</msg>
<msg timestamp="20201128 17:50:18.908" level="DEBUG">read_channel: move devices device CPE12-MUM-SINGLE-CPE-MPLSONLY-IPC00073 config</msg>
<msg timestamp="20201128 17:50:19.025" level="DEBUG">read_channel:  orgs org-services</msg>
<msg timestamp="20201128 17:50:19.142" level="DEBUG">read_channel:  IPC00073</msg>
<msg timestamp="20201128 17:50:19.256" level="DEBUG">read_channel:  class-of-service qos-policies</msg>
<msg timestamp="20201128 17:50:19.368" level="DEBUG">read_channel:  Default-Policy</msg>
<msg timestamp="20201128 17:50:19.475" level="DEBUG">read_channel:  rules</msg>
<msg timestamp="20201128 17:50:19.598" level="DEBUG">read_channel:  LAN1-VRF-Premium</msg>
<msg timestamp="20201128 17:50:19.709" level="DEBUG">read_channel:  first
</msg>
<msg timestamp="20201128 17:50:19.824" level="DEBUG">read_channel: [ok][2020-11-28 12:20:20]

[edit]
Automated@Versa-Dir-BLR-1% commit
No modifications to commit.
[ok][2020-11-28 12:20:20]

[edit]
Automated@Versa-Dir-BLR-1% </msg>
<msg timestamp="20201128 17:50:19.946" level="DEBUG">read_channel: </msg>
<msg timestamp="20201128 17:50:21.959" level="DEBUG">read_channel: </msg>
<msg timestamp="20201128 17:50:21.960" level="DEBUG">write_channel: b'\n'</msg>
<msg timestamp="20201128 17:50:22.065" level="DEBUG">read_channel: 

[edit]
Automated@Versa-Dir-BLR-1% </msg>
<msg timestamp="20201128 17:50:22.173" level="DEBUG">read_channel: </msg>
<msg timestamp="20201128 17:50:24.176" level="DEBUG">read_channel: </msg>
<msg timestamp="20201128 17:50:24.292" level="DEBUG">read_channel: </msg>
<msg timestamp="20201128 17:50:24.294" level="DEBUG">write_channel: b'exit configuration-mode\n'</msg>
<msg timestamp="20201128 17:50:24.294" level="DEBUG">send_command_timing current output: </msg>
<msg timestamp="20201128 17:50:24.395" level="DEBUG">read_channel: exit configuration-mode
[ok][2020-11-28 12:20:25]
Automated@Versa-Dir-BLR-1&gt; </msg>
<msg timestamp="20201128 17:50:24.510" level="DEBUG">read_channel: </msg>
<msg timestamp="20201128 17:50:26.524" level="DEBUG">read_channel: </msg>
<msg timestamp="20201128 17:50:26.526" level="DEBUG">send_command_timing final output: exit configuration-mode
[ok][2020-11-28 12:20:25]
Automated@Versa-Dir-BLR-1&gt; </msg>
<msg timestamp="20201128 17:50:26.527" level="DEBUG">write_channel: b'\n'</msg>
<msg timestamp="20201128 17:50:26.640" level="DEBUG">read_channel: 
Automated@Versa-Dir-BLR-1&gt; </msg>
<msg timestamp="20201128 17:50:26.757" level="DEBUG">read_channel: </msg>
<msg timestamp="20201128 17:50:28.776" level="DEBUG">read_channel: </msg>
<msg timestamp="20201128 17:50:28.777" level="DEBUG">configure private
Entering configuration mode private
[ok][2020-11-28 12:20:17]

[edit]
Automated@Versa-Dir-BLR-1% move devices device CPE12-MUM-SINGLE-CPE-MPLSONLY-IPC00073 config orgs org-services IPC00073 class-of-service qos-policies Default-Policy rules LAN1-VRF-Premium first
[ok][2020-11-28 12:20:20]

[edit]
Automated@Versa-Dir-BLR-1% commit
No modifications to commit.
[ok][2020-11-28 12:20:20]

[edit]
Automated@Versa-Dir-BLR-1% exit configuration-mode
[ok][2020-11-28 12:20:25]
Automated@Versa-Dir-BLR-1&gt; </msg>
<msg timestamp="20201128 17:50:28.777" level="INFO">configure private
Entering configuration mode private
[ok][2020-11-28 12:20:17]

[edit]
Automated@Versa-Dir-BLR-1% move devices device CPE12-MUM-SINGLE-CPE-MPLSONLY-IPC00073 config orgs org-services IPC00073 class-of-service qos-policies Default-Policy rules LAN1-VRF-Premium first
[ok][2020-11-28 12:20:20]

[edit]
Automated@Versa-Dir-BLR-1% commit
No modifications to commit.
[ok][2020-11-28 12:20:20]

[edit]
Automated@Versa-Dir-BLR-1% exit configuration-mode
[ok][2020-11-28 12:20:25]
Automated@Versa-Dir-BLR-1&gt;</msg>
<msg timestamp="20201128 17:50:28.778" level="TRACE">Return: 'No modifications to commit.'</msg>
<status status="PASS" starttime="20201128 17:50:14.125" endtime="20201128 17:50:28.778"></status>
</kw>
<doc>Destination IP address Based QOS</doc>
<tags>
<tag>QOS</tag>
</tags>
<status status="PASS" starttime="20201128 17:48:32.009" endtime="20201128 17:50:28.779" critical="yes"></status>
</test>
<kw name="CLEANUP" type="teardown">
<msg timestamp="20201128 17:50:28.784" level="TRACE">Arguments: [  ]</msg>
<kw name="Log To Console" library="BuiltIn">
<doc>Logs the given message to the console.</doc>
<arguments>
<arg>"cleanup done"</arg>
</arguments>
<msg timestamp="20201128 17:50:28.784" level="TRACE">Arguments: [ '"cleanup done"' ]</msg>
<msg timestamp="20201128 17:50:28.784" level="TRACE">Return: None</msg>
<status status="PASS" starttime="20201128 17:50:28.784" endtime="20201128 17:50:28.784"></status>
</kw>
<kw name="Delete Service Object" library="CPE1">
<arguments>
<arg>${serviceobj_1}</arg>
</arguments>
<msg timestamp="20201128 17:50:28.784" level="TRACE">Arguments: [ 'src_port_2000' ]</msg>
<msg timestamp="20201128 17:50:28.791" level="INFO">
DELETE Service Object
</msg>
<msg timestamp="20201128 17:50:28.797" level="DEBUG">Starting new HTTPS connection (1): 10.91.116.35:9182</msg>
<msg timestamp="20201128 17:50:41.542" level="DEBUG">https://10.91.116.35:9182 "DELETE /api/config/devices/device/CPE12-MUM-SINGLE-CPE-MPLSONLY-IPC00073/config/orgs/org-services/IPC00073/objects/services/service/src_port_2000 HTTP/1.1" 204 0</msg>
<msg timestamp="20201128 17:50:41.546" level="INFO">
PASS</msg>
<msg timestamp="20201128 17:50:41.546" level="INFO">&gt;&gt;&gt;&gt;&gt;&gt;&gt;&gt;&gt;&gt; ADDRESS OBJECT DELETION PASSED. &lt;&lt;&lt;&lt;&lt;&lt;&lt;&lt;&lt;&lt;&lt;</msg>
<msg timestamp="20201128 17:50:41.546" level="INFO">&lt;Response [204]&gt;</msg>
<msg timestamp="20201128 17:50:41.546" level="TRACE">Return: 'PASS'</msg>
<status status="PASS" starttime="20201128 17:50:28.784" endtime="20201128 17:50:41.546"></status>
</kw>
<kw name="Delete Address Object" library="CPE1">
<arguments>
<arg>${ipaddobj_1}</arg>
</arguments>
<msg timestamp="20201128 17:50:41.546" level="TRACE">Arguments: [ 'src_ip_add_obj11' ]</msg>
<msg timestamp="20201128 17:50:41.546" level="INFO">
DELETE IPaddress Object
</msg>
<msg timestamp="20201128 17:50:41.557" level="DEBUG">Starting new HTTPS connection (1): 10.91.116.35:9182</msg>
<msg timestamp="20201128 17:50:46.685" level="DEBUG">https://10.91.116.35:9182 "DELETE /api/config/devices/device/CPE12-MUM-SINGLE-CPE-MPLSONLY-IPC00073/config/orgs/org-services/IPC00073/objects/addresses/address/src_ip_add_obj11 HTTP/1.1" 204 0</msg>
<msg timestamp="20201128 17:50:46.690" level="INFO">
PASS</msg>
<msg timestamp="20201128 17:50:46.690" level="INFO">&gt;&gt;&gt;&gt;&gt;&gt;&gt;&gt;&gt;&gt; ADDRESS OBJECT DELETION PASSED. &lt;&lt;&lt;&lt;&lt;&lt;&lt;&lt;&lt;&lt;&lt;</msg>
<msg timestamp="20201128 17:50:46.690" level="INFO">&lt;Response [204]&gt;</msg>
<msg timestamp="20201128 17:50:46.690" level="TRACE">Return: 'PASS'</msg>
<status status="PASS" starttime="20201128 17:50:41.546" endtime="20201128 17:50:46.690"></status>
</kw>
<kw name="Delete Address Object" library="CPE1">
<arguments>
<arg>${ipaddobj_2}</arg>
</arguments>
<msg timestamp="20201128 17:50:46.690" level="TRACE">Arguments: [ 'dst_ip_add_obj11' ]</msg>
<msg timestamp="20201128 17:50:46.690" level="INFO">
DELETE IPaddress Object
</msg>
<msg timestamp="20201128 17:50:46.695" level="DEBUG">Starting new HTTPS connection (1): 10.91.116.35:9182</msg>
<msg timestamp="20201128 17:50:52.396" level="DEBUG">https://10.91.116.35:9182 "DELETE /api/config/devices/device/CPE12-MUM-SINGLE-CPE-MPLSONLY-IPC00073/config/orgs/org-services/IPC00073/objects/addresses/address/dst_ip_add_obj11 HTTP/1.1" 204 0</msg>
<msg timestamp="20201128 17:50:52.400" level="INFO">
PASS</msg>
<msg timestamp="20201128 17:50:52.400" level="INFO">&gt;&gt;&gt;&gt;&gt;&gt;&gt;&gt;&gt;&gt; ADDRESS OBJECT DELETION PASSED. &lt;&lt;&lt;&lt;&lt;&lt;&lt;&lt;&lt;&lt;&lt;</msg>
<msg timestamp="20201128 17:50:52.400" level="INFO">&lt;Response [204]&gt;</msg>
<msg timestamp="20201128 17:50:52.400" level="TRACE">Return: 'PASS'</msg>
<status status="PASS" starttime="20201128 17:50:46.690" endtime="20201128 17:50:52.400"></status>
</kw>
<kw name="Release Ports" library="spirent1">
<msg timestamp="20201128 17:50:52.400" level="TRACE">Arguments: [  ]</msg>
<msg timestamp="20201128 17:50:54.758" level="INFO">Release resources
***** run sth.interface_config_delete successfully
***** run sth.interface_config_delete successfully
***** run sth.cleanup_session successfully</msg>
<msg timestamp="20201128 17:50:54.759" level="TRACE">Return: None</msg>
<status status="PASS" starttime="20201128 17:50:52.400" endtime="20201128 17:50:54.759"></status>
</kw>
<kw name="${i} IN RANGE [ 1 | ${VM1['NO_OF_VRFS']} + 1 ]" type="for">
<kw name="${i} = 1" type="foritem">
<kw name="Set Variable" library="BuiltIn">
<doc>Returns the given values which can then be assigned to a variables.</doc>
<arguments>
<arg>${VM1['lan'][${i}]['first_host']}</arg>
</arguments>
<assign>
<var>${gw}</var>
</assign>
<msg timestamp="20201128 17:50:54.764" level="TRACE">Arguments: [ '192.169.111.1' ]</msg>
<msg timestamp="20201128 17:50:54.764" level="TRACE">Return: '192.169.111.1'</msg>
<msg timestamp="20201128 17:50:54.764" level="INFO">${gw} = 192.169.111.1</msg>
<status status="PASS" starttime="20201128 17:50:54.762" endtime="20201128 17:50:54.764"></status>
</kw>
<kw name="Set Variable" library="BuiltIn">
<doc>Returns the given values which can then be assigned to a variables.</doc>
<arguments>
<arg>${VM1['lan'][${i}]['vlan']}</arg>
</arguments>
<assign>
<var>${vlan}</var>
</assign>
<msg timestamp="20201128 17:50:54.766" level="TRACE">Arguments: [ 610 ]</msg>
<msg timestamp="20201128 17:50:54.767" level="TRACE">Return: 610</msg>
<msg timestamp="20201128 17:50:54.767" level="INFO">${vlan} = 610</msg>
<status status="PASS" starttime="20201128 17:50:54.765" endtime="20201128 17:50:54.767"></status>
</kw>
<kw name="Set Variable" library="BuiltIn">
<doc>Returns the given values which can then be assigned to a variables.</doc>
<arguments>
<arg>${VM2['lan'][${i}]['nw']}</arg>
</arguments>
<assign>
<var>${destination_nw}</var>
</assign>
<msg timestamp="20201128 17:50:54.769" level="TRACE">Arguments: [ CalcIPv4Network('192.170.1.0/24') ]</msg>
<msg timestamp="20201128 17:50:54.769" level="TRACE">Return: CalcIPv4Network('192.170.1.0/24')</msg>
<msg timestamp="20201128 17:50:54.770" level="INFO">${destination_nw} = 192.170.1.0/24</msg>
<status status="PASS" starttime="20201128 17:50:54.768" endtime="20201128 17:50:54.771"></status>
</kw>
<kw name="Send Commands And Expect" library="VM1">
<arguments>
<arg>sudo ip route del ${destination_nw} via ${gw} dev ${VM1['LAN_INTF']}.${vlan}</arg>
</arguments>
<msg timestamp="20201128 17:50:54.773" level="TRACE">Arguments: [ 'sudo ip route del 192.170.1.0/24 via 192.169.111.1 dev ens33.610' ]</msg>
<msg timestamp="20201128 17:50:55.092" level="DEBUG">read_channel: </msg>
<msg timestamp="20201128 17:50:55.093" level="DEBUG">write_channel: b'sudo ip route del 192.170.1.0/24 via 192.169.111.1 dev ens33.610\n'</msg>
<msg timestamp="20201128 17:50:55.093" level="DEBUG">Pattern is: sudo\ ip\ route\ del\ 192\.170\.1\.0/24\ via\ 192\.169\.111\.1\ dev\ ens33\.610</msg>
<msg timestamp="20201128 17:50:55.108" level="DEBUG">_read_channel_expect read_data: sudo ip route del 192.170.1.0/24 via 192.169.111.1 dev ens33.610
</msg>
<msg timestamp="20201128 17:50:55.110" level="DEBUG">Pattern found: sudo\ ip\ route\ del\ 192\.170\.1\.0/24\ via\ 192\.169\.111\.1\ dev\ ens33\.610 sudo ip route del 192.170.1.0/24 via 192.169.111.1 dev ens33.610
</msg>
<msg timestamp="20201128 17:50:55.325" level="DEBUG">read_channel: root@CPE12-VM1:~# </msg>
<msg timestamp="20201128 17:50:55.325" level="TRACE">Return: 'sudo ip route del 192.170.1.0/24 via 192.169.111.1 dev ens33.610\nroot@CPE12-VM1:~# '</msg>
<status status="PASS" starttime="20201128 17:50:54.771" endtime="20201128 17:50:55.325"></status>
</kw>
<status status="PASS" starttime="20201128 17:50:54.761" endtime="20201128 17:50:55.325"></status>
</kw>
<status status="PASS" starttime="20201128 17:50:54.760" endtime="20201128 17:50:55.326"></status>
</kw>
<kw name="${i} IN RANGE [ 1 | ${VM2['NO_OF_VRFS']} + 1 ]" type="for">
<kw name="${i} = 1" type="foritem">
<kw name="Set Variable" library="BuiltIn">
<doc>Returns the given values which can then be assigned to a variables.</doc>
<arguments>
<arg>${VM2['lan'][${i}]['first_host']}</arg>
</arguments>
<assign>
<var>${gw}</var>
</assign>
<msg timestamp="20201128 17:50:55.328" level="TRACE">Arguments: [ '192.170.1.1' ]</msg>
<msg timestamp="20201128 17:50:55.328" level="TRACE">Return: '192.170.1.1'</msg>
<msg timestamp="20201128 17:50:55.328" level="INFO">${gw} = 192.170.1.1</msg>
<status status="PASS" starttime="20201128 17:50:55.327" endtime="20201128 17:50:55.328"></status>
</kw>
<kw name="Set Variable" library="BuiltIn">
<doc>Returns the given values which can then be assigned to a variables.</doc>
<arguments>
<arg>${VM2['lan'][${i}]['vlan']}</arg>
</arguments>
<assign>
<var>${vlan}</var>
</assign>
<msg timestamp="20201128 17:50:55.331" level="TRACE">Arguments: [ 750 ]</msg>
<msg timestamp="20201128 17:50:55.331" level="TRACE">Return: 750</msg>
<msg timestamp="20201128 17:50:55.331" level="INFO">${vlan} = 750</msg>
<status status="PASS" starttime="20201128 17:50:55.330" endtime="20201128 17:50:55.331"></status>
</kw>
<kw name="Set Variable" library="BuiltIn">
<doc>Returns the given values which can then be assigned to a variables.</doc>
<arguments>
<arg>${VM1['lan'][${i}]['nw']}</arg>
</arguments>
<assign>
<var>${destination_nw}</var>
</assign>
<msg timestamp="20201128 17:50:55.331" level="TRACE">Arguments: [ CalcIPv4Network('192.169.111.0/24') ]</msg>
<msg timestamp="20201128 17:50:55.331" level="TRACE">Return: CalcIPv4Network('192.169.111.0/24')</msg>
<msg timestamp="20201128 17:50:55.331" level="INFO">${destination_nw} = 192.169.111.0/24</msg>
<status status="PASS" starttime="20201128 17:50:55.331" endtime="20201128 17:50:55.331"></status>
</kw>
<kw name="Send Commands And Expect" library="VM2">
<arguments>
<arg>sudo ip route del ${destination_nw} via ${gw} dev ${VM2['LAN_INTF']}.${vlan}</arg>
</arguments>
<msg timestamp="20201128 17:50:55.331" level="TRACE">Arguments: [ 'sudo ip route del 192.169.111.0/24 via 192.170.1.1 dev ens34.750' ]</msg>
<msg timestamp="20201128 17:50:55.639" level="DEBUG">read_channel: -----------------------------------------------------------
Server listening on 5201
-----------------------------------------------------------
Accepted connection from 192.169.111.2, port 45796
[  5] local 192.170.1.2 port 5201 connected to 192.169.111.2 port 45798
[ ID] Interval           Transfer     Bandwidth
[  5]   0.00-1.00   sec  28.4 MBytes   238 Mbits/sec                  
[  5]   1.00-2.00   sec  31.1 MBytes   261 Mbits/sec                  
[  5]   2.00-3.00   sec  31.0 MBytes   260 Mbits/sec                  
[  5]   3.00-4.00   sec  31.1 MBytes   261 Mbits/sec                  
[  5]   4.00-5.00   sec  31.2 MBytes   261 Mbits/sec                  
[  5]   5.00-6.00   sec  31.4 MBytes   263 Mbits/sec                  
[  5]   6.00-7.00   sec  31.2 MBytes   262 Mbits/sec                  
[  5]   7.00-8.00   sec  31.3 MBytes   262 Mbits/sec                  
[  5]   8.00-9.00   sec  31.4 MBytes   263 Mbits/sec                  
[  5]   9.00-10.00  sec  31.4 MBytes   263 Mbits/sec                  
[  5]  10.00-10.04  sec  1.20 MBytes   261 Mbits/sec                  
- - - - - - - - - - - - - - - - - - - - - - - - -
[ ID] Interval           Transfer     Bandwidth       Retr
[  5]   0.00-10.04  sec   313 MBytes   261 Mbits/sec    1             sender
[  5]   0.00-10.04  sec   311 MBytes   260 Mbits/sec                  receiver
-----------------------------------------------------------
Server listening on 5201
-----------------------------------------------------------
</msg>
<msg timestamp="20201128 17:50:55.639" level="DEBUG">Clear buffer detects data in the channel</msg>
<msg timestamp="20201128 17:50:55.841" level="DEBUG">read_channel: </msg>
<msg timestamp="20201128 17:50:55.842" level="DEBUG">write_channel: b'sudo ip route del 192.169.111.0/24 via 192.170.1.1 dev ens34.750\n'</msg>
<msg timestamp="20201128 17:50:55.842" level="DEBUG">Pattern is: sudo\ ip\ route\ del\ 192\.169\.111\.0/24\ via\ 192\.170\.1\.1\ dev\ ens34\.750</msg>
<msg timestamp="20201128 17:50:55.859" level="DEBUG">_read_channel_expect read_data: sudo ip route del 192.169.111.0/24 via 192.170.1.1 dev ens34.750
</msg>
<msg timestamp="20201128 17:50:55.860" level="DEBUG">Pattern found: sudo\ ip\ route\ del\ 192\.169\.111\.0/24\ via\ 192\.170\.1\.1\ dev\ ens34\.750 sudo ip route del 192.169.111.0/24 via 192.170.1.1 dev ens34.750
</msg>
<msg timestamp="20201128 17:50:56.072" level="DEBUG">read_channel: root@ubuntu:~# </msg>
<msg timestamp="20201128 17:50:56.072" level="TRACE">Return: 'sudo ip route del 192.169.111.0/24 via 192.170.1.1 dev ens34.750\nroot@ubuntu:~# '</msg>
<status status="PASS" starttime="20201128 17:50:55.331" endtime="20201128 17:50:56.072"></status>
</kw>
<status status="PASS" starttime="20201128 17:50:55.327" endtime="20201128 17:50:56.073"></status>
</kw>
<status status="PASS" starttime="20201128 17:50:55.326" endtime="20201128 17:50:56.073"></status>
</kw>
<msg timestamp="20201128 17:50:56.073" level="TRACE">Return: None</msg>
<status status="PASS" starttime="20201128 17:50:28.784" endtime="20201128 17:50:56.073"></status>
</kw>
<doc>A test suite with tests for SDWAN SINGLE CPE MPLS only Solution.
Topology:-
____________________________
| VersaDirector |
|___________________________|
|
|
|
_____________|_______________
| WanCtrller1 |
|____________________________|
| |
| |
| |
INTERNET/MPLS
| |
| |___
______|__ ___|___
| | | |
LAN1--+ CPE1 | | CPE2 +--LAN1
|________| |_______|


Testplan Goals:-
1. CHECK WAN INTERFACES STATUS.
2. CHECK BGP NEIGHBOR STATUS.
3. CHECK LAN ROUTE.
4. Ping Test.
5. IPERF Test.
6. Traffic steering Test.
7. QOS Test.</doc>
<metadata>
<item name="Version">1.0
More Info For more information about Robot Framework see http://robotframework.org
Author Sathishkumar murugesan
Date 12 Dec 2017
Executed At HOST
Test Framework Robot Framework Python</item>
</metadata>
<status status="FAIL" starttime="20201128 17:37:46.263" endtime="20201128 17:50:56.073"></status>
</suite>
<statistics>
<total>
<stat pass="5" fail="2">Critical Tests</stat>
<stat pass="5" fail="2">All Tests</stat>
</total>
<tag>
<stat pass="0" fail="1">IPERF</stat>
<stat pass="1" fail="1">PING</stat>
<stat pass="3" fail="0">QOS</stat>
<stat pass="2" fail="2">SANITY1</stat>
</tag>
<suite>
<stat pass="5" fail="2" id="s1" name="SINGLE CPE MPLS ONLY SOLUTION TEST">SINGLE CPE MPLS ONLY SOLUTION TEST</stat>
</suite>
</statistics>
<errors>
</errors>
</robot>
