<?xml version="1.0" encoding="UTF-8"?>
<robot generator="Robot 3.2.1 (Python 3.8.5 on win32)" generated="20201128 17:58:43.435" rpa="false">
<suite id="s1" name="SINGLE CPE MPLS ONLY SOLUTION TEST" source="C:\Softwares_mine\Code_base\NOVITAS_SDWAN_AUTOMATION_py3\csit\ROBOT_TESTSUITES\SINGLE_CPE_MPLS_ONLY_SOLUTION_TEST.robot">
<kw name="STARTUP" type="setup">
<doc>Make connecection to Versa devices</doc>
<msg timestamp="20201128 17:59:05.935" level="TRACE">Arguments: [  ]</msg>
<kw name="Login" library="VD1">
<msg timestamp="20201128 17:59:05.935" level="TRACE">Arguments: [  ]</msg>
<msg timestamp="20201128 17:59:06.010" level="DEBUG">Adding ssh-ed25519 host key for 10.91.116.35: b'bdd651375ff69331eb30d5151aa8cb04'</msg>
<msg timestamp="20201128 17:59:06.097" level="DEBUG">[chan 0] Max packet in: 32768 bytes</msg>
<msg timestamp="20201128 17:59:07.279" level="DEBUG">read_channel: ===============================================================================
WARNING!
This is a Proprietary System
You have accessed a Proprietary System

If you are not authorized to use this computer system, you MUST log off now.
Unauthorized use of this computer system, including unauthorized attempts or
acts to deny service on, upload information to, download information from,
change information on, or access a non-public site from, this computer system,
are strictly prohibited and may be punishable under federal and state criminal
and civil laws. All data contained on this computer systems may be monitored,
intercepted, recorded, read, copied, or captured in any manner by authorized
System personnel. System personnel may use or transfer this data as required or
permitted under applicable law. Without limiting the previous sentence, system
personnel may give to law enforcement officials any potential evidence of crime
found on this computer system. Use of this system by any user, authorized or
unauthorized, constitutes EXPRESS CONSENT to this monitoring, interception,
recording, reading, copying, or capturing, and use and transfer. Please verify
if this is the current version of the banner when deploying to the system.
===============================================================================

             .---.,                                 
            (      ``.                             
       _     \        )    __      ________ _____   _____                
      (  `.   \      /     \ \    / /  ____|  __ \ / ____|  /\           
       \    `. )    /       \ \  / /| |__  | |__) | (___   /  \          
        \     |    /         \ \/ / |  __| |  _  / \___ \ / /\ \         
         \    |   /           \  /  | |____| | \ \ ____) / ____ \        
          \   |  /             \/   |______|_|  \_\_____/_/    \_\       
           \  | /  
            \_|/               ___ ___ ___ ___ ___ _____ ___  ___ 
                              |   \_ _| _ \ __/ __|_   _/ _ \| _ \
                              | |) | ||   / _| (__  | || (_) |   /
                              |___/___|_|_\___\___| |_| \___/|_|_\
                                    


Release     : 16.1R2
Release date: 20200719
Package ID  : eae49fb

 *****************************************************************************
 *                            IMPORTANT NOTICE                               *
 * Access to this network is restricted to COLT authorised users and is      *
 * permitted only for legitimate business purposes and only on the terms and *
 * conditions of COLT's Acceptable Use Policy.  Your electronic login to     *
 * this network indicates acceptance of the terms and conditions of COLT's   *
 * Acceptable Use Policy.                                                    *
 *                                                                           *
 * COLT reserves the right to audit the network, in accordance with the      *
 * Logging and Monitoring Policy.                                            *
 *                                                                           *
 *****************************************************************************

Last login: Sat Nov 28 12:09:44 2020 from 10.91.194.19

             .---.,                                 
            (      ``.                             
       _     \        )    __      ________ _____   _____                
      (  `.   \      /     \ \    / /  ____|  __ \ / ____|  /\           
       \    `. )    /       \ \  / /| |__  | |__) | (___   /  \          
        \     |    /         \ \/ / |  __| |  _  / \___ \ / /\ \         
         \    |   /           \  /  | |____| | \ \ ____) / ____ \        
          \   |  /             \/   |______|_|  \_\_____/_/    \_\       
           \  | /  
            \_|/               ___ ___ ___ ___ ___ _____ ___  ___ 
                              |   \_ _| _ \ __/ __|_   _/ _ \| _ \
                              | |) | ||   / _| (__  | || (_) |   /
                              |___/___|_|_\___\___| |_| \___/|_|_\
                                    



Automated connected from 10.91.194.19 using ssh on Versa-Dir-BLR-1
[?7hAutomated@Versa-Dir-BLR-1&gt; </msg>
<msg timestamp="20201128 17:59:07.386" level="DEBUG">read_channel: </msg>
<msg timestamp="20201128 17:59:09.409" level="DEBUG">read_channel: </msg>
<msg timestamp="20201128 17:59:09.411" level="DEBUG">write_channel: b'\n'</msg>
<msg timestamp="20201128 17:59:09.513" level="DEBUG">read_channel: 
Automated@Versa-Dir-BLR-1&gt; </msg>
<msg timestamp="20201128 17:59:09.514" level="DEBUG">write_channel: b'cli\n'</msg>
<msg timestamp="20201128 17:59:09.944" level="DEBUG">read_channel: cli
---------------------------^
syntax error: expecting 
  clear      - Clear parameter
  compare    - Compare running configuration to another configuration or a file
  configure  - Manipulate software configuration information
  describe   - Display transparent command  information
  exit       - Exit the management session
  file       - Perform file operations
  help       - Provide help information
  id         - Show user id information
  monitor    - Real-time debugging
  ping       - Ping a host
  quit       - Exit the management session
  request    - Make system-level requests
  script     - Script actions
  set        - Set CLI properties
  set-path   - Set relative show path
  shell      - Open a shell
  show       - Show information about the system
  source     - File to source
  ssh        - Open a secure shell on another Host
  switch     - Change CLI style
  telnet     - Open a telnet session to another host
  top        - Exit to top level and optionally run command
  traceroute - Trace the route to a remote host
  up         - Exit one level of configuration
[error][2020-11-28 12:29:10]
Automated@Versa-Dir-BLR-1&gt; </msg>
<msg timestamp="20201128 17:59:09.945" level="DEBUG">Clear buffer detects data in the channel</msg>
<msg timestamp="20201128 17:59:10.162" level="DEBUG">read_channel: </msg>
<msg timestamp="20201128 17:59:10.279" level="DEBUG">read_channel: </msg>
<msg timestamp="20201128 17:59:10.280" level="DEBUG">write_channel: b'\n'</msg>
<msg timestamp="20201128 17:59:10.395" level="DEBUG">read_channel: 
Automated@Versa-Dir-BLR-1&gt; </msg>
<msg timestamp="20201128 17:59:10.630" level="DEBUG">read_channel: </msg>
<msg timestamp="20201128 17:59:10.630" level="DEBUG">[find_prompt()]: prompt is Automated@Versa-Dir-BLR-1&gt;</msg>
<msg timestamp="20201128 17:59:10.846" level="DEBUG">read_channel: </msg>
<msg timestamp="20201128 17:59:10.846" level="DEBUG">In disable_paging</msg>
<msg timestamp="20201128 17:59:10.846" level="DEBUG">Command: set screen length 0
</msg>
<msg timestamp="20201128 17:59:10.847" level="DEBUG">write_channel: b'set screen length 0\n'</msg>
<msg timestamp="20201128 17:59:10.848" level="DEBUG">Pattern is: Automated@Versa\-Dir\-BLR\-1</msg>
<msg timestamp="20201128 17:59:10.859" level="DEBUG">_read_channel_expect read_data: set</msg>
<msg timestamp="20201128 17:59:10.964" level="DEBUG">_read_channel_expect read_data:  screen length 0
[ok][2020-11-28 12:29:11]
Automated@Versa-Dir-BLR-1&gt; </msg>
<msg timestamp="20201128 17:59:10.965" level="DEBUG">Pattern found: Automated@Versa\-Dir\-BLR\-1 set screen length 0
[ok][2020-11-28 12:29:11]
Automated@Versa-Dir-BLR-1&gt; </msg>
<msg timestamp="20201128 17:59:10.966" level="DEBUG">set screen length 0
[ok][2020-11-28 12:29:11]
Automated@Versa-Dir-BLR-1&gt; </msg>
<msg timestamp="20201128 17:59:10.966" level="DEBUG">Exiting disable_paging</msg>
<msg timestamp="20201128 17:59:10.967" level="DEBUG">write_channel: b'set screen width 0\n'</msg>
<msg timestamp="20201128 17:59:10.968" level="DEBUG">Pattern is: Automated@Versa\-Dir\-BLR\-1</msg>
<msg timestamp="20201128 17:59:10.978" level="DEBUG">_read_channel_expect read_data: set</msg>
<msg timestamp="20201128 17:59:11.095" level="DEBUG">_read_channel_expect read_data:  screen width 0
[ok][2020-11-28 12:29:12]
Automated@Versa-Dir-BLR-1&gt; </msg>
<msg timestamp="20201128 17:59:11.096" level="DEBUG">Pattern found: Automated@Versa\-Dir\-BLR\-1 set screen width 0
[ok][2020-11-28 12:29:12]
Automated@Versa-Dir-BLR-1&gt; </msg>
<msg timestamp="20201128 17:59:11.530" level="DEBUG">read_channel: </msg>
<msg timestamp="20201128 17:59:11.531" level="DEBUG">&lt;netmiko.versa.versa_ssh.VersaSSH object at 0x0000019A1A433DC0&gt;</msg>
<msg timestamp="20201128 17:59:16.662" level="DEBUG">read_channel: </msg>
<msg timestamp="20201128 17:59:16.664" level="DEBUG">write_channel: b'\n'</msg>
<msg timestamp="20201128 17:59:16.779" level="DEBUG">read_channel: 
Automated@Versa-Dir-BLR-1&gt; </msg>
<msg timestamp="20201128 17:59:17.012" level="DEBUG">read_channel: </msg>
<msg timestamp="20201128 17:59:17.013" level="DEBUG">[find_prompt()]: prompt is Automated@Versa-Dir-BLR-1&gt;</msg>
<msg timestamp="20201128 17:59:17.013" level="DEBUG">versa: Automated@Versa-Dir-BLR-1&gt;</msg>
<msg timestamp="20201128 17:59:17.014" level="TRACE">Return: &lt;netmiko.versa.versa_ssh.VersaSSH object at 0x0000019A1A433DC0&gt;</msg>
<status status="PASS" starttime="20201128 17:59:05.935" endtime="20201128 17:59:17.014"></status>
</kw>
<kw name="Get Data Dict" library="VD1">
<assign>
<var>${VD1}</var>
</assign>
<msg timestamp="20201128 17:59:17.014" level="TRACE">Arguments: [  ]</msg>
<msg timestamp="20201128 17:59:17.014" level="TRACE">Return: {'Device_name': 'POD2_VD1',
 'GUIpassword': 'Auto@12345',
 'GUIusername': 'Automated',
 'LCC_dict': {'BLR': '91', 'LON': '44', 'MUM': '1091'},
 'MGMT_NW_SBNT': '10.91.140.0/22',
 'MIN_SW_VERSION': '16.1R2-S9',
 'POD': 2,
 'RR_Clients': {'NV-WC01-N2-BLR': ['NV-WC01-N4-MUM', 'NV-WC01-N5-LON'],
                'NV-WC02-N4-MUM': ['NV-WC02-N2-BLR', 'NV-WC02-N5-LON']},
 'RR_SERVER': ['NV-WC01-N2-BLR', 'NV-WC02-N4-MUM'],
 'SOLUTIONS_list': ['SINGLE-CPE-HYBRID',
                    'SINGLE-CPE-INTERNET-ONLY',
                    'SINGLE-CPE-MPLS-ONLY',
                    'SINGLE-CPE-DUAL-INTERNET',
                    'DUAL-CPE-DUAL-MPLS',
                    'DUAL-CPE-HYBRID',
                    'DUAL-CPE-DUAL-INTERNET'],
 'TRACK_MANAGEMENT_SUBNET': '10.91.113.58/32',
 'VNF_IPADDRESS': ['10.91.116.67/32', '10.91.116.68/32'],
 'ctlr_dict': {'BLR': ['NV-WC01-N2-BLR', 'NV-WC02-N2-BLR'],
               'LON': ['NV-WC01-N5-LON', 'NV-WC02-N5-LON'],
               'MUM': ['NV-WC01-N4-MUM', 'NV-WC02-N4-MUM']},
 'ctlr_list': ['NV-WC01-N2-BLR', 'NV-WC02-N4-MUM'],
 'curr_file_dir': 'C:\\Softwares_mine\\Code_base\\NOVITAS_SDWAN_AUTOMATION_py3\\csit',
 'device_type': 'versa_director',
 'gw_dict': {'BLR': ['NV-GW01-N2-BLR', 'NV-GW02-N2-BLR'],
             'LON': ['NV-GW01-N5-LON', 'NV-GW02-N5-LON'],
             'MUM': ['NV-GW01-N4-MUM', 'NV-GW02-N4-MUM']},
 'gw_list': [],
 'log_collector': 'LogCollectors',
 'logfile': 'C:\\Softwares_mine\\Code_base\\NOVITAS_SDWAN_AUTOMATION_py3\\csit/LOGS/2020_11_28_17_58_44_465097/MAIN.log',
 'main_logger': &lt;Logger POD2_VD1 (DEBUG)&gt;,
 'mgmt_ip': '10.91.116.35',
 'nc': &lt;netmiko.versa.versa_ssh.VersaSSH object at 0x0000019A1A433DC0&gt;,
 'ndb': {},
 'password': 'Auto@12345',
 'staging_servers_dict': {'BLR': ['NV-WC01-N2-BLR', 'NV-WC02-N2-BLR'],
                          'LON': ['NV-WC01-N5-LON', 'NV-WC02-N5-LON'],
                          'MUM': ['NV-WC01-N4-MUM', 'NV-WC02-N4-MUM']},
 'topofile': 'Devices.yml',
 'username': 'Automated',
 'vddata_dict': &lt;Recursion on dict with id=1761371427136&gt;,
 'vdhead': 'https://10.91.116.35:9182',
 'vlans': []}</msg>
<msg timestamp="20201128 17:59:17.014" level="INFO">${VD1} = {'ndb': {}, 'topofile': 'Devices.yml', 'Device_name': 'POD2_VD1', 'POD': 2, 'device_type': 'versa_director', 'MIN_SW_VERSION': '16.1R2-S9', 'mgmt_ip': '10.91.116.35', 'username': 'Automated', 'passwor...</msg>
<status status="PASS" starttime="20201128 17:59:17.014" endtime="20201128 17:59:17.014"></status>
</kw>
<kw name="Set Suite Variable" library="BuiltIn">
<doc>Makes a variable available everywhere within the scope of the current suite.</doc>
<arguments>
<arg>${VM1}</arg>
</arguments>
<msg timestamp="20201128 17:59:17.014" level="TRACE">Arguments: [ '${VM1}' ]</msg>
<msg timestamp="20201128 17:59:17.014" level="INFO">${VM1} = CPE12_LAN_HOST1</msg>
<msg timestamp="20201128 17:59:17.014" level="TRACE">Return: None</msg>
<status status="PASS" starttime="20201128 17:59:17.014" endtime="20201128 17:59:17.014"></status>
</kw>
<kw name="Set Suite Variable" library="BuiltIn">
<doc>Makes a variable available everywhere within the scope of the current suite.</doc>
<arguments>
<arg>${VM2}</arg>
</arguments>
<msg timestamp="20201128 17:59:17.014" level="TRACE">Arguments: [ '${VM2}' ]</msg>
<msg timestamp="20201128 17:59:17.014" level="INFO">${VM2} = CPE26_LAN_HOST1</msg>
<msg timestamp="20201128 17:59:17.014" level="TRACE">Return: None</msg>
<status status="PASS" starttime="20201128 17:59:17.014" endtime="20201128 17:59:17.014"></status>
</kw>
<kw name="Set Suite Variable" library="BuiltIn">
<doc>Makes a variable available everywhere within the scope of the current suite.</doc>
<arguments>
<arg>${VM3}</arg>
</arguments>
<msg timestamp="20201128 17:59:17.014" level="TRACE">Arguments: [ '${VM3}' ]</msg>
<msg timestamp="20201128 17:59:17.014" level="INFO">${VM3} = CPE13_LAN_HOST1</msg>
<msg timestamp="20201128 17:59:17.014" level="TRACE">Return: None</msg>
<status status="PASS" starttime="20201128 17:59:17.014" endtime="20201128 17:59:17.014"></status>
</kw>
<kw name="Cross Login" library="CPE1">
<msg timestamp="20201128 17:59:17.014" level="TRACE">Arguments: [  ]</msg>
<msg timestamp="20201128 17:59:17.099" level="DEBUG">Adding ssh-ed25519 host key for 10.91.116.35: b'bdd651375ff69331eb30d5151aa8cb04'</msg>
<msg timestamp="20201128 17:59:17.186" level="DEBUG">[chan 0] Max packet in: 32768 bytes</msg>
<msg timestamp="20201128 17:59:18.363" level="DEBUG">read_channel: ===============================================================================
WARNING!
This is a Proprietary System
You have accessed a Proprietary System

If you are not authorized to use this computer system, you MUST log off now.
Unauthorized use of this computer system, including unauthorized attempts or
acts to deny service on, upload information to, download information from,
change information on, or access a non-public site from, this computer system,
are strictly prohibited and may be punishable under federal and state criminal
and civil laws. All data contained on this computer systems may be monitored,
intercepted, recorded, read, copied, or captured in any manner by authorized
System personnel. System personnel may use or transfer this data as required or
permitted under applicable law. Without limiting the previous sentence, system
personnel may give to law enforcement officials any potential evidence of crime
found on this computer system. Use of this system by any user, authorized or
unauthorized, constitutes EXPRESS CONSENT to this monitoring, interception,
recording, reading, copying, or capturing, and use and transfer. Please verify
if this is the current version of the banner when deploying to the system.
===============================================================================

             .---.,                                 
            (      ``.                             
       _     \        )    __      ________ _____   _____                
      (  `.   \      /     \ \    / /  ____|  __ \ / ____|  /\           
       \    `. )    /       \ \  / /| |__  | |__) | (___   /  \          
        \     |    /         \ \/ / |  __| |  _  / \___ \ / /\ \         
         \    |   /           \  /  | |____| | \ \ ____) / ____ \        
          \   |  /             \/   |______|_|  \_\_____/_/    \_\       
           \  | /  
            \_|/               ___ ___ ___ ___ ___ _____ ___  ___ 
                              |   \_ _| _ \ __/ __|_   _/ _ \| _ \
                              | |) | ||   / _| (__  | || (_) |   /
                              |___/___|_|_\___\___| |_| \___/|_|_\
                                    


Release     : 16.1R2
Release date: 20200719
Package ID  : eae49fb

 *****************************************************************************
 *                            IMPORTANT NOTICE                               *
 * Access to this network is restricted to COLT authorised users and is      *
 * permitted only for legitimate business purposes and only on the terms and *
 * conditions of COLT's Acceptable Use Policy.  Your electronic login to     *
 * this network indicates acceptance of the terms and conditions of COLT's   *
 * Acceptable Use Policy.                                                    *
 *                                                                           *
 * COLT reserves the right to audit the network, in accordance with the      *
 * Logging and Monitoring Policy.                                            *
 *                                                                           *
 *****************************************************************************

Last login: Sat Nov 28 12:29:07 2020 from 10.91.194.19

             .---.,                                 
            (      ``.                             
       _     \        )    __      ________ _____   _____                
      (  `.   \      /     \ \    / /  ____|  __ \ / ____|  /\           
       \    `. )    /       \ \  / /| |__  | |__) | (___   /  \          
        \     |    /         \ \/ / |  __| |  _  / \___ \ / /\ \         
         \    |   /           \  /  | |____| | \ \ ____) / ____ \        
          \   |  /             \/   |______|_|  \_\_____/_/    \_\       
           \  | /  
            \_|/               ___ ___ ___ ___ ___ _____ ___  ___ 
                              |   \_ _| _ \ __/ __|_   _/ _ \| _ \
                              | |) | ||   / _| (__  | || (_) |   /
                              |___/___|_|_\___\___| |_| \___/|_|_\
                                    



Automated connected from 10.91.194.19 using ssh on Versa-Dir-BLR-1
[?7hAutomated@Versa-Dir-BLR-1&gt; </msg>
<msg timestamp="20201128 17:59:18.478" level="DEBUG">read_channel: </msg>
<msg timestamp="20201128 17:59:20.478" level="DEBUG">read_channel: </msg>
<msg timestamp="20201128 17:59:20.479" level="DEBUG">write_channel: b'\n'</msg>
<msg timestamp="20201128 17:59:20.601" level="DEBUG">read_channel: 
Automated@Versa-Dir-BLR-1&gt; </msg>
<msg timestamp="20201128 17:59:20.602" level="DEBUG">write_channel: b'cli\n'</msg>
<msg timestamp="20201128 17:59:21.029" level="DEBUG">read_channel: cli
---------------------------^
syntax error: expecting 
  clear      - Clear parameter
  compare    - Compare running configuration to another configuration or a file
  configure  - Manipulate software configuration information
  describe   - Display transparent command  information
  exit       - Exit the management session
  file       - Perform file operations
  help       - Provide help information
  id         - Show user id information
  monitor    - Real-time debugging
  ping       - Ping a host
  quit       - Exit the management session
  request    - Make system-level requests
  script     - Script actions
  set        - Set CLI properties
  set-path   - Set relative show path
  shell      - Open a shell
  show       - Show information about the system
  source     - File to source
  ssh        - Open a secure shell on another Host
  switch     - Change CLI style
  telnet     - Open a telnet session to another host
  top        - Exit to top level and optionally run command
  traceroute - Trace the route to a remote host
  up         - Exit one level of configuration
[error][2020-11-28 12:29:21]
Automated@Versa-Dir-BLR-1&gt; </msg>
<msg timestamp="20201128 17:59:21.030" level="DEBUG">Clear buffer detects data in the channel</msg>
<msg timestamp="20201128 17:59:21.244" level="DEBUG">read_channel: </msg>
<msg timestamp="20201128 17:59:21.362" level="DEBUG">read_channel: </msg>
<msg timestamp="20201128 17:59:21.363" level="DEBUG">write_channel: b'\n'</msg>
<msg timestamp="20201128 17:59:21.477" level="DEBUG">read_channel: 
Automated@Versa-Dir-BLR-1&gt; </msg>
<msg timestamp="20201128 17:59:21.711" level="DEBUG">read_channel: </msg>
<msg timestamp="20201128 17:59:21.711" level="DEBUG">[find_prompt()]: prompt is Automated@Versa-Dir-BLR-1&gt;</msg>
<msg timestamp="20201128 17:59:21.931" level="DEBUG">read_channel: </msg>
<msg timestamp="20201128 17:59:21.931" level="DEBUG">In disable_paging</msg>
<msg timestamp="20201128 17:59:21.931" level="DEBUG">Command: set screen length 0
</msg>
<msg timestamp="20201128 17:59:21.932" level="DEBUG">write_channel: b'set screen length 0\n'</msg>
<msg timestamp="20201128 17:59:21.932" level="DEBUG">Pattern is: Automated@Versa\-Dir\-BLR\-1</msg>
<msg timestamp="20201128 17:59:21.943" level="DEBUG">_read_channel_expect read_data: set</msg>
<msg timestamp="20201128 17:59:22.062" level="DEBUG">_read_channel_expect read_data:  screen length 0
[ok][2020-11-28 12:29:23]
Automated@Versa-Dir-BLR-1&gt; </msg>
<msg timestamp="20201128 17:59:22.063" level="DEBUG">Pattern found: Automated@Versa\-Dir\-BLR\-1 set screen length 0
[ok][2020-11-28 12:29:23]
Automated@Versa-Dir-BLR-1&gt; </msg>
<msg timestamp="20201128 17:59:22.063" level="DEBUG">set screen length 0
[ok][2020-11-28 12:29:23]
Automated@Versa-Dir-BLR-1&gt; </msg>
<msg timestamp="20201128 17:59:22.063" level="DEBUG">Exiting disable_paging</msg>
<msg timestamp="20201128 17:59:22.064" level="DEBUG">write_channel: b'set screen width 0\n'</msg>
<msg timestamp="20201128 17:59:22.065" level="DEBUG">Pattern is: Automated@Versa\-Dir\-BLR\-1</msg>
<msg timestamp="20201128 17:59:22.075" level="DEBUG">_read_channel_expect read_data: set</msg>
<msg timestamp="20201128 17:59:22.178" level="DEBUG">_read_channel_expect read_data:  screen width 0
[ok][2020-11-28 12:29:23]
Automated@Versa-Dir-BLR-1&gt; </msg>
<msg timestamp="20201128 17:59:22.178" level="DEBUG">Pattern found: Automated@Versa\-Dir\-BLR\-1 set screen width 0
[ok][2020-11-28 12:29:23]
Automated@Versa-Dir-BLR-1&gt; </msg>
<msg timestamp="20201128 17:59:22.599" level="DEBUG">read_channel: </msg>
<msg timestamp="20201128 17:59:22.600" level="DEBUG">&lt;netmiko.versa.versa_ssh.VersaSSH object at 0x0000019A19EFAD30&gt;</msg>
<msg timestamp="20201128 17:59:27.739" level="DEBUG">read_channel: </msg>
<msg timestamp="20201128 17:59:27.740" level="DEBUG">write_channel: b'\n'</msg>
<msg timestamp="20201128 17:59:27.843" level="DEBUG">read_channel: 
Automated@Versa-Dir-BLR-1&gt; </msg>
<msg timestamp="20201128 17:59:28.078" level="DEBUG">read_channel: </msg>
<msg timestamp="20201128 17:59:28.078" level="DEBUG">[find_prompt()]: prompt is Automated@Versa-Dir-BLR-1&gt;</msg>
<msg timestamp="20201128 17:59:28.078" level="DEBUG">versa: Automated@Versa-Dir-BLR-1&gt;</msg>
<msg timestamp="20201128 17:59:28.078" level="DEBUG">write_channel: b'ssh admin@20.20.73.12\n'</msg>
<msg timestamp="20201128 17:59:33.094" level="DEBUG">read_channel: ssh admin@20.20.73.12
admin@20.20.73.12's password: </msg>
<msg timestamp="20201128 17:59:33.094" level="DEBUG">write_channel: b'versa123\n'</msg>
<msg timestamp="20201128 17:59:38.111" level="DEBUG">read_channel: 
             .---.,
            (      ``.
       _     \        )    __      ________ _____   _____
      (  `.   \      /     \ \    / /  ____|  __ \ / ____|  /\
       \    `. )    /       \ \  / /| |__  | |__) | (___   /  \
        \     |    /         \ \/ / |  __| |  _  / \___ \ / /\ \
         \    |   /           \  /  | |____| | \ \ ____) / ____ \
          \   |  /             \/   |______|_|  \_\_____/_/    \_\
           \  | /
            \_|/                     ___ _    _____  ___   ___  _ ___
                                    | __| |  | __\ \/ | \ / / \| | __|
                                    | _|| |__| _| &gt;  &lt; \ V /| .` | _|
                                    |_| |____|___/_/\_\ \_/ |_|\_|_|


Versa FlexVNF software
Release     :	16.1R2 (S9)
Release date:	20190628
Package ID  :	80561de	

Last login: Sat Nov 28 12:11:17 2020 from 10.91.194.19
admin@CPE12-MUM-SINGLE-CPE-MPLSONLY-IPC00073:~$ </msg>
<msg timestamp="20201128 17:59:39.228" level="DEBUG">read_channel: </msg>
<msg timestamp="20201128 17:59:41.229" level="DEBUG">read_channel: </msg>
<msg timestamp="20201128 17:59:41.230" level="DEBUG">write_channel: b'\n'</msg>
<msg timestamp="20201128 17:59:41.494" level="DEBUG">read_channel: 
admin@CPE12-MUM-SINGLE-CPE-MPLSONLY-IPC00073:~$ </msg>
<msg timestamp="20201128 17:59:41.610" level="DEBUG">read_channel: </msg>
<msg timestamp="20201128 17:59:43.627" level="DEBUG">read_channel: </msg>
<msg timestamp="20201128 17:59:43.628" level="DEBUG">write_channel: b'\n'</msg>
<msg timestamp="20201128 17:59:43.743" level="DEBUG">read_channel: 
admin@CPE12-MUM-SINGLE-CPE-MPLSONLY-IPC00073:~$ </msg>
<msg timestamp="20201128 17:59:43.744" level="DEBUG">write_channel: b'cli\n'</msg>
<msg timestamp="20201128 17:59:44.176" level="DEBUG">read_channel: cli
Access to this network/system is limited to users authorised by Colt for its legitimate business purposes. Unauthorised access, use, installation of files or modification of any data is prohibited. Use of this system/network will be audited

             .---.,
            (      ``.
       _     \        )    __      ________ _____   _____
      (  `.   \      /     \ \    / /  ____|  __ \ / ____|  /\
       \    `. )    /       \ \  / /| |__  | |__) | (___   /  \
        \     |    /         \ \/ / |  __| |  _  / \___ \ / /\ \
         \    |   /           \  /  | |____| | \ \ ____) / ____ \
          \   |  /             \/   |______|_|  \_\_____/_/    \_\
           \  | /
            \_|/                   _  _ ___ _______      _____  ___ _  _____
                                  | \| | __|_   _\ \    / / _ \| _ \ |/ / __|
                                  | .` | _|  | |  \ \/\/ / (_) |   / ' &lt;\__ \
                                  |_|\_|___| |_|   \_/\_/ \___/|_|_\_|\_\___/



admin connected from 10.91.116.67 using ssh on CPE12-MUM-SINGLE-CPE-MPLSONLY-IPC00073
[?7hadmin@CPE12-MUM-SINGLE-CPE-MPLSONLY-IPC00073-cli&gt; </msg>
<msg timestamp="20201128 17:59:44.176" level="DEBUG">Clear buffer detects data in the channel</msg>
<msg timestamp="20201128 17:59:44.398" level="DEBUG">read_channel: </msg>
<msg timestamp="20201128 17:59:44.508" level="DEBUG">read_channel: </msg>
<msg timestamp="20201128 17:59:44.510" level="DEBUG">write_channel: b'\n'</msg>
<msg timestamp="20201128 17:59:44.627" level="DEBUG">read_channel: 
admin@CPE12-MUM-SINGLE-CPE-MPLSONLY-IPC00073-cli&gt; </msg>
<msg timestamp="20201128 17:59:44.843" level="DEBUG">read_channel: </msg>
<msg timestamp="20201128 17:59:44.844" level="DEBUG">[find_prompt()]: prompt is admin@CPE12-MUM-SINGLE-CPE-MPLSONLY-IPC00073-cli&gt;</msg>
<msg timestamp="20201128 17:59:45.075" level="DEBUG">read_channel: </msg>
<msg timestamp="20201128 17:59:45.076" level="DEBUG">In disable_paging</msg>
<msg timestamp="20201128 17:59:45.076" level="DEBUG">Command: set screen length 0
</msg>
<msg timestamp="20201128 17:59:45.077" level="DEBUG">write_channel: b'set screen length 0\n'</msg>
<msg timestamp="20201128 17:59:45.078" level="DEBUG">Pattern is: admin@CPE12\-MUM\-SINGLE\-CPE\-MPLSONLY\-IPC00073\-cli</msg>
<msg timestamp="20201128 17:59:45.140" level="DEBUG">_read_channel_expect read_data: set</msg>
<msg timestamp="20201128 17:59:45.259" level="DEBUG">_read_channel_expect read_data:  screen</msg>
<msg timestamp="20201128 17:59:45.375" level="DEBUG">_read_channel_expect read_data:  length 0
</msg>
<msg timestamp="20201128 17:59:45.491" level="DEBUG">_read_channel_expect read_data: [ok][2020-11-28 12:29:44]
admin@CPE12-MUM-SINGLE-CPE-MPLSONLY-IPC00073-cli&gt; </msg>
<msg timestamp="20201128 17:59:45.492" level="DEBUG">Pattern found: admin@CPE12\-MUM\-SINGLE\-CPE\-MPLSONLY\-IPC00073\-cli set screen length 0
[ok][2020-11-28 12:29:44]
admin@CPE12-MUM-SINGLE-CPE-MPLSONLY-IPC00073-cli&gt; </msg>
<msg timestamp="20201128 17:59:45.492" level="DEBUG">set screen length 0
[ok][2020-11-28 12:29:44]
admin@CPE12-MUM-SINGLE-CPE-MPLSONLY-IPC00073-cli&gt; </msg>
<msg timestamp="20201128 17:59:45.493" level="DEBUG">Exiting disable_paging</msg>
<msg timestamp="20201128 17:59:45.493" level="DEBUG">write_channel: b'set screen width 0\n'</msg>
<msg timestamp="20201128 17:59:45.494" level="DEBUG">Pattern is: admin@CPE12\-MUM\-SINGLE\-CPE\-MPLSONLY\-IPC00073\-cli</msg>
<msg timestamp="20201128 17:59:45.549" level="DEBUG">_read_channel_expect read_data: set</msg>
<msg timestamp="20201128 17:59:45.661" level="DEBUG">_read_channel_expect read_data:  screen</msg>
<msg timestamp="20201128 17:59:45.775" level="DEBUG">_read_channel_expect read_data:  width</msg>
<msg timestamp="20201128 17:59:45.893" level="DEBUG">_read_channel_expect read_data:  0
[ok][2020-11-28 12:29:44]
admin@CPE12-MUM-SINGLE-CPE-MPLSONLY-IPC00073-cli&gt; </msg>
<msg timestamp="20201128 17:59:45.894" level="DEBUG">Pattern found: admin@CPE12\-MUM\-SINGLE\-CPE\-MPLSONLY\-IPC00073\-cli set screen width 0
[ok][2020-11-28 12:29:44]
admin@CPE12-MUM-SINGLE-CPE-MPLSONLY-IPC00073-cli&gt; </msg>
<msg timestamp="20201128 17:59:46.308" level="DEBUG">read_channel: </msg>
<msg timestamp="20201128 17:59:48.664" level="DEBUG">read_channel: </msg>
<msg timestamp="20201128 17:59:48.665" level="DEBUG">write_channel: b'set idle-timeout 0\n'</msg>
<msg timestamp="20201128 17:59:48.876" level="DEBUG">read_channel: set idle-timeout 0
</msg>
<msg timestamp="20201128 17:59:49.093" level="DEBUG">read_channel: [ok][2020-11-28 12:29:48]
admin@CPE12-MUM-SINGLE-CPE-MPLSONLY-IPC00073-cli&gt; </msg>
<msg timestamp="20201128 17:59:49.094" level="INFO">ssh admin@20.20.73.12
admin@20.20.73.12's password: 

             .---.,
            (      ``.
       _     \        )    __      ________ _____   _____
      (  `.   \      /     \ \    / /  ____|  __ \ / ____|  /\
       \    `. )    /       \ \  / /| |__  | |__) | (___   /  \
        \     |    /         \ \/ / |  __| |  _  / \___ \ / /\ \
         \    |   /           \  /  | |____| | \ \ ____) / ____ \
          \   |  /             \/   |______|_|  \_\_____/_/    \_\
           \  | /
            \_|/                     ___ _    _____  ___   ___  _ ___
                                    | __| |  | __\ \/ | \ / / \| | __|
                                    | _|| |__| _| &gt;  &lt; \ V /| .` | _|
                                    |_| |____|___/_/\_\ \_/ |_|\_|_|


Versa FlexVNF software
Release     :	16.1R2 (S9)
Release date:	20190628
Package ID  :	80561de	

Last login: Sat Nov 28 12:11:17 2020 from 10.91.194.19
admin@CPE12-MUM-SINGLE-CPE-MPLSONLY-IPC00073:~$ 
doing redispatch
set idle-timeout 0
[ok][2020-11-28 12:29:48]
admin@CPE12-MUM-SINGLE-CPE-MPLSONLY-IPC00073-cli&gt;</msg>
<msg timestamp="20201128 17:59:49.095" level="TRACE">Return: &lt;netmiko.versa.versa_ssh.VersaSSH object at 0x0000019A19EFAD30&gt;</msg>
<status status="PASS" starttime="20201128 17:59:17.014" endtime="20201128 17:59:49.095"></status>
</kw>
<kw name="Cross Login" library="CPE2">
<msg timestamp="20201128 17:59:49.096" level="TRACE">Arguments: [  ]</msg>
<msg timestamp="20201128 17:59:49.168" level="DEBUG">Adding ssh-ed25519 host key for 10.91.116.35: b'bdd651375ff69331eb30d5151aa8cb04'</msg>
<msg timestamp="20201128 17:59:49.260" level="DEBUG">[chan 0] Max packet in: 32768 bytes</msg>
<msg timestamp="20201128 17:59:50.459" level="DEBUG">read_channel: ===============================================================================
WARNING!
This is a Proprietary System
You have accessed a Proprietary System

If you are not authorized to use this computer system, you MUST log off now.
Unauthorized use of this computer system, including unauthorized attempts or
acts to deny service on, upload information to, download information from,
change information on, or access a non-public site from, this computer system,
are strictly prohibited and may be punishable under federal and state criminal
and civil laws. All data contained on this computer systems may be monitored,
intercepted, recorded, read, copied, or captured in any manner by authorized
System personnel. System personnel may use or transfer this data as required or
permitted under applicable law. Without limiting the previous sentence, system
personnel may give to law enforcement officials any potential evidence of crime
found on this computer system. Use of this system by any user, authorized or
unauthorized, constitutes EXPRESS CONSENT to this monitoring, interception,
recording, reading, copying, or capturing, and use and transfer. Please verify
if this is the current version of the banner when deploying to the system.
===============================================================================

             .---.,                                 
            (      ``.                             
       _     \        )    __      ________ _____   _____                
      (  `.   \      /     \ \    / /  ____|  __ \ / ____|  /\           
       \    `. )    /       \ \  / /| |__  | |__) | (___   /  \          
        \     |    /         \ \/ / |  __| |  _  / \___ \ / /\ \         
         \    |   /           \  /  | |____| | \ \ ____) / ____ \        
          \   |  /             \/   |______|_|  \_\_____/_/    \_\       
           \  | /  
            \_|/               ___ ___ ___ ___ ___ _____ ___  ___ 
                              |   \_ _| _ \ __/ __|_   _/ _ \| _ \
                              | |) | ||   / _| (__  | || (_) |   /
                              |___/___|_|_\___\___| |_| \___/|_|_\
                                    


Release     : 16.1R2
Release date: 20200719
Package ID  : eae49fb

 *****************************************************************************
 *                            IMPORTANT NOTICE                               *
 * Access to this network is restricted to COLT authorised users and is      *
 * permitted only for legitimate business purposes and only on the terms and *
 * conditions of COLT's Acceptable Use Policy.  Your electronic login to     *
 * this network indicates acceptance of the terms and conditions of COLT's   *
 * Acceptable Use Policy.                                                    *
 *                                                                           *
 * COLT reserves the right to audit the network, in accordance with the      *
 * Logging and Monitoring Policy.                                            *
 *                                                                           *
 *****************************************************************************

Last login: Sat Nov 28 12:29:18 2020 from 10.91.194.19

             .---.,                                 
            (      ``.                             
       _     \        )    __      ________ _____   _____                
      (  `.   \      /     \ \    / /  ____|  __ \ / ____|  /\           
       \    `. )    /       \ \  / /| |__  | |__) | (___   /  \          
        \     |    /         \ \/ / |  __| |  _  / \___ \ / /\ \         
         \    |   /           \  /  | |____| | \ \ ____) / ____ \        
          \   |  /             \/   |______|_|  \_\_____/_/    \_\       
           \  | /  
            \_|/               ___ ___ ___ ___ ___ _____ ___  ___ 
                              |   \_ _| _ \ __/ __|_   _/ _ \| _ \
                              | |) | ||   / _| (__  | || (_) |   /
                              |___/___|_|_\___\___| |_| \___/|_|_\
                                    



Automated connected from 10.91.194.19 using ssh on Versa-Dir-BLR-1
[?7hAutomated@Versa-Dir-BLR-1&gt; </msg>
<msg timestamp="20201128 17:59:50.561" level="DEBUG">read_channel: </msg>
<msg timestamp="20201128 17:59:52.573" level="DEBUG">read_channel: </msg>
<msg timestamp="20201128 17:59:52.574" level="DEBUG">write_channel: b'\n'</msg>
<msg timestamp="20201128 17:59:52.694" level="DEBUG">read_channel: 
Automated@Versa-Dir-BLR-1&gt; </msg>
<msg timestamp="20201128 17:59:52.694" level="DEBUG">write_channel: b'cli\n'</msg>
<msg timestamp="20201128 17:59:53.109" level="DEBUG">read_channel: cli
---------------------------^
syntax error: expecting 
  clear      - Clear parameter
  compare    - Compare running configuration to another configuration or a file
  configure  - Manipulate software configuration information
  describe   - Display transparent command  information
  exit       - Exit the management session
  file       - Perform file operations
  help       - Provide help information
  id         - Show user id information
  monitor    - Real-time debugging
  ping       - Ping a host
  quit       - Exit the management session
  request    - Make system-level requests
  script     - Script actions
  set        - Set CLI properties
  set-path   - Set relative show path
  shell      - Open a shell
  show       - Show information about the system
  source     - File to source
  ssh        - Open a secure shell on another Host
  switch     - Change CLI style
  telnet     - Open a telnet session to another host
  top        - Exit to top level and optionally run command
  traceroute - Trace the route to a remote host
  up         - Exit one level of configuration
[error][2020-11-28 12:29:53]
Automated@Versa-Dir-BLR-1&gt; </msg>
<msg timestamp="20201128 17:59:53.110" level="DEBUG">Clear buffer detects data in the channel</msg>
<msg timestamp="20201128 17:59:53.327" level="DEBUG">read_channel: </msg>
<msg timestamp="20201128 17:59:53.441" level="DEBUG">read_channel: </msg>
<msg timestamp="20201128 17:59:53.443" level="DEBUG">write_channel: b'\n'</msg>
<msg timestamp="20201128 17:59:53.558" level="DEBUG">read_channel: 
Automated@Versa-Dir-BLR-1&gt; </msg>
<msg timestamp="20201128 17:59:53.761" level="DEBUG">read_channel: </msg>
<msg timestamp="20201128 17:59:53.761" level="DEBUG">[find_prompt()]: prompt is Automated@Versa-Dir-BLR-1&gt;</msg>
<msg timestamp="20201128 17:59:53.998" level="DEBUG">read_channel: </msg>
<msg timestamp="20201128 17:59:53.998" level="DEBUG">In disable_paging</msg>
<msg timestamp="20201128 17:59:53.999" level="DEBUG">Command: set screen length 0
</msg>
<msg timestamp="20201128 17:59:54.000" level="DEBUG">write_channel: b'set screen length 0\n'</msg>
<msg timestamp="20201128 17:59:54.000" level="DEBUG">Pattern is: Automated@Versa\-Dir\-BLR\-1</msg>
<msg timestamp="20201128 17:59:54.012" level="DEBUG">_read_channel_expect read_data: set</msg>
<msg timestamp="20201128 17:59:54.128" level="DEBUG">_read_channel_expect read_data:  screen length 0
[ok][2020-11-28 12:29:55]
Automated@Versa-Dir-BLR-1&gt; </msg>
<msg timestamp="20201128 17:59:54.129" level="DEBUG">Pattern found: Automated@Versa\-Dir\-BLR\-1 set screen length 0
[ok][2020-11-28 12:29:55]
Automated@Versa-Dir-BLR-1&gt; </msg>
<msg timestamp="20201128 17:59:54.129" level="DEBUG">set screen length 0
[ok][2020-11-28 12:29:55]
Automated@Versa-Dir-BLR-1&gt; </msg>
<msg timestamp="20201128 17:59:54.130" level="DEBUG">Exiting disable_paging</msg>
<msg timestamp="20201128 17:59:54.130" level="DEBUG">write_channel: b'set screen width 0\n'</msg>
<msg timestamp="20201128 17:59:54.130" level="DEBUG">Pattern is: Automated@Versa\-Dir\-BLR\-1</msg>
<msg timestamp="20201128 17:59:54.142" level="DEBUG">_read_channel_expect read_data: set</msg>
<msg timestamp="20201128 17:59:54.259" level="DEBUG">_read_channel_expect read_data:  screen width 0
[ok][2020-11-28 12:29:55]
Automated@Versa-Dir-BLR-1&gt; </msg>
<msg timestamp="20201128 17:59:54.260" level="DEBUG">Pattern found: Automated@Versa\-Dir\-BLR\-1 set screen width 0
[ok][2020-11-28 12:29:55]
Automated@Versa-Dir-BLR-1&gt; </msg>
<msg timestamp="20201128 17:59:54.699" level="DEBUG">read_channel: </msg>
<msg timestamp="20201128 17:59:54.700" level="DEBUG">&lt;netmiko.versa.versa_ssh.VersaSSH object at 0x0000019A1A433D00&gt;</msg>
<msg timestamp="20201128 17:59:59.808" level="DEBUG">read_channel: </msg>
<msg timestamp="20201128 17:59:59.809" level="DEBUG">write_channel: b'\n'</msg>
<msg timestamp="20201128 17:59:59.928" level="DEBUG">read_channel: 
Automated@Versa-Dir-BLR-1&gt; </msg>
<msg timestamp="20201128 18:00:00.157" level="DEBUG">read_channel: </msg>
<msg timestamp="20201128 18:00:00.158" level="DEBUG">[find_prompt()]: prompt is Automated@Versa-Dir-BLR-1&gt;</msg>
<msg timestamp="20201128 18:00:00.158" level="DEBUG">versa: Automated@Versa-Dir-BLR-1&gt;</msg>
<msg timestamp="20201128 18:00:00.159" level="DEBUG">write_channel: b'ssh admin@20.20.73.26\n'</msg>
<msg timestamp="20201128 18:00:05.164" level="DEBUG">read_channel: ssh admin@20.20.73.26
admin@20.20.73.26's password: </msg>
<msg timestamp="20201128 18:00:05.165" level="DEBUG">write_channel: b'versa123\n'</msg>
<msg timestamp="20201128 18:00:10.175" level="DEBUG">read_channel: 
             .---.,
            (      ``.
       _     \        )    __      ________ _____   _____
      (  `.   \      /     \ \    / /  ____|  __ \ / ____|  /\
       \    `. )    /       \ \  / /| |__  | |__) | (___   /  \
        \     |    /         \ \/ / |  __| |  _  / \___ \ / /\ \
         \    |   /           \  /  | |____| | \ \ ____) / ____ \
          \   |  /             \/   |______|_|  \_\_____/_/    \_\
           \  | /
            \_|/                     ___ _    _____  ___   ___  _ ___
                                    | __| |  | __\ \/ | \ / / \| | __|
                                    | _|| |__| _| &gt;  &lt; \ V /| .` | _|
                                    |_| |____|___/_/\_\ \_/ |_|\_|_|


Versa FlexVNF software
Release     :	16.1R2 (S9)
Release date:	20190628
Package ID  :	80561de	

Last login: Sat Nov 28 12:09:27 2020 from 10.91.116.67
[admin@CPE26-MUM-SINGLE-CPE-HYBRID-IPC00073: ~] $ </msg>
<msg timestamp="20201128 18:00:11.306" level="DEBUG">read_channel: </msg>
<msg timestamp="20201128 18:00:13.328" level="DEBUG">read_channel: </msg>
<msg timestamp="20201128 18:00:13.329" level="DEBUG">write_channel: b'\n'</msg>
<msg timestamp="20201128 18:00:13.574" level="DEBUG">read_channel: 
[admin@CPE26-MUM-SINGLE-CPE-HYBRID-IPC00073: ~] $ </msg>
<msg timestamp="20201128 18:00:13.692" level="DEBUG">read_channel: </msg>
<msg timestamp="20201128 18:00:15.705" level="DEBUG">read_channel: </msg>
<msg timestamp="20201128 18:00:15.706" level="DEBUG">write_channel: b'\n'</msg>
<msg timestamp="20201128 18:00:15.821" level="DEBUG">read_channel: 
[admin@CPE26-MUM-SINGLE-CPE-HYBRID-IPC00073: ~] $ </msg>
<msg timestamp="20201128 18:00:15.823" level="DEBUG">write_channel: b'cli\n'</msg>
<msg timestamp="20201128 18:00:16.240" level="DEBUG">read_channel: cli
Access to this network/system is limited to users authorised by Colt for its legitimate business purposes. Unauthorised access, use, installation of files or modification of any data is prohibited. Use of this system/network will be audited

             .---.,
            (      ``.
       _     \        )    __      ________ _____   _____
      (  `.   \      /     \ \    / /  ____|  __ \ / ____|  /\
       \    `. )    /       \ \  / /| |__  | |__) | (___   /  \
        \     |    /         \ \/ / |  __| |  _  / \___ \ / /\ \
         \    |   /           \  /  | |____| | \ \ ____) / ____ \
          \   |  /             \/   |______|_|  \_\_____/_/    \_\
           \  | /
            \_|/                   _  _ ___ _______      _____  ___ _  _____
                                  | \| | __|_   _\ \    / / _ \| _ \ |/ / __|
                                  | .` | _|  | |  \ \/\/ / (_) |   / ' &lt;\__ \
                                  |_|\_|___| |_|   \_/\_/ \___/|_|_\_|\_\___/



admin connected from 10.91.116.67 using ssh on CPE26-MUM-SINGLE-CPE-HYBRID-IPC00073
[?7hadmin@CPE26-MUM-SINGLE-CPE-HYBRID-IPC00073-cli&gt; </msg>
<msg timestamp="20201128 18:00:16.241" level="DEBUG">Clear buffer detects data in the channel</msg>
<msg timestamp="20201128 18:00:16.463" level="DEBUG">read_channel: </msg>
<msg timestamp="20201128 18:00:16.572" level="DEBUG">read_channel: </msg>
<msg timestamp="20201128 18:00:16.573" level="DEBUG">write_channel: b'\n'</msg>
<msg timestamp="20201128 18:00:16.691" level="DEBUG">read_channel: 
admin@CPE26-MUM-SINGLE-CPE-HYBRID-IPC00073-cli&gt; </msg>
<msg timestamp="20201128 18:00:16.923" level="DEBUG">read_channel: </msg>
<msg timestamp="20201128 18:00:16.923" level="DEBUG">[find_prompt()]: prompt is admin@CPE26-MUM-SINGLE-CPE-HYBRID-IPC00073-cli&gt;</msg>
<msg timestamp="20201128 18:00:17.146" level="DEBUG">read_channel: </msg>
<msg timestamp="20201128 18:00:17.146" level="DEBUG">In disable_paging</msg>
<msg timestamp="20201128 18:00:17.146" level="DEBUG">Command: set screen length 0
</msg>
<msg timestamp="20201128 18:00:17.147" level="DEBUG">write_channel: b'set screen length 0\n'</msg>
<msg timestamp="20201128 18:00:17.148" level="DEBUG">Pattern is: admin@CPE26\-MUM\-SINGLE\-CPE\-HYBRID\-IPC00073\-cli</msg>
<msg timestamp="20201128 18:00:17.194" level="DEBUG">_read_channel_expect read_data: set </msg>
<msg timestamp="20201128 18:00:17.305" level="DEBUG">_read_channel_expect read_data: screen length 0
[ok][2020-11-28 12:30:17]
admin@CPE26-MUM-SINGLE-CPE-HYBRID-IPC00073-cli&gt; </msg>
<msg timestamp="20201128 18:00:17.306" level="DEBUG">Pattern found: admin@CPE26\-MUM\-SINGLE\-CPE\-HYBRID\-IPC00073\-cli set screen length 0
[ok][2020-11-28 12:30:17]
admin@CPE26-MUM-SINGLE-CPE-HYBRID-IPC00073-cli&gt; </msg>
<msg timestamp="20201128 18:00:17.306" level="DEBUG">set screen length 0
[ok][2020-11-28 12:30:17]
admin@CPE26-MUM-SINGLE-CPE-HYBRID-IPC00073-cli&gt; </msg>
<msg timestamp="20201128 18:00:17.307" level="DEBUG">Exiting disable_paging</msg>
<msg timestamp="20201128 18:00:17.307" level="DEBUG">write_channel: b'set screen width 0\n'</msg>
<msg timestamp="20201128 18:00:17.308" level="DEBUG">Pattern is: admin@CPE26\-MUM\-SINGLE\-CPE\-HYBRID\-IPC00073\-cli</msg>
<msg timestamp="20201128 18:00:17.353" level="DEBUG">_read_channel_expect read_data: set</msg>
<msg timestamp="20201128 18:00:17.456" level="DEBUG">_read_channel_expect read_data:  screen width 0
[ok][2020-11-28 12:30:17]
admin@CPE26-MUM-SINGLE-CPE-HYBRID-IPC00073-cli&gt; </msg>
<msg timestamp="20201128 18:00:17.456" level="DEBUG">Pattern found: admin@CPE26\-MUM\-SINGLE\-CPE\-HYBRID\-IPC00073\-cli set screen width 0
[ok][2020-11-28 12:30:17]
admin@CPE26-MUM-SINGLE-CPE-HYBRID-IPC00073-cli&gt; </msg>
<msg timestamp="20201128 18:00:17.871" level="DEBUG">read_channel: </msg>
<msg timestamp="20201128 18:00:20.198" level="DEBUG">read_channel: </msg>
<msg timestamp="20201128 18:00:20.199" level="DEBUG">write_channel: b'set idle-timeout 0\n'</msg>
<msg timestamp="20201128 18:00:20.424" level="DEBUG">read_channel: set idle-timeout 0
[ok][2020-11-28 12:30:20]
admin@CPE26-MUM-SINGLE-CPE-HYBRID-IPC00073-cli&gt; </msg>
<msg timestamp="20201128 18:00:20.425" level="INFO">ssh admin@20.20.73.26
admin@20.20.73.26's password: 

             .---.,
            (      ``.
       _     \        )    __      ________ _____   _____
      (  `.   \      /     \ \    / /  ____|  __ \ / ____|  /\
       \    `. )    /       \ \  / /| |__  | |__) | (___   /  \
        \     |    /         \ \/ / |  __| |  _  / \___ \ / /\ \
         \    |   /           \  /  | |____| | \ \ ____) / ____ \
          \   |  /             \/   |______|_|  \_\_____/_/    \_\
           \  | /
            \_|/                     ___ _    _____  ___   ___  _ ___
                                    | __| |  | __\ \/ | \ / / \| | __|
                                    | _|| |__| _| &gt;  &lt; \ V /| .` | _|
                                    |_| |____|___/_/\_\ \_/ |_|\_|_|


Versa FlexVNF software
Release     :	16.1R2 (S9)
Release date:	20190628
Package ID  :	80561de	

Last login: Sat Nov 28 12:09:27 2020 from 10.91.116.67
[admin@CPE26-MUM-SINGLE-CPE-HYBRID-IPC00073: ~] $ 
doing redispatch
set idle-timeout 0
[ok][2020-11-28 12:30:20]
admin@CPE26-MUM-SINGLE-CPE-HYBRID-IPC00073-cli&gt;</msg>
<msg timestamp="20201128 18:00:20.425" level="TRACE">Return: &lt;netmiko.versa.versa_ssh.VersaSSH object at 0x0000019A1A433D00&gt;</msg>
<status status="PASS" starttime="20201128 17:59:49.096" endtime="20201128 18:00:20.425"></status>
</kw>
<kw name="Cross Login" library="CPE3">
<msg timestamp="20201128 18:00:20.426" level="TRACE">Arguments: [  ]</msg>
<msg timestamp="20201128 18:00:20.498" level="DEBUG">Adding ssh-ed25519 host key for 10.91.116.35: b'bdd651375ff69331eb30d5151aa8cb04'</msg>
<msg timestamp="20201128 18:00:20.584" level="DEBUG">[chan 0] Max packet in: 32768 bytes</msg>
<msg timestamp="20201128 18:00:21.772" level="DEBUG">read_channel: ===============================================================================
WARNING!
This is a Proprietary System
You have accessed a Proprietary System

If you are not authorized to use this computer system, you MUST log off now.
Unauthorized use of this computer system, including unauthorized attempts or
acts to deny service on, upload information to, download information from,
change information on, or access a non-public site from, this computer system,
are strictly prohibited and may be punishable under federal and state criminal
and civil laws. All data contained on this computer systems may be monitored,
intercepted, recorded, read, copied, or captured in any manner by authorized
System personnel. System personnel may use or transfer this data as required or
permitted under applicable law. Without limiting the previous sentence, system
personnel may give to law enforcement officials any potential evidence of crime
found on this computer system. Use of this system by any user, authorized or
unauthorized, constitutes EXPRESS CONSENT to this monitoring, interception,
recording, reading, copying, or capturing, and use and transfer. Please verify
if this is the current version of the banner when deploying to the system.
===============================================================================

             .---.,                                 
            (      ``.                             
       _     \        )    __      ________ _____   _____                
      (  `.   \      /     \ \    / /  ____|  __ \ / ____|  /\           
       \    `. )    /       \ \  / /| |__  | |__) | (___   /  \          
        \     |    /         \ \/ / |  __| |  _  / \___ \ / /\ \         
         \    |   /           \  /  | |____| | \ \ ____) / ____ \        
          \   |  /             \/   |______|_|  \_\_____/_/    \_\       
           \  | /  
            \_|/               ___ ___ ___ ___ ___ _____ ___  ___ 
                              |   \_ _| _ \ __/ __|_   _/ _ \| _ \
                              | |) | ||   / _| (__  | || (_) |   /
                              |___/___|_|_\___\___| |_| \___/|_|_\
                                    


Release     : 16.1R2
Release date: 20200719
Package ID  : eae49fb

 *****************************************************************************
 *                            IMPORTANT NOTICE                               *
 * Access to this network is restricted to COLT authorised users and is      *
 * permitted only for legitimate business purposes and only on the terms and *
 * conditions of COLT's Acceptable Use Policy.  Your electronic login to     *
 * this network indicates acceptance of the terms and conditions of COLT's   *
 * Acceptable Use Policy.                                                    *
 *                                                                           *
 * COLT reserves the right to audit the network, in accordance with the      *
 * Logging and Monitoring Policy.                                            *
 *                                                                           *
 *****************************************************************************

Last login: Sat Nov 28 12:29:50 2020 from 10.91.194.19

             .---.,                                 
            (      ``.                             
       _     \        )    __      ________ _____   _____                
      (  `.   \      /     \ \    / /  ____|  __ \ / ____|  /\           
       \    `. )    /       \ \  / /| |__  | |__) | (___   /  \          
        \     |    /         \ \/ / |  __| |  _  / \___ \ / /\ \         
         \    |   /           \  /  | |____| | \ \ ____) / ____ \        
          \   |  /             \/   |______|_|  \_\_____/_/    \_\       
           \  | /  
            \_|/               ___ ___ ___ ___ ___ _____ ___  ___ 
                              |   \_ _| _ \ __/ __|_   _/ _ \| _ \
                              | |) | ||   / _| (__  | || (_) |   /
                              |___/___|_|_\___\___| |_| \___/|_|_\
                                    



Automated connected from 10.91.194.19 using ssh on Versa-Dir-BLR-1
[?7hAutomated@Versa-Dir-BLR-1&gt; </msg>
<msg timestamp="20201128 18:00:21.891" level="DEBUG">read_channel: </msg>
<msg timestamp="20201128 18:00:23.905" level="DEBUG">read_channel: </msg>
<msg timestamp="20201128 18:00:23.906" level="DEBUG">write_channel: b'\n'</msg>
<msg timestamp="20201128 18:00:24.025" level="DEBUG">read_channel: 
Automated@Versa-Dir-BLR-1&gt; </msg>
<msg timestamp="20201128 18:00:24.026" level="DEBUG">write_channel: b'cli\n'</msg>
<msg timestamp="20201128 18:00:24.453" level="DEBUG">read_channel: cli
---------------------------^
syntax error: expecting 
  clear      - Clear parameter
  compare    - Compare running configuration to another configuration or a file
  configure  - Manipulate software configuration information
  describe   - Display transparent command  information
  exit       - Exit the management session
  file       - Perform file operations
  help       - Provide help information
  id         - Show user id information
  monitor    - Real-time debugging
  ping       - Ping a host
  quit       - Exit the management session
  request    - Make system-level requests
  script     - Script actions
  set        - Set CLI properties
  set-path   - Set relative show path
  shell      - Open a shell
  show       - Show information about the system
  source     - File to source
  ssh        - Open a secure shell on another Host
  switch     - Change CLI style
  telnet     - Open a telnet session to another host
  top        - Exit to top level and optionally run command
  traceroute - Trace the route to a remote host
  up         - Exit one level of configuration
[error][2020-11-28 12:30:25]
Automated@Versa-Dir-BLR-1&gt; </msg>
<msg timestamp="20201128 18:00:24.453" level="DEBUG">Clear buffer detects data in the channel</msg>
<msg timestamp="20201128 18:00:24.656" level="DEBUG">read_channel: </msg>
<msg timestamp="20201128 18:00:24.772" level="DEBUG">read_channel: </msg>
<msg timestamp="20201128 18:00:24.773" level="DEBUG">write_channel: b'\n'</msg>
<msg timestamp="20201128 18:00:24.890" level="DEBUG">read_channel: 
Automated@Versa-Dir-BLR-1&gt; </msg>
<msg timestamp="20201128 18:00:25.106" level="DEBUG">read_channel: </msg>
<msg timestamp="20201128 18:00:25.107" level="DEBUG">[find_prompt()]: prompt is Automated@Versa-Dir-BLR-1&gt;</msg>
<msg timestamp="20201128 18:00:25.332" level="DEBUG">read_channel: </msg>
<msg timestamp="20201128 18:00:25.333" level="DEBUG">In disable_paging</msg>
<msg timestamp="20201128 18:00:25.333" level="DEBUG">Command: set screen length 0
</msg>
<msg timestamp="20201128 18:00:25.334" level="DEBUG">write_channel: b'set screen length 0\n'</msg>
<msg timestamp="20201128 18:00:25.335" level="DEBUG">Pattern is: Automated@Versa\-Dir\-BLR\-1</msg>
<msg timestamp="20201128 18:00:25.345" level="DEBUG">_read_channel_expect read_data: set</msg>
<msg timestamp="20201128 18:00:25.461" level="DEBUG">_read_channel_expect read_data:  screen length 0
[ok][2020-11-28 12:30:26]
Automated@Versa-Dir-BLR-1&gt; </msg>
<msg timestamp="20201128 18:00:25.461" level="DEBUG">Pattern found: Automated@Versa\-Dir\-BLR\-1 set screen length 0
[ok][2020-11-28 12:30:26]
Automated@Versa-Dir-BLR-1&gt; </msg>
<msg timestamp="20201128 18:00:25.461" level="DEBUG">set screen length 0
[ok][2020-11-28 12:30:26]
Automated@Versa-Dir-BLR-1&gt; </msg>
<msg timestamp="20201128 18:00:25.462" level="DEBUG">Exiting disable_paging</msg>
<msg timestamp="20201128 18:00:25.462" level="DEBUG">write_channel: b'set screen width 0\n'</msg>
<msg timestamp="20201128 18:00:25.463" level="DEBUG">Pattern is: Automated@Versa\-Dir\-BLR\-1</msg>
<msg timestamp="20201128 18:00:25.472" level="DEBUG">_read_channel_expect read_data: set</msg>
<msg timestamp="20201128 18:00:25.590" level="DEBUG">_read_channel_expect read_data:  screen width 0
[ok][2020-11-28 12:30:26]
Automated@Versa-Dir-BLR-1&gt; </msg>
<msg timestamp="20201128 18:00:25.591" level="DEBUG">Pattern found: Automated@Versa\-Dir\-BLR\-1 set screen width 0
[ok][2020-11-28 12:30:26]
Automated@Versa-Dir-BLR-1&gt; </msg>
<msg timestamp="20201128 18:00:26.005" level="DEBUG">read_channel: </msg>
<msg timestamp="20201128 18:00:26.007" level="DEBUG">&lt;netmiko.versa.versa_ssh.VersaSSH object at 0x0000019A19F067F0&gt;</msg>
<msg timestamp="20201128 18:00:31.138" level="DEBUG">read_channel: </msg>
<msg timestamp="20201128 18:00:31.139" level="DEBUG">write_channel: b'\n'</msg>
<msg timestamp="20201128 18:00:31.246" level="DEBUG">read_channel: 
Automated@Versa-Dir-BLR-1&gt; </msg>
<msg timestamp="20201128 18:00:31.490" level="DEBUG">read_channel: </msg>
<msg timestamp="20201128 18:00:31.490" level="DEBUG">[find_prompt()]: prompt is Automated@Versa-Dir-BLR-1&gt;</msg>
<msg timestamp="20201128 18:00:31.491" level="DEBUG">versa: Automated@Versa-Dir-BLR-1&gt;</msg>
<msg timestamp="20201128 18:00:31.491" level="DEBUG">write_channel: b'ssh admin@20.20.73.13\n'</msg>
<msg timestamp="20201128 18:00:36.500" level="DEBUG">read_channel: ssh admin@20.20.73.13
admin@20.20.73.13's password: </msg>
<msg timestamp="20201128 18:00:36.502" level="DEBUG">write_channel: b'versa123\n'</msg>
<msg timestamp="20201128 18:00:41.505" level="DEBUG">read_channel: 
             .---.,
            (      ``.
       _     \        )    __      ________ _____   _____
      (  `.   \      /     \ \    / /  ____|  __ \ / ____|  /\
       \    `. )    /       \ \  / /| |__  | |__) | (___   /  \
        \     |    /         \ \/ / |  __| |  _  / \___ \ / /\ \
         \    |   /           \  /  | |____| | \ \ ____) / ____ \
          \   |  /             \/   |______|_|  \_\_____/_/    \_\
           \  | /
            \_|/                     ___ _    _____  ___   ___  _ ___
                                    | __| |  | __\ \/ | \ / / \| | __|
                                    | _|| |__| _| &gt;  &lt; \ V /| .` | _|
                                    |_| |____|___/_/\_\ \_/ |_|\_|_|


Versa FlexVNF software
Release     :	16.1R2 (S9)
Release date:	20191106
Package ID  :	80561de	

Last login: Sat Nov 28 12:23:08 2020 from 10.91.194.18
[admin@CPE-13-LON-SINGLE-CPE-INTERNETONLY-IPC00073: ~] $ </msg>
<msg timestamp="20201128 18:00:42.638" level="DEBUG">read_channel: </msg>
<msg timestamp="20201128 18:00:44.655" level="DEBUG">read_channel: </msg>
<msg timestamp="20201128 18:00:44.656" level="DEBUG">write_channel: b'\n'</msg>
<msg timestamp="20201128 18:00:44.871" level="DEBUG">read_channel: 
[admin@CPE-13-LON-SINGLE-CPE-INTERNETONLY-IPC00073: ~] $ </msg>
<msg timestamp="20201128 18:00:44.987" level="DEBUG">read_channel: </msg>
<msg timestamp="20201128 18:00:47.004" level="DEBUG">read_channel: </msg>
<msg timestamp="20201128 18:00:47.006" level="DEBUG">write_channel: b'\n'</msg>
<msg timestamp="20201128 18:00:47.122" level="DEBUG">read_channel: 
[admin@CPE-13-LON-SINGLE-CPE-INTERNETONLY-IPC00073: ~] $ </msg>
<msg timestamp="20201128 18:00:47.123" level="DEBUG">write_channel: b'cli\n'</msg>
<msg timestamp="20201128 18:00:47.555" level="DEBUG">read_channel: cli
Access to this network/system is limited to users authorised by Colt for its legitimate business purposes. Unauthorised access, use, installation of files or modification of any data is prohibited. Use of this system/network will be audited

             .---.,
            (      ``.
       _     \        )    __      ________ _____   _____
      (  `.   \      /     \ \    / /  ____|  __ \ / ____|  /\
       \    `. )    /       \ \  / /| |__  | |__) | (___   /  \
        \     |    /         \ \/ / |  __| |  _  / \___ \ / /\ \
         \    |   /           \  /  | |____| | \ \ ____) / ____ \
          \   |  /             \/   |______|_|  \_\_____/_/    \_\
           \  | /
            \_|/                   _  _ ___ _______      _____  ___ _  _____
                                  | \| | __|_   _\ \    / / _ \| _ \ |/ / __|
                                  | .` | _|  | |  \ \/\/ / (_) |   / ' &lt;\__ \
                                  |_|\_|___| |_|   \_/\_/ \___/|_|_\_|\_\___/



admin connected from 10.91.116.67 using ssh on CPE-13-LON-SINGLE-CPE-INTERNETONLY-IPC00073
[?7hadmin@CPE-13-LON-SINGLE-CPE-INTERNETONLY-IPC00073-cli&gt; </msg>
<msg timestamp="20201128 18:00:47.555" level="DEBUG">Clear buffer detects data in the channel</msg>
<msg timestamp="20201128 18:00:47.771" level="DEBUG">read_channel: </msg>
<msg timestamp="20201128 18:00:47.872" level="DEBUG">read_channel: </msg>
<msg timestamp="20201128 18:00:47.873" level="DEBUG">write_channel: b'\n'</msg>
<msg timestamp="20201128 18:00:47.992" level="DEBUG">read_channel: 
admin@CPE-13-LON-SINGLE-CPE-INTERNETONLY-IPC00073-cli&gt; </msg>
<msg timestamp="20201128 18:00:48.226" level="DEBUG">read_channel: </msg>
<msg timestamp="20201128 18:00:48.227" level="DEBUG">[find_prompt()]: prompt is admin@CPE-13-LON-SINGLE-CPE-INTERNETONLY-IPC00073-cli&gt;</msg>
<msg timestamp="20201128 18:00:48.459" level="DEBUG">read_channel: </msg>
<msg timestamp="20201128 18:00:48.460" level="DEBUG">In disable_paging</msg>
<msg timestamp="20201128 18:00:48.460" level="DEBUG">Command: set screen length 0
</msg>
<msg timestamp="20201128 18:00:48.461" level="DEBUG">write_channel: b'set screen length 0\n'</msg>
<msg timestamp="20201128 18:00:48.461" level="DEBUG">Pattern is: admin@CPE\-13\-LON\-SINGLE\-CPE\-INTERNETONLY\-IPC00073\-cli</msg>
<msg timestamp="20201128 18:00:48.519" level="DEBUG">_read_channel_expect read_data: set</msg>
<msg timestamp="20201128 18:00:48.626" level="DEBUG">_read_channel_expect read_data:  screen</msg>
<msg timestamp="20201128 18:00:48.739" level="DEBUG">_read_channel_expect read_data:  length</msg>
<msg timestamp="20201128 18:00:48.861" level="DEBUG">_read_channel_expect read_data:  0
</msg>
<msg timestamp="20201128 18:00:48.978" level="DEBUG">_read_channel_expect read_data: [ok][2020-11-28 12:30:47]
admin@CPE-13-LON-SINGLE-CPE-INTERNETONLY-IPC00073-cli&gt; </msg>
<msg timestamp="20201128 18:00:48.978" level="DEBUG">Pattern found: admin@CPE\-13\-LON\-SINGLE\-CPE\-INTERNETONLY\-IPC00073\-cli set screen length 0
[ok][2020-11-28 12:30:47]
admin@CPE-13-LON-SINGLE-CPE-INTERNETONLY-IPC00073-cli&gt; </msg>
<msg timestamp="20201128 18:00:48.978" level="DEBUG">set screen length 0
[ok][2020-11-28 12:30:47]
admin@CPE-13-LON-SINGLE-CPE-INTERNETONLY-IPC00073-cli&gt; </msg>
<msg timestamp="20201128 18:00:48.978" level="DEBUG">Exiting disable_paging</msg>
<msg timestamp="20201128 18:00:48.978" level="DEBUG">write_channel: b'set screen width 0\n'</msg>
<msg timestamp="20201128 18:00:48.980" level="DEBUG">Pattern is: admin@CPE\-13\-LON\-SINGLE\-CPE\-INTERNETONLY\-IPC00073\-cli</msg>
<msg timestamp="20201128 18:00:49.034" level="DEBUG">_read_channel_expect read_data: set</msg>
<msg timestamp="20201128 18:00:49.140" level="DEBUG">_read_channel_expect read_data:  screen</msg>
<msg timestamp="20201128 18:00:49.256" level="DEBUG">_read_channel_expect read_data:  width</msg>
<msg timestamp="20201128 18:00:49.374" level="DEBUG">_read_channel_expect read_data:  0
</msg>
<msg timestamp="20201128 18:00:49.500" level="DEBUG">_read_channel_expect read_data: [ok][2020-11-28 12:30:48]
admin@CPE-13-LON-SINGLE-CPE-INTERNETONLY-IPC00073-cli&gt; </msg>
<msg timestamp="20201128 18:00:49.500" level="DEBUG">Pattern found: admin@CPE\-13\-LON\-SINGLE\-CPE\-INTERNETONLY\-IPC00073\-cli set screen width 0
[ok][2020-11-28 12:30:48]
admin@CPE-13-LON-SINGLE-CPE-INTERNETONLY-IPC00073-cli&gt; </msg>
<msg timestamp="20201128 18:00:49.936" level="DEBUG">read_channel: </msg>
<msg timestamp="20201128 18:00:52.287" level="DEBUG">read_channel: </msg>
<msg timestamp="20201128 18:00:52.289" level="DEBUG">write_channel: b'set idle-timeout 0\n'</msg>
<msg timestamp="20201128 18:00:52.503" level="DEBUG">read_channel: set idle-timeout</msg>
<msg timestamp="20201128 18:00:52.720" level="DEBUG">read_channel:  0
[ok][2020-11-28 12:30:51]
admin@CPE-13-LON-SINGLE-CPE-INTERNETONLY-IPC00073-cli&gt; </msg>
<msg timestamp="20201128 18:00:52.720" level="INFO">ssh admin@20.20.73.13
admin@20.20.73.13's password: 

             .---.,
            (      ``.
       _     \        )    __      ________ _____   _____
      (  `.   \      /     \ \    / /  ____|  __ \ / ____|  /\
       \    `. )    /       \ \  / /| |__  | |__) | (___   /  \
        \     |    /         \ \/ / |  __| |  _  / \___ \ / /\ \
         \    |   /           \  /  | |____| | \ \ ____) / ____ \
          \   |  /             \/   |______|_|  \_\_____/_/    \_\
           \  | /
            \_|/                     ___ _    _____  ___   ___  _ ___
                                    | __| |  | __\ \/ | \ / / \| | __|
                                    | _|| |__| _| &gt;  &lt; \ V /| .` | _|
                                    |_| |____|___/_/\_\ \_/ |_|\_|_|


Versa FlexVNF software
Release     :	16.1R2 (S9)
Release date:	20191106
Package ID  :	80561de	

Last login: Sat Nov 28 12:23:08 2020 from 10.91.194.18
[admin@CPE-13-LON-SINGLE-CPE-INTERNETONLY-IPC00073: ~] $ 
doing redispatch
set idle-timeout 0
[ok][2020-11-28 12:30:51]
admin@CPE-13-LON-SINGLE-CPE-INTERNETONLY-IPC00073-cli&gt;</msg>
<msg timestamp="20201128 18:00:52.720" level="TRACE">Return: &lt;netmiko.versa.versa_ssh.VersaSSH object at 0x0000019A19F067F0&gt;</msg>
<status status="PASS" starttime="20201128 18:00:20.426" endtime="20201128 18:00:52.721"></status>
</kw>
<kw name="Connect And Reserve Ports" library="spirent1">
<msg timestamp="20201128 18:00:52.722" level="TRACE">Arguments: [  ]</msg>
<msg timestamp="20201128 18:01:09.719" level="INFO">reserved ports 10/1 : port1 : port_handle[0]

 reserved ports 10/2 : port2 : port_handle[1]
***** run sth.interface_config successfully
***** run sth.interface_config successfully</msg>
<msg timestamp="20201128 18:01:09.720" level="TRACE">Return: None</msg>
<status status="PASS" starttime="20201128 18:00:52.721" endtime="20201128 18:01:09.720"></status>
</kw>
<kw name="Get Device Info" library="CPE1">
<assign>
<var>${CPE1_dev_info_on_vd}</var>
</assign>
<msg timestamp="20201128 18:01:09.721" level="TRACE">Arguments: [  ]</msg>
<msg timestamp="20201128 18:01:09.722" level="DEBUG">Starting new HTTPS connection (1): 10.91.116.35:9182</msg>
<msg timestamp="20201128 18:01:10.371" level="DEBUG">https://10.91.116.35:9182 "GET /vnms/appliance/appliance?offset=0&amp;limit=1000 HTTP/1.1" 200 None</msg>
<msg timestamp="20201128 18:01:10.436" level="TRACE">Return: {'ipAddress': '20.20.73.12',
 'model': 'FWA-2320',
 'name': 'CPE12-MUM-SINGLE-CPE-MPLSONLY-IPC00073',
 'ownerOrg': 'IPC00073',
 'packageName': 'versa-flexvnf-20190628-153930-80561de-16.1R2S9-wsm',
 'ping_status': 'REACHABLE',
 'serialNo': 'CPE12nov271',
 'softwareVersion': '16.1-R2-S9 80561de 20190628',
 'sync_status': 'IN_SYNC',
 'type': 'branch',
 'uuid': '7670dada-46af-40cd-aa7f-de34cca7aee0'}</msg>
<msg timestamp="20201128 18:01:10.436" level="INFO">${CPE1_dev_info_on_vd} = {'name': 'CPE12-MUM-SINGLE-CPE-MPLSONLY-IPC00073', 'uuid': '7670dada-46af-40cd-aa7f-de34cca7aee0', 'ipAddress': '20.20.73.12', 'ownerOrg': 'IPC00073', 'type': 'branch', 'ping_status': 'REACHABLE', 'sy...</msg>
<status status="PASS" starttime="20201128 18:01:09.721" endtime="20201128 18:01:10.436"></status>
</kw>
<kw name="Get Data Dict" library="CPE1">
<assign>
<var>${CPE1}</var>
</assign>
<msg timestamp="20201128 18:01:10.436" level="TRACE">Arguments: [  ]</msg>
<msg timestamp="20201128 18:01:10.436" level="TRACE">Return: {'DEV_ONBAORD': True,
 'DEV_TEMPALTE_CREATION': True,
 'DEV_VRRP_LIB_CONFIG': False,
 'DG_CREATION': True,
 'Device_name': 'CPE12-MUM-SINGLE-CPE-MPLSONLY-IPC00073',
 'ESP_IP': '20.20.73.12',
 'LAN_INTF': 'vni-0/4',
 'LCC_dict': {'BLR': '91', 'LON': '44', 'MUM': '1091'},
 'LIB1': True,
 'MGMT_NW_SBNT': '10.91.140.0/22',
 'MIN_SW_VERSION': '16.1R2-S9',
 'NODE': 'MUM',
 'NO_OF_VRFS': 1,
 'ORG_ID': 73,
 'ORG_NAME': 'IPC00073',
 'POD': 2,
 'PST_CREATION': True,
 'RR_Clients': {'NV-WC01-N2-BLR': ['NV-WC01-N4-MUM', 'NV-WC01-N5-LON'],
                'NV-WC02-N4-MUM': ['NV-WC02-N2-BLR', 'NV-WC02-N5-LON']},
 'RR_SERVER': ['NV-WC01-N2-BLR', 'NV-WC02-N4-MUM'],
 'SOLUTIONS_list': ['SINGLE-CPE-HYBRID',
                    'SINGLE-CPE-INTERNET-ONLY',
                    'SINGLE-CPE-MPLS-ONLY',
                    'SINGLE-CPE-DUAL-INTERNET',
                    'DUAL-CPE-DUAL-MPLS',
                    'DUAL-CPE-HYBRID',
                    'DUAL-CPE-DUAL-INTERNET'],
 'STAGING_INTF': 'WAN1',
 'STAGING_SERVER': 'NV-WC01-N4-MUM',
 'STAGING_WAN': 'MPLS',
 'STAGING_WAN_DHCP': False,
 'START_LAN_IP_SUBNET': '192.169.111.0/24',
 'START_VLAN': 610,
 'Serial_Number': 'CPE12nov271',
 'Site_id': 4279,
 'Solution_type': 'SINGLE-CPE-MPLS-ONLY',
 'TRACK_MANAGEMENT_SUBNET': '10.91.113.58/32',
 'VNF_IPADDRESS': ['10.91.116.67/32', '10.91.116.68/32'],
 'VXLAN_IP': '10.10.73.12',
 'WAN1_INTF': 'vni-0/1',
 'WAN1_INTF_IP': '172.16.7.46/30',
 'WAN1_INTF_NEXTHOP': '172.16.7.45',
 'WAN1_IP_ALLOC': 'STATIC',
 'WAN2_INTF': 'vni-0/2',
 'WAN2_INTF_IP': '172.16.6.46/30',
 'WAN2_INTF_NEXTHOP': '172.16.6.45',
 'WAN2_IP_ALLOC': 'STATIC',
 'cnc': &lt;netmiko.versa.versa_ssh.VersaSSH object at 0x0000019A19EFAD30&gt;,
 'ctlr_dict': {'BLR': ['NV-WC01-N2-BLR', 'NV-WC02-N2-BLR'],
               'LON': ['NV-WC01-N5-LON', 'NV-WC02-N5-LON'],
               'MUM': ['NV-WC01-N4-MUM', 'NV-WC02-N4-MUM']},
 'ctlr_list': ['NV-WC01-N2-BLR', 'NV-WC02-N4-MUM'],
 'curr_file_dir': 'C:\\Softwares_mine\\Code_base\\NOVITAS_SDWAN_AUTOMATION_py3\\csit',
 'dev_dict': {'ipAddress': '20.20.73.12',
              'model': 'FWA-2320',
              'name': 'CPE12-MUM-SINGLE-CPE-MPLSONLY-IPC00073',
              'ownerOrg': 'IPC00073',
              'packageName': 'versa-flexvnf-20190628-153930-80561de-16.1R2S9-wsm',
              'ping_status': 'REACHABLE',
              'serialNo': 'CPE12nov271',
              'softwareVersion': '16.1-R2-S9 80561de 20190628',
              'sync_status': 'IN_SYNC',
              'type': 'branch',
              'uuid': '7670dada-46af-40cd-aa7f-de34cca7aee0'},
 'dev_present': 'true',
 'device_type': 'branch',
 'esp_tvi_interface': 147,
 'gw_dict': {'BLR': ['NV-GW01-N2-BLR', 'NV-GW02-N2-BLR'],
             'LON': ['NV-GW01-N5-LON', 'NV-GW02-N5-LON'],
             'MUM': ['NV-GW01-N4-MUM', 'NV-GW02-N4-MUM']},
 'gw_list': [],
 'lan': {1: {'bgp_instance_id': '3862',
             'eighth_host': '192.169.111.8',
             'eighth_host_ipv6': '2001:192:169:111::8',
             'fifth_host': '192.169.111.5',
             'fifth_host_ipv6': '2001:192:169:111::5',
             'first_host': '192.169.111.1',
             'first_host_ipv6': '2001:192:169:111::1',
             'fourth_host': '192.169.111.4',
             'fourth_host_ipv6': '2001:192:169:111::4',
             'ipv6_nw': '2001:192:169:111::',
             'ipv6_nw_with_prefixlen': '2001:192:169:111::/64',
             'ipv6_prefixlen': '64',
             'netmask': '255.255.255.0',
             'ninth_host': '192.169.111.9',
             'ninth_host_ipv6': '2001:192:169:111::9',
             'nw': CalcIPv4Network('192.169.111.0/24'),
             'nw_with_prefixlen': '192.169.111.0/24',
             'prefixlen': '24',
             'second_host': '192.169.111.2',
             'second_host_ipv6': '2001:192:169:111::2',
             'seventh_host': '192.169.111.7',
             'seventh_host_ipv6': '2001:192:169:111::7',
             'sixth_host': '192.169.111.6',
             'sixth_host_ipv6': '2001:192:169:111::6',
             'tenth_host': '192.169.111.10',
             'tenth_host_ipv6': '2001:192:169:111::10',
             'third_host': '192.169.111.3',
             'third_host_ipv6': '2001:192:169:111::3',
             'vlan': 610}},
 'lan_vlan': [610],
 'log_collector': 'LogCollectors',
 'logfile': 'C:\\Softwares_mine\\Code_base\\NOVITAS_SDWAN_AUTOMATION_py3\\csit/LOGS/2020_11_28_17_58_44_465097/MAIN.log',
 'main_logger': &lt;Logger CPE12-MUM-SINGLE-CPE-MPLSONLY-IPC00073 (DEBUG)&gt;,
 'mgmt_ip': '10.91.240.12',
 'nc': &lt;netmiko.versa.versa_ssh.VersaSSH object at 0x0000019A19EFAD30&gt;,
 'ndb': {},
 'password': 'versa123',
 'ptvi_intf_wc1': 'ptvi146',
 'ptvi_intf_wc2': 'ptvi147',
 'staging_servers_dict': {'BLR': ['NV-WC01-N2-BLR', 'NV-WC02-N2-BLR'],
                          'LON': ['NV-WC01-N5-LON', 'NV-WC02-N5-LON'],
                          'MUM': ['NV-WC01-N4-MUM', 'NV-WC02-N4-MUM']},
 'start_vrf_id': 850,
 'topofile': 'Devices.yml',
 'username': 'admin',
 'vddata_dict': {'GUIpassword': 'Auto@12345',
                 'GUIusername': 'Automated',
                 'MIN_SW_VERSION': None,
                 'device_type': 'versa_director',
                 'mgmt_ip': '10.91.116.35',
                 'password': 'Auto@12345',
                 'username': 'Automated'},
 'vdhead': 'https://10.91.116.35:9182',
 'vlans': [],
 'vxlan_tvi_interface': 146}</msg>
<msg timestamp="20201128 18:01:10.436" level="INFO">${CPE1} = {'ndb': {}, 'topofile': 'Devices.yml', 'Device_name': 'CPE12-MUM-SINGLE-CPE-MPLSONLY-IPC00073', 'POD': 2, 'Solution_type': 'SINGLE-CPE-MPLS-ONLY', 'Site_id': 4279, 'Serial_Number': 'CPE12nov271', 'MIN...</msg>
<status status="PASS" starttime="20201128 18:01:10.436" endtime="20201128 18:01:10.450"></status>
</kw>
<kw name="Get Data Dict" library="CPE2">
<assign>
<var>${CPE2}</var>
</assign>
<msg timestamp="20201128 18:01:10.451" level="TRACE">Arguments: [  ]</msg>
<msg timestamp="20201128 18:01:10.452" level="TRACE">Return: {'DEV_ONBAORD': True,
 'DEV_TEMPALTE_CREATION': True,
 'DEV_VRRP_LIB_CONFIG': False,
 'DG_CREATION': True,
 'Device_name': 'CPE26-MUM-SINGLE-CPE-HYBRID-IPC00073',
 'ESP_IP': '20.20.73.26',
 'LAN_INTF': 'vni-0/4',
 'LAN_IPV6_STATIC': True,
 'LCC_dict': {'BLR': '91', 'LON': '44', 'MUM': '1091'},
 'LIB1': True,
 'MGMT_NW_SBNT': '10.91.140.0/22',
 'MIN_SW_VERSION': '16.1R2-S9',
 'NODE': 'MUM',
 'NO_OF_VRFS': 1,
 'ORG_ID': 73,
 'ORG_NAME': 'IPC00073',
 'POD': 2,
 'PST_CREATION': True,
 'PS_TEMPLATE_NAME': 'IPC00073-MUM01-NEW-PS-HYBRID1234',
 'RR_Clients': {'NV-WC01-N2-BLR': ['NV-WC01-N4-MUM', 'NV-WC01-N5-LON'],
                'NV-WC02-N4-MUM': ['NV-WC02-N2-BLR', 'NV-WC02-N5-LON']},
 'RR_SERVER': ['NV-WC01-N2-BLR', 'NV-WC02-N4-MUM'],
 'SOLUTIONS_list': ['SINGLE-CPE-HYBRID',
                    'SINGLE-CPE-INTERNET-ONLY',
                    'SINGLE-CPE-MPLS-ONLY',
                    'SINGLE-CPE-DUAL-INTERNET',
                    'DUAL-CPE-DUAL-MPLS',
                    'DUAL-CPE-HYBRID',
                    'DUAL-CPE-DUAL-INTERNET'],
 'STAGING_INTF': 'WAN1',
 'STAGING_SERVER': 'NV-WC01-N4-MUM',
 'STAGING_WAN': 'MPLS',
 'STAGING_WAN_DHCP': False,
 'START_LAN_IP_SUBNET': '192.170.1.0/24',
 'START_VLAN': 750,
 'Serial_Number': 'CPE26Nov27',
 'Site_id': 4300,
 'Solution_type': 'SINGLE-CPE-HYBRID',
 'TRACK_MANAGEMENT_SUBNET': '10.91.113.58/32',
 'VNF_IPADDRESS': ['10.91.116.67/32', '10.91.116.68/32'],
 'VXLAN_IP': '10.10.73.26',
 'WAN1_INTF': 'vni-0/1',
 'WAN1_INTF_IP': '172.16.7.102/30',
 'WAN1_INTF_NEXTHOP': '172.16.7.101',
 'WAN1_IP_ALLOC': 'STATIC',
 'WAN2_INTF': 'vni-0/2',
 'WAN2_INTF_IP': '172.16.6.102/30',
 'WAN2_INTF_NEXTHOP': '172.16.6.101',
 'WAN2_IP_ALLOC': 'STATIC',
 'cnc': &lt;netmiko.versa.versa_ssh.VersaSSH object at 0x0000019A1A433D00&gt;,
 'ctlr_dict': {'BLR': ['NV-WC01-N2-BLR', 'NV-WC02-N2-BLR'],
               'LON': ['NV-WC01-N5-LON', 'NV-WC02-N5-LON'],
               'MUM': ['NV-WC01-N4-MUM', 'NV-WC02-N4-MUM']},
 'ctlr_list': ['NV-WC01-N2-BLR', 'NV-WC02-N4-MUM'],
 'curr_file_dir': 'C:\\Softwares_mine\\Code_base\\NOVITAS_SDWAN_AUTOMATION_py3\\csit',
 'device_type': 'branch',
 'esp_tvi_interface': 147,
 'gw_dict': {'BLR': ['NV-GW01-N2-BLR', 'NV-GW02-N2-BLR'],
             'LON': ['NV-GW01-N5-LON', 'NV-GW02-N5-LON'],
             'MUM': ['NV-GW01-N4-MUM', 'NV-GW02-N4-MUM']},
 'gw_list': [],
 'lan': {1: {'bgp_instance_id': '3862',
             'eighth_host': '192.170.1.8',
             'eighth_host_ipv6': '2001:192:170:1::8',
             'fifth_host': '192.170.1.5',
             'fifth_host_ipv6': '2001:192:170:1::5',
             'first_host': '192.170.1.1',
             'first_host_ipv6': '2001:192:170:1::1',
             'fourth_host': '192.170.1.4',
             'fourth_host_ipv6': '2001:192:170:1::4',
             'ipv6_nw': '2001:192:170:1::',
             'ipv6_nw_with_prefixlen': '2001:192:170:1::/64',
             'ipv6_prefixlen': '64',
             'netmask': '255.255.255.0',
             'ninth_host': '192.170.1.9',
             'ninth_host_ipv6': '2001:192:170:1::9',
             'nw': CalcIPv4Network('192.170.1.0/24'),
             'nw_with_prefixlen': '192.170.1.0/24',
             'prefixlen': '24',
[...]
Entering configuration mode private
[ok][2020-11-28 12:41:19]

[edit]
Automated@Versa-Dir-BLR-1% </msg>
<msg timestamp="20201128 18:11:18.652" level="DEBUG">Pattern found: % configure private
Entering configuration mode private
[ok][2020-11-28 12:41:19]

[edit]
Automated@Versa-Dir-BLR-1% </msg>
<msg timestamp="20201128 18:11:18.652" level="DEBUG">write_channel: b'\n'</msg>
<msg timestamp="20201128 18:11:18.767" level="DEBUG">read_channel: 

[edit]
Automated@Versa-Dir-BLR-1% </msg>
<msg timestamp="20201128 18:11:18.882" level="DEBUG">read_channel: </msg>
<msg timestamp="20201128 18:11:20.889" level="DEBUG">read_channel: </msg>
<msg timestamp="20201128 18:11:20.890" level="DEBUG">write_channel: b'move devices device CPE12-MUM-SINGLE-CPE-MPLSONLY-IPC00073 config orgs org-services IPC00073 class-of-service qos-policies Default-Policy rules LAN1-VRF-Premium first\ncommit\n'</msg>
<msg timestamp="20201128 18:11:21.055" level="DEBUG">read_channel: move devices device CPE12-MUM-SINGLE-CPE-MPLSONLY-IPC00073 config</msg>
<msg timestamp="20201128 18:11:21.184" level="DEBUG">read_channel:  orgs org-services</msg>
<msg timestamp="20201128 18:11:21.298" level="DEBUG">read_channel:  IPC00073 class-of-service</msg>
<msg timestamp="20201128 18:11:21.416" level="DEBUG">read_channel:  qos-policies</msg>
<msg timestamp="20201128 18:11:21.533" level="DEBUG">read_channel:  Default-Policy</msg>
<msg timestamp="20201128 18:11:21.649" level="DEBUG">read_channel:  rules</msg>
<msg timestamp="20201128 18:11:21.766" level="DEBUG">read_channel:  LAN1-VRF-Premium</msg>
<msg timestamp="20201128 18:11:21.883" level="DEBUG">read_channel:  first
</msg>
<msg timestamp="20201128 18:11:21.998" level="DEBUG">read_channel: [ok][2020-11-28 12:41:22]

[edit]
Automated@Versa-Dir-BLR-1% commit
No modifications to commit.
[ok][2020-11-28 12:41:22]

[edit]
Automated@Versa-Dir-BLR-1% </msg>
<msg timestamp="20201128 18:11:22.110" level="DEBUG">read_channel: </msg>
<msg timestamp="20201128 18:11:24.115" level="DEBUG">read_channel: </msg>
<msg timestamp="20201128 18:11:24.116" level="DEBUG">write_channel: b'\n'</msg>
<msg timestamp="20201128 18:11:24.232" level="DEBUG">read_channel: 

[edit]
Automated@Versa-Dir-BLR-1% </msg>
<msg timestamp="20201128 18:11:24.349" level="DEBUG">read_channel: </msg>
<msg timestamp="20201128 18:11:26.364" level="DEBUG">read_channel: </msg>
<msg timestamp="20201128 18:11:26.482" level="DEBUG">read_channel: </msg>
<msg timestamp="20201128 18:11:26.483" level="DEBUG">write_channel: b'exit configuration-mode\n'</msg>
<msg timestamp="20201128 18:11:26.484" level="DEBUG">send_command_timing current output: </msg>
<msg timestamp="20201128 18:11:26.598" level="DEBUG">read_channel: exit configuration-mode
[ok][2020-11-28 12:41:27]
Automated@Versa-Dir-BLR-1&gt; </msg>
<msg timestamp="20201128 18:11:26.699" level="DEBUG">read_channel: </msg>
<msg timestamp="20201128 18:11:28.715" level="DEBUG">read_channel: </msg>
<msg timestamp="20201128 18:11:28.716" level="DEBUG">send_command_timing final output: exit configuration-mode
[ok][2020-11-28 12:41:27]
Automated@Versa-Dir-BLR-1&gt; </msg>
<msg timestamp="20201128 18:11:28.717" level="DEBUG">write_channel: b'\n'</msg>
<msg timestamp="20201128 18:11:28.823" level="DEBUG">read_channel: 
Automated@Versa-Dir-BLR-1&gt; </msg>
<msg timestamp="20201128 18:11:28.931" level="DEBUG">read_channel: </msg>
<msg timestamp="20201128 18:11:30.948" level="DEBUG">read_channel: </msg>
<msg timestamp="20201128 18:11:30.949" level="DEBUG">configure private
Entering configuration mode private
[ok][2020-11-28 12:41:19]

[edit]
Automated@Versa-Dir-BLR-1% move devices device CPE12-MUM-SINGLE-CPE-MPLSONLY-IPC00073 config orgs org-services IPC00073 class-of-service qos-policies Default-Policy rules LAN1-VRF-Premium first
[ok][2020-11-28 12:41:22]

[edit]
Automated@Versa-Dir-BLR-1% commit
No modifications to commit.
[ok][2020-11-28 12:41:22]

[edit]
Automated@Versa-Dir-BLR-1% exit configuration-mode
[ok][2020-11-28 12:41:27]
Automated@Versa-Dir-BLR-1&gt; </msg>
<msg timestamp="20201128 18:11:30.949" level="INFO">configure private
Entering configuration mode private
[ok][2020-11-28 12:41:19]

[edit]
Automated@Versa-Dir-BLR-1% move devices device CPE12-MUM-SINGLE-CPE-MPLSONLY-IPC00073 config orgs org-services IPC00073 class-of-service qos-policies Default-Policy rules LAN1-VRF-Premium first
[ok][2020-11-28 12:41:22]

[edit]
Automated@Versa-Dir-BLR-1% commit
No modifications to commit.
[ok][2020-11-28 12:41:22]

[edit]
Automated@Versa-Dir-BLR-1% exit configuration-mode
[ok][2020-11-28 12:41:27]
Automated@Versa-Dir-BLR-1&gt;</msg>
<msg timestamp="20201128 18:11:30.949" level="TRACE">Return: 'No modifications to commit.'</msg>
<status status="PASS" starttime="20201128 18:11:16.287" endtime="20201128 18:11:30.950"></status>
</kw>
<doc>Destination IP address Based QOS</doc>
<tags>
<tag>QOS</tag>
</tags>
<status status="PASS" starttime="20201128 18:09:34.937" endtime="20201128 18:11:30.971" critical="yes"></status>
</test>
<kw name="CLEANUP" type="teardown">
<msg timestamp="20201128 18:11:30.975" level="TRACE">Arguments: [  ]</msg>
<kw name="Log To Console" library="BuiltIn">
<doc>Logs the given message to the console.</doc>
<arguments>
<arg>"cleanup done"</arg>
</arguments>
<msg timestamp="20201128 18:11:30.975" level="TRACE">Arguments: [ '"cleanup done"' ]</msg>
<msg timestamp="20201128 18:11:30.975" level="TRACE">Return: None</msg>
<status status="PASS" starttime="20201128 18:11:30.975" endtime="20201128 18:11:30.975"></status>
</kw>
<kw name="Delete Service Object" library="CPE1">
<arguments>
<arg>${serviceobj_1}</arg>
</arguments>
<msg timestamp="20201128 18:11:30.983" level="TRACE">Arguments: [ 'src_port_2000' ]</msg>
<msg timestamp="20201128 18:11:30.983" level="INFO">
DELETE Service Object
</msg>
<msg timestamp="20201128 18:11:30.983" level="DEBUG">Starting new HTTPS connection (1): 10.91.116.35:9182</msg>
<msg timestamp="20201128 18:11:37.273" level="DEBUG">https://10.91.116.35:9182 "DELETE /api/config/devices/device/CPE12-MUM-SINGLE-CPE-MPLSONLY-IPC00073/config/orgs/org-services/IPC00073/objects/services/service/src_port_2000 HTTP/1.1" 204 0</msg>
<msg timestamp="20201128 18:11:37.277" level="INFO">
PASS</msg>
<msg timestamp="20201128 18:11:37.277" level="INFO">&gt;&gt;&gt;&gt;&gt;&gt;&gt;&gt;&gt;&gt; ADDRESS OBJECT DELETION PASSED. &lt;&lt;&lt;&lt;&lt;&lt;&lt;&lt;&lt;&lt;&lt;</msg>
<msg timestamp="20201128 18:11:37.277" level="INFO">&lt;Response [204]&gt;</msg>
<msg timestamp="20201128 18:11:37.277" level="TRACE">Return: 'PASS'</msg>
<status status="PASS" starttime="20201128 18:11:30.980" endtime="20201128 18:11:37.279"></status>
</kw>
<kw name="Delete Address Object" library="CPE1">
<arguments>
<arg>${ipaddobj_1}</arg>
</arguments>
<msg timestamp="20201128 18:11:37.281" level="TRACE">Arguments: [ 'src_ip_add_obj11' ]</msg>
<msg timestamp="20201128 18:11:37.282" level="INFO">
DELETE IPaddress Object
</msg>
<msg timestamp="20201128 18:11:37.284" level="DEBUG">Starting new HTTPS connection (1): 10.91.116.35:9182</msg>
<msg timestamp="20201128 18:11:43.621" level="DEBUG">https://10.91.116.35:9182 "DELETE /api/config/devices/device/CPE12-MUM-SINGLE-CPE-MPLSONLY-IPC00073/config/orgs/org-services/IPC00073/objects/addresses/address/src_ip_add_obj11 HTTP/1.1" 204 0</msg>
<msg timestamp="20201128 18:11:43.626" level="INFO">
PASS</msg>
<msg timestamp="20201128 18:11:43.628" level="INFO">&gt;&gt;&gt;&gt;&gt;&gt;&gt;&gt;&gt;&gt; ADDRESS OBJECT DELETION PASSED. &lt;&lt;&lt;&lt;&lt;&lt;&lt;&lt;&lt;&lt;&lt;</msg>
<msg timestamp="20201128 18:11:43.628" level="INFO">&lt;Response [204]&gt;</msg>
<msg timestamp="20201128 18:11:43.629" level="TRACE">Return: 'PASS'</msg>
<status status="PASS" starttime="20201128 18:11:37.280" endtime="20201128 18:11:43.629"></status>
</kw>
<kw name="Delete Address Object" library="CPE1">
<arguments>
<arg>${ipaddobj_2}</arg>
</arguments>
<msg timestamp="20201128 18:11:43.631" level="TRACE">Arguments: [ 'dst_ip_add_obj11' ]</msg>
<msg timestamp="20201128 18:11:43.631" level="INFO">
DELETE IPaddress Object
</msg>
<msg timestamp="20201128 18:11:43.637" level="DEBUG">Starting new HTTPS connection (1): 10.91.116.35:9182</msg>
<msg timestamp="20201128 18:11:49.663" level="DEBUG">https://10.91.116.35:9182 "DELETE /api/config/devices/device/CPE12-MUM-SINGLE-CPE-MPLSONLY-IPC00073/config/orgs/org-services/IPC00073/objects/addresses/address/dst_ip_add_obj11 HTTP/1.1" 204 0</msg>
<msg timestamp="20201128 18:11:49.668" level="INFO">
PASS</msg>
<msg timestamp="20201128 18:11:49.668" level="INFO">&gt;&gt;&gt;&gt;&gt;&gt;&gt;&gt;&gt;&gt; ADDRESS OBJECT DELETION PASSED. &lt;&lt;&lt;&lt;&lt;&lt;&lt;&lt;&lt;&lt;&lt;</msg>
<msg timestamp="20201128 18:11:49.668" level="INFO">&lt;Response [204]&gt;</msg>
<msg timestamp="20201128 18:11:49.668" level="TRACE">Return: 'PASS'</msg>
<status status="PASS" starttime="20201128 18:11:43.630" endtime="20201128 18:11:49.668"></status>
</kw>
<kw name="Release Ports" library="spirent1">
<msg timestamp="20201128 18:11:49.671" level="TRACE">Arguments: [  ]</msg>
<msg timestamp="20201128 18:11:51.831" level="INFO">Release resources
***** run sth.interface_config_delete successfully
***** run sth.interface_config_delete successfully
***** run sth.cleanup_session successfully</msg>
<msg timestamp="20201128 18:11:51.832" level="TRACE">Return: None</msg>
<status status="PASS" starttime="20201128 18:11:49.671" endtime="20201128 18:11:51.832"></status>
</kw>
<kw name="${i} IN RANGE [ 1 | ${VM1['NO_OF_VRFS']} + 1 ]" type="for">
<kw name="${i} = 1" type="foritem">
<kw name="Set Variable" library="BuiltIn">
<doc>Returns the given values which can then be assigned to a variables.</doc>
<arguments>
<arg>${VM1['lan'][${i}]['first_host']}</arg>
</arguments>
<assign>
<var>${gw}</var>
</assign>
<msg timestamp="20201128 18:11:51.836" level="TRACE">Arguments: [ '192.169.111.1' ]</msg>
<msg timestamp="20201128 18:11:51.836" level="TRACE">Return: '192.169.111.1'</msg>
<msg timestamp="20201128 18:11:51.836" level="INFO">${gw} = 192.169.111.1</msg>
<status status="PASS" starttime="20201128 18:11:51.835" endtime="20201128 18:11:51.836"></status>
</kw>
<kw name="Set Variable" library="BuiltIn">
<doc>Returns the given values which can then be assigned to a variables.</doc>
<arguments>
<arg>${VM1['lan'][${i}]['vlan']}</arg>
</arguments>
<assign>
<var>${vlan}</var>
</assign>
<msg timestamp="20201128 18:11:51.837" level="TRACE">Arguments: [ 610 ]</msg>
<msg timestamp="20201128 18:11:51.838" level="TRACE">Return: 610</msg>
<msg timestamp="20201128 18:11:51.839" level="INFO">${vlan} = 610</msg>
<status status="PASS" starttime="20201128 18:11:51.836" endtime="20201128 18:11:51.839"></status>
</kw>
<kw name="Set Variable" library="BuiltIn">
<doc>Returns the given values which can then be assigned to a variables.</doc>
<arguments>
<arg>${VM2['lan'][${i}]['nw']}</arg>
</arguments>
<assign>
<var>${destination_nw}</var>
</assign>
<msg timestamp="20201128 18:11:51.840" level="TRACE">Arguments: [ CalcIPv4Network('192.170.1.0/24') ]</msg>
<msg timestamp="20201128 18:11:51.840" level="TRACE">Return: CalcIPv4Network('192.170.1.0/24')</msg>
<msg timestamp="20201128 18:11:51.840" level="INFO">${destination_nw} = 192.170.1.0/24</msg>
<status status="PASS" starttime="20201128 18:11:51.839" endtime="20201128 18:11:51.840"></status>
</kw>
<kw name="Send Commands And Expect" library="VM1">
<arguments>
<arg>sudo ip route del ${destination_nw} via ${gw} dev ${VM1['LAN_INTF']}.${vlan}</arg>
</arguments>
<msg timestamp="20201128 18:11:51.840" level="TRACE">Arguments: [ 'sudo ip route del 192.170.1.0/24 via 192.169.111.1 dev ens33.610' ]</msg>
<msg timestamp="20201128 18:11:52.145" level="DEBUG">read_channel: </msg>
<msg timestamp="20201128 18:11:52.146" level="DEBUG">write_channel: b'sudo ip route del 192.170.1.0/24 via 192.169.111.1 dev ens33.610\n'</msg>
<msg timestamp="20201128 18:11:52.147" level="DEBUG">Pattern is: sudo\ ip\ route\ del\ 192\.170\.1\.0/24\ via\ 192\.169\.111\.1\ dev\ ens33\.610</msg>
<msg timestamp="20201128 18:11:52.163" level="DEBUG">_read_channel_expect read_data: sudo ip route del 192.170.1.0/24 via 192.169.111.1 dev ens33.610
</msg>
<msg timestamp="20201128 18:11:52.164" level="DEBUG">Pattern found: sudo\ ip\ route\ del\ 192\.170\.1\.0/24\ via\ 192\.169\.111\.1\ dev\ ens33\.610 sudo ip route del 192.170.1.0/24 via 192.169.111.1 dev ens33.610
</msg>
<msg timestamp="20201128 18:11:52.368" level="DEBUG">read_channel: root@CPE12-VM1:~# </msg>
<msg timestamp="20201128 18:11:52.368" level="TRACE">Return: 'sudo ip route del 192.170.1.0/24 via 192.169.111.1 dev ens33.610\nroot@CPE12-VM1:~# '</msg>
<status status="PASS" starttime="20201128 18:11:51.840" endtime="20201128 18:11:52.368"></status>
</kw>
<status status="PASS" starttime="20201128 18:11:51.834" endtime="20201128 18:11:52.369"></status>
</kw>
<status status="PASS" starttime="20201128 18:11:51.832" endtime="20201128 18:11:52.369"></status>
</kw>
<kw name="${i} IN RANGE [ 1 | ${VM2['NO_OF_VRFS']} + 1 ]" type="for">
<kw name="${i} = 1" type="foritem">
<kw name="Set Variable" library="BuiltIn">
<doc>Returns the given values which can then be assigned to a variables.</doc>
<arguments>
<arg>${VM2['lan'][${i}]['first_host']}</arg>
</arguments>
<assign>
<var>${gw}</var>
</assign>
<msg timestamp="20201128 18:11:52.370" level="TRACE">Arguments: [ '192.170.1.1' ]</msg>
<msg timestamp="20201128 18:11:52.370" level="TRACE">Return: '192.170.1.1'</msg>
<msg timestamp="20201128 18:11:52.370" level="INFO">${gw} = 192.170.1.1</msg>
<status status="PASS" starttime="20201128 18:11:52.370" endtime="20201128 18:11:52.370"></status>
</kw>
<kw name="Set Variable" library="BuiltIn">
<doc>Returns the given values which can then be assigned to a variables.</doc>
<arguments>
<arg>${VM2['lan'][${i}]['vlan']}</arg>
</arguments>
<assign>
<var>${vlan}</var>
</assign>
<msg timestamp="20201128 18:11:52.370" level="TRACE">Arguments: [ 750 ]</msg>
<msg timestamp="20201128 18:11:52.370" level="TRACE">Return: 750</msg>
<msg timestamp="20201128 18:11:52.370" level="INFO">${vlan} = 750</msg>
<status status="PASS" starttime="20201128 18:11:52.370" endtime="20201128 18:11:52.370"></status>
</kw>
<kw name="Set Variable" library="BuiltIn">
<doc>Returns the given values which can then be assigned to a variables.</doc>
<arguments>
<arg>${VM1['lan'][${i}]['nw']}</arg>
</arguments>
<assign>
<var>${destination_nw}</var>
</assign>
<msg timestamp="20201128 18:11:52.370" level="TRACE">Arguments: [ CalcIPv4Network('192.169.111.0/24') ]</msg>
<msg timestamp="20201128 18:11:52.370" level="TRACE">Return: CalcIPv4Network('192.169.111.0/24')</msg>
<msg timestamp="20201128 18:11:52.370" level="INFO">${destination_nw} = 192.169.111.0/24</msg>
<status status="PASS" starttime="20201128 18:11:52.370" endtime="20201128 18:11:52.378"></status>
</kw>
<kw name="Send Commands And Expect" library="VM2">
<arguments>
<arg>sudo ip route del ${destination_nw} via ${gw} dev ${VM2['LAN_INTF']}.${vlan}</arg>
</arguments>
<msg timestamp="20201128 18:11:52.380" level="TRACE">Arguments: [ 'sudo ip route del 192.169.111.0/24 via 192.170.1.1 dev ens34.750' ]</msg>
<msg timestamp="20201128 18:11:52.713" level="DEBUG">read_channel: -----------------------------------------------------------
Server listening on 5201
-----------------------------------------------------------
Accepted connection from 192.169.111.2, port 45812
[  5] local 192.170.1.2 port 5201 connected to 192.169.111.2 port 45814
[ ID] Interval           Transfer     Bandwidth
[  5]   0.00-1.00   sec  28.3 MBytes   238 Mbits/sec                  
[  5]   1.00-2.00   sec  31.2 MBytes   261 Mbits/sec                  
[  5]   2.00-3.00   sec  31.2 MBytes   262 Mbits/sec                  
[  5]   3.00-4.00   sec  31.2 MBytes   262 Mbits/sec                  
[  5]   4.00-5.00   sec  31.1 MBytes   261 Mbits/sec                  
[  5]   5.00-6.00   sec  31.2 MBytes   262 Mbits/sec                  
[  5]   6.00-7.00   sec  31.1 MBytes   261 Mbits/sec                  
[  5]   7.00-8.00   sec  31.1 MBytes   261 Mbits/sec                  
[  5]   8.00-9.00   sec  31.1 MBytes   261 Mbits/sec                  
[  5]   9.00-10.00  sec  31.1 MBytes   261 Mbits/sec                  
[  5]  10.00-10.03  sec  1.02 MBytes   253 Mbits/sec                  
- - - - - - - - - - - - - - - - - - - - - - - - -
[ ID] Interval           Transfer     Bandwidth       Retr
[  5]   0.00-10.03  sec   312 MBytes   261 Mbits/sec    7             sender
[  5]   0.00-10.03  sec   310 MBytes   259 Mbits/sec                  receiver
-----------------------------------------------------------
Server listening on 5201
-----------------------------------------------------------
</msg>
<msg timestamp="20201128 18:11:52.714" level="DEBUG">Clear buffer detects data in the channel</msg>
<msg timestamp="20201128 18:11:52.930" level="DEBUG">read_channel: </msg>
<msg timestamp="20201128 18:11:52.931" level="DEBUG">write_channel: b'sudo ip route del 192.169.111.0/24 via 192.170.1.1 dev ens34.750\n'</msg>
<msg timestamp="20201128 18:11:52.932" level="DEBUG">Pattern is: sudo\ ip\ route\ del\ 192\.169\.111\.0/24\ via\ 192\.170\.1\.1\ dev\ ens34\.750</msg>
<msg timestamp="20201128 18:11:52.946" level="DEBUG">_read_channel_expect read_data: sudo ip route del 192.169.111.0/24 via 192.170.1.1 dev ens34.750
</msg>
<msg timestamp="20201128 18:11:52.947" level="DEBUG">Pattern found: sudo\ ip\ route\ del\ 192\.169\.111\.0/24\ via\ 192\.170\.1\.1\ dev\ ens34\.750 sudo ip route del 192.169.111.0/24 via 192.170.1.1 dev ens34.750
</msg>
<msg timestamp="20201128 18:11:53.152" level="DEBUG">read_channel: root@ubuntu:~# </msg>
<msg timestamp="20201128 18:11:53.152" level="TRACE">Return: 'sudo ip route del 192.169.111.0/24 via 192.170.1.1 dev ens34.750\nroot@ubuntu:~# '</msg>
<status status="PASS" starttime="20201128 18:11:52.379" endtime="20201128 18:11:53.152"></status>
</kw>
<status status="PASS" starttime="20201128 18:11:52.370" endtime="20201128 18:11:53.152"></status>
</kw>
<status status="PASS" starttime="20201128 18:11:52.369" endtime="20201128 18:11:53.152"></status>
</kw>
<msg timestamp="20201128 18:11:53.152" level="TRACE">Return: None</msg>
<status status="PASS" starttime="20201128 18:11:30.975" endtime="20201128 18:11:53.152"></status>
</kw>
<doc>A test suite with tests for SDWAN SINGLE CPE MPLS only Solution.
Topology:-
____________________________
| VersaDirector |
|___________________________|
|
|
|
_____________|_______________
| WanCtrller1 |
|____________________________|
| |
| |
| |
INTERNET/MPLS
| |
| |___
______|__ ___|___
| | | |
LAN1--+ CPE1 | | CPE2 +--LAN1
|________| |_______|


Testplan Goals:-
1. CHECK WAN INTERFACES STATUS.
2. CHECK BGP NEIGHBOR STATUS.
3. CHECK LAN ROUTE.
4. Ping Test.
5. IPERF Test.
6. Traffic steering Test.
7. QOS Test.</doc>
<metadata>
<item name="Version">1.0
More Info For more information about Robot Framework see http://robotframework.org
Author Sathishkumar murugesan
Date 12 Dec 2017
Executed At HOST
Test Framework Robot Framework Python</item>
</metadata>
<status status="FAIL" starttime="20201128 17:58:43.439" endtime="20201128 18:11:53.152"></status>
</suite>
<statistics>
<total>
<stat pass="6" fail="1">Critical Tests</stat>
<stat pass="6" fail="1">All Tests</stat>
</total>
<tag>
<stat pass="1" fail="0">IPERF</stat>
<stat pass="1" fail="1">PING</stat>
<stat pass="3" fail="0">QOS</stat>
<stat pass="3" fail="1">SANITY1</stat>
</tag>
<suite>
<stat pass="6" fail="1" id="s1" name="SINGLE CPE MPLS ONLY SOLUTION TEST">SINGLE CPE MPLS ONLY SOLUTION TEST</stat>
</suite>
</statistics>
<errors>
</errors>
</robot>
